"Cow"
40
200,250,10
0,0,0
0,0,0
1819,3620
5.397970,1.174240,0.346802
5.379460,1.045820,0.349748
5.388450,1.119420,0.351883
5.388450,1.119420,-0.351883
5.470770,1.009570,-0.355371
5.379460,1.045820,-0.349748
-1.996120,1.387890,1.064100
-1.417600,1.676180,0.529265
-1.929730,1.617190,0.806390
2.835440,-0.231101,0.577890
2.825540,-0.567578,0.552597
3.166160,0.021310,0.457261
5.158320,1.236770,0.418043
4.743250,1.059210,0.563421
4.971390,2.146690,0.224781
4.989100,2.090020,0.000000
4.912330,2.162640,0.000000
4.635000,2.369120,0.140117
4.747770,2.300300,0.000000
4.452380,2.524560,0.130255
4.528480,2.467170,0.000000
4.454950,2.523310,0.000000
3.828000,2.352540,0.233341
3.758210,2.206680,0.323051
3.870550,2.292110,0.368964
4.150300,1.820570,0.917046
4.281290,2.055750,0.787000
4.153170,2.084820,0.799668
4.131950,2.050760,0.921856
4.354410,2.102980,0.802580
4.245220,2.008530,0.772641
4.094110,1.889280,0.578435
4.304560,1.906540,0.572242
4.267320,2.121990,0.614940
4.245860,2.375090,1.141310
4.211810,2.282490,1.039140
4.303190,2.347120,1.044410
4.170470,2.458440,1.241850
4.194230,2.408330,1.008470
4.097360,2.366600,1.239990
3.990740,2.205450,0.710795
4.172140,2.303390,0.778972
4.146070,2.278100,0.707372
4.215420,2.350480,0.885764
4.212060,2.279450,0.625927
3.922440,1.972460,0.483563
3.823350,2.141730,0.428356
4.088360,2.510910,0.453793
4.043800,2.386520,0.400392
4.078510,2.411810,0.472193
4.429890,2.495760,0.306894
4.577570,2.389530,0.256196
4.440140,2.510530,0.269164
4.203320,2.589190,0.219164
4.728810,0.878731,0.405801
4.297890,0.911506,0.447987
4.712070,0.770512,0.333393
4.333500,0.951176,0.481517
4.567900,1.149800,0.642484
5.264430,0.855571,0.181694
4.920850,0.812339,0.000000
5.112560,0.840686,0.000000
5.213430,0.856784,0.000000
5.598280,1.094740,0.386994
5.580800,1.174130,0.351054
5.223190,1.371490,0.388069
5.216850,1.636640,0.279797
5.233180,1.442460,0.362988
5.321140,1.795560,0.119606
5.218820,1.803550,0.199306
5.588760,1.573850,0.000000
5.604890,1.546090,0.113773
4.715650,1.502190,0.584339
4.927280,1.486950,0.526327
4.798410,1.473150,0.570618
4.636580,2.263380,0.471997
4.389480,2.190420,0.473320
4.561300,2.133070,0.547248
5.133170,1.715560,0.334258
4.862640,1.684140,0.570155
4.788480,2.028050,0.608619
4.697610,1.768060,0.576663
4.760920,1.881360,0.613120
4.963550,1.783160,0.553515
5.011430,1.875570,0.463205
4.983030,1.806340,0.505779
-3.536650,0.442277,0.322000
-3.458250,-0.125950,0.731712
-3.520190,0.140164,0.618561
-3.570380,0.385564,0.524480
-3.504520,0.405574,0.847066
-3.631290,0.701013,0.420276
-3.639880,1.015190,0.615203
-3.664360,0.932851,0.370749
-3.672430,1.044220,0.364991
-3.684620,1.350690,0.501428
-3.695870,1.156980,0.316829
-3.442150,1.105490,0.762934
-3.085650,1.657340,0.784479
-3.513000,1.448050,0.611386
-3.527170,1.583510,0.512679
-3.358510,1.810250,0.380095
-3.519720,1.685230,0.317130
-3.028930,1.461520,0.941324
-2.717480,1.576800,0.875971
-3.077670,1.871110,0.217368
-2.697370,1.871290,0.218796
-2.672900,1.905110,0.067168
-3.053100,1.968810,0.051104
-2.100170,1.789980,0.229245
-2.079600,1.817790,0.138375
-1.683860,1.789040,0.121501
-1.465430,1.655340,0.722125
-1.338490,1.613730,0.725441
-1.292760,1.656510,0.514030
-0.247999,1.565150,0.389142
0.223642,1.684070,0.160743
-0.221516,1.686350,0.151403
1.373220,-0.564620,1.106250
0.943855,-0.101127,1.274770
0.974530,-0.525273,1.140350
1.192040,-1.330610,0.678707
0.930660,-1.216520,0.831196
0.922703,-1.296030,0.728307
-1.017770,1.607820,0.541965
0.237330,1.595750,0.288672
0.737904,1.604210,0.281713
2.452590,-0.244072,1.138800
2.136270,-0.187666,1.278060
2.439830,-0.395385,1.131320
2.495350,0.250522,1.132080
2.594500,-0.422948,0.981263
2.607430,-0.208248,0.974218
2.668940,0.206182,1.014370
2.266000,1.273250,0.663332
2.482920,0.997637,0.702425
2.396350,1.242240,0.597722
2.604220,0.728827,0.769671
2.753160,0.400829,0.713141
2.679450,0.687427,0.720573
2.690580,-0.368057,0.819343
3.479420,1.978250,0.317478
3.252220,2.026350,0.148215
3.276330,1.863770,0.294266
2.790680,0.219187,0.718263
3.061090,0.397226,0.574193
2.948390,0.783357,0.515058
2.183000,1.654070,0.341767
2.775680,1.538710,0.352829
2.738130,1.687330,0.295046
3.458300,2.151660,0.102662
3.814880,1.968420,0.443000
4.068250,0.798926,0.400813
3.700360,0.265794,0.240762
4.120840,0.627141,0.185461
3.674710,0.338839,0.307840
3.641200,0.407454,0.362198
2.723500,1.898840,0.000000
3.233970,2.059190,0.072431
3.009100,1.971600,0.034220
-1.266740,-1.691940,0.557922
-1.386500,-1.718440,0.350823
-1.305100,-1.708460,0.484230
-0.972089,-1.774510,0.768570
-0.812845,-1.785420,0.768511
-0.972514,-1.822780,0.372649
-0.523838,-1.850060,0.388007
-0.422877,-1.751200,0.823423
2.243490,-1.584780,0.431143
2.545260,-1.593300,0.386310
2.396610,-1.593240,0.389972
2.249660,-1.492700,0.531270
2.515310,-1.507060,0.483275
2.422300,-1.510920,0.494169
2.534230,-1.617080,0.000000
2.457060,-1.400960,0.539866
2.486530,-1.274970,0.627822
2.637660,-0.768176,0.637039
2.520420,-0.954785,0.739445
-1.929730,1.617190,-0.806390
-1.582190,1.567540,-0.982349
-1.996120,1.387890,-1.064100
3.166160,0.021310,-0.457261
2.736200,-0.346225,-0.659345
2.835440,-0.231101,-0.577890
4.743250,1.059210,-0.563421
5.072160,2.043630,-0.209228
4.971390,2.146690,-0.224781
4.739440,2.299170,-0.369987
4.635000,2.369120,-0.140117
4.577570,2.389530,-0.256196
4.452380,2.524560,-0.130255
3.870550,2.292110,-0.368964
3.727090,2.308410,-0.150049
3.828000,2.352540,-0.233341
4.131950,2.050760,-0.921856
4.245220,2.008530,-0.772641
4.094110,1.889280,-0.578435
4.150300,1.820570,-0.917046
4.304560,1.906540,-0.572242
4.281290,2.055750,-0.787000
4.354940,2.064160,-0.778851
4.354410,2.102980,-0.802580
4.432610,1.878870,-0.577888
4.303190,2.347120,-1.044410
4.218460,2.356830,-1.142440
4.245860,2.375090,-1.141310
4.097360,2.366600,-1.239990
4.228520,2.435030,-1.098570
4.170470,2.458440,-1.241850
4.146070,2.278100,-0.707372
4.059710,2.194910,-0.888152
3.990740,2.205450,-0.710795
4.172140,2.303390,-0.778972
4.229330,2.274520,-0.672749
4.273000,2.310530,-0.762172
4.215420,2.350480,-0.885764
3.823350,2.141730,-0.428356
3.966640,1.969280,-0.549291
3.922440,1.972460,-0.483563
4.078510,2.411810,-0.472193
4.055260,2.505280,-0.297282
4.088360,2.510910,-0.453793
4.410840,2.500170,-0.351972
4.440140,2.510530,-0.269164
4.429890,2.495760,-0.306894
4.209940,2.600610,-0.337597
4.203320,2.589190,-0.219164
4.712070,0.770512,-0.333393
4.416470,0.921264,-0.458839
4.728810,0.878731,-0.405801
4.567900,1.149800,-0.642484
4.333500,0.951176,-0.481517
4.655450,0.758022,0.000000
5.264430,0.855571,-0.181694
5.299000,0.908991,-0.260177
5.598280,1.094740,-0.386994
5.580220,1.047470,-0.372696
5.233180,1.442460,-0.362988
5.425780,1.264370,-0.329687
5.223190,1.371490,-0.388069
5.218820,1.803550,-0.199306
5.528190,1.440180,-0.250666
5.216850,1.636640,-0.279797
5.604890,1.546090,-0.113773
5.424280,1.721150,0.000000
4.798410,1.473150,-0.570618
4.761600,1.363010,-0.571370
4.715650,1.502190,-0.584339
4.561300,2.133070,-0.547248
4.472350,2.325130,-0.443764
4.636580,2.263380,-0.471997
4.982820,1.503070,-0.507606
5.133170,1.715560,-0.334258
4.927280,1.486950,-0.526327
4.752340,1.723390,-0.591296
4.862640,1.684140,-0.570155
4.760920,1.881360,-0.613120
4.751520,2.039660,-0.634134
4.788480,2.028050,-0.608619
4.983030,1.806340,-0.505779
4.936070,1.737670,-0.557276
4.963550,1.783160,-0.553515
-3.570380,0.385564,-0.524480
-3.470780,-0.078218,-0.546398
-3.516840,0.149002,-0.430359
-3.536650,0.442277,-0.322000
-3.458250,-0.125950,-0.731712
-3.520190,0.140164,-0.618561
-3.664360,0.932851,-0.370749
-3.631290,0.701013,-0.420276
-3.695870,1.156980,-0.316829
-3.672430,1.044220,-0.364991
-3.513000,1.448050,-0.611386
-2.930310,1.103580,-1.125880
-3.442150,1.105490,-0.762934
-3.519720,1.685230,-0.317130
-3.109050,1.789480,-0.565323
-3.527170,1.583510,-0.512679
-3.085650,1.657340,-0.784479
-3.028930,1.461520,-0.941324
-3.053100,1.968810,-0.051104
-2.703110,1.825440,-0.395127
-3.075310,1.846000,-0.363149
-3.077670,1.871110,-0.217368
-2.672900,1.905110,-0.067168
-2.137520,1.753180,-0.433142
-2.697370,1.871290,-0.218796
-2.079600,1.817790,-0.138375
-2.100170,1.789980,-0.229245
-1.417600,1.676180,-0.529265
-1.403850,1.533060,-0.902827
-1.465430,1.655340,-0.722125
-0.221516,1.686350,-0.151403
0.289039,1.496450,-0.430055
-0.247999,1.565150,-0.389142
0.974530,-0.525273,-1.140350
1.678620,-0.410061,-1.291180
1.373220,-0.564620,-1.106250
0.922703,-1.296030,-0.728307
1.252960,-0.928825,-1.001640
1.192040,-1.330610,-0.678707
-1.292760,1.656510,-0.514030
-1.338490,1.613730,-0.725441
0.223642,1.684070,-0.160743
0.237330,1.595750,-0.288672
2.439830,-0.395385,-1.131320
2.495350,0.250522,-1.132080
2.452590,-0.244072,-1.138800
2.668940,0.206182,-1.014370
2.396350,1.242240,-0.597722
2.399390,0.782091,-0.915279
2.266000,1.273250,-0.663332
2.679450,0.687427,-0.720573
2.731510,0.219003,-0.891585
2.604220,0.728827,-0.769671
2.594500,-0.422948,-0.981263
2.690580,-0.368057,-0.819343
3.276330,1.863770,-0.294266
3.458300,2.151660,-0.102662
3.479420,1.978250,-0.317478
3.061090,0.397226,-0.574193
2.790680,0.219187,-0.718263
2.948390,0.783357,-0.515058
2.753160,0.400829,-0.713141
2.738130,1.687330,-0.295046
2.183000,1.654070,-0.341767
3.745670,2.266000,-0.241930
3.758210,2.206680,-0.323051
3.377230,1.587800,-0.400781
4.120840,0.627141,-0.185461
3.641200,0.407454,-0.362198
4.068250,0.798926,-0.400813
3.286430,-0.300744,-0.276331
2.815370,1.377580,-0.413399
2.775680,1.538710,-0.352829
3.009100,1.971600,-0.034220
-1.305100,-1.708460,-0.484230
-1.397470,-1.693810,-0.570541
-1.266740,-1.691940,-0.557922
-0.977375,-1.793130,-0.498747
-0.972514,-1.822780,-0.372649
-1.386500,-1.718440,-0.350823
-0.422877,-1.751200,-0.823423
-0.972089,-1.774510,-0.768570
-0.812845,-1.785420,-0.768511
-0.535144,-1.615980,-0.920556
2.396610,-1.593240,-0.389972
2.167170,-1.596330,0.000000
2.243490,-1.584780,-0.431143
2.422300,-1.510920,-0.494169
2.249660,-1.492700,-0.531270
2.545260,-1.593300,-0.386310
2.706960,-1.528850,0.000000
2.515310,-1.507060,-0.483275
2.274530,-1.433490,-0.567366
2.457060,-1.400960,-0.539866
2.520420,-0.954785,-0.739445
2.617970,-1.235600,-0.520238
2.486530,-1.274970,-0.627822
-1.582190,1.567540,0.982349
-0.192546,1.305530,0.700080
0.243473,1.134080,0.819993
0.289039,1.496450,0.430055
0.921312,0.755659,0.999330
1.582200,0.771083,1.068180
0.760722,1.205040,0.700545
2.910770,-0.638444,0.431191
2.736200,-0.346225,0.659345
2.688130,-0.517509,0.672975
-3.655240,-0.194907,0.019209
-3.648800,-0.195113,0.000000
-3.667770,0.335395,0.000000
5.072160,2.043630,0.209228
5.049690,2.032730,0.000000
4.739440,2.299170,0.369987
4.187260,2.590220,0.135844
4.189870,2.606810,0.000000
4.029020,2.519180,0.249385
4.024230,2.527900,0.000000
4.000110,2.424160,0.313254
3.988210,2.489430,0.000000
3.727090,2.308410,0.150049
3.787540,2.395900,0.000000
3.716360,2.343390,0.000000
-3.380840,1.819690,0.123273
-3.357010,1.781670,0.071216
-3.348300,1.767770,0.000000
-3.413370,1.871600,0.142309
-3.392810,1.769360,0.000000
3.882000,1.764430,0.476337
4.059880,1.860460,0.470087
3.745670,2.266000,0.241930
4.126560,0.642027,0.000000
4.380840,0.704571,0.000000
4.319800,0.731007,0.291212
4.216370,0.852328,0.405873
4.041660,1.039760,0.496922
4.141190,1.008780,0.499342
3.988510,1.297810,0.539537
4.085560,1.288880,0.544406
4.076850,1.746600,0.527436
4.148880,1.759920,0.573765
4.082990,2.175810,1.450930
4.101730,2.312320,1.438160
4.046670,2.341350,1.452530
5.067200,2.027700,0.422291
5.057490,2.002750,0.451974
5.075990,1.901000,0.443793
5.095370,1.961240,0.401516
4.744050,2.179340,0.556057
4.837330,2.235680,0.479332
4.991750,2.009820,0.523206
5.001900,1.914400,0.486724
4.982360,1.873300,0.536190
4.991710,1.844300,0.520761
4.935880,2.051670,0.572853
4.935560,2.016020,0.585700
4.973130,1.992780,0.533466
4.852580,1.816120,0.603105
4.861620,1.854070,0.618095
4.861610,2.001640,0.621913
4.842880,2.021330,0.638025
4.824750,1.946840,0.626358
4.354940,2.064160,0.778851
4.303610,1.799910,0.610388
4.140100,2.295950,1.367200
4.141760,2.279960,1.295340
4.103300,2.038560,1.363740
4.133170,2.175230,1.259320
4.152170,1.868780,1.225000
4.126160,2.120930,1.172520
4.127900,1.828360,1.090510
4.119990,2.063100,1.049180
4.169400,2.306280,1.284030
4.199320,2.304650,1.174540
4.222790,2.228180,0.952752
4.197610,2.164060,0.857433
4.380990,2.207700,0.839016
4.432610,1.878870,0.577888
4.433020,2.024710,0.563794
4.369750,2.298200,0.921894
4.218460,2.356830,1.142440
4.197640,2.394640,1.248650
4.228520,2.435030,1.098570
4.266260,2.421650,1.054800
4.307090,2.367480,0.877202
4.274890,2.220030,0.679075
4.273000,2.310530,0.762172
4.229330,2.274520,0.672749
4.296770,2.260420,0.528796
4.212970,2.303180,0.587113
4.148930,2.388730,1.376880
4.094120,2.426170,1.381030
4.031510,1.968250,0.918460
4.017510,1.996170,0.731654
3.982910,1.987390,0.639809
3.966640,1.969280,0.549291
4.036950,1.992170,1.072560
4.024860,2.106570,1.208100
4.058310,2.293360,1.338050
4.061990,2.231990,1.178380
4.047410,2.207210,1.015110
4.059710,2.194910,0.888152
4.112300,2.285830,0.595500
4.113930,2.334130,0.526471
4.077560,2.305190,0.510338
3.928870,2.223920,0.615683
3.903910,2.241500,0.512468
4.025360,2.359300,0.402597
4.035750,2.399540,0.343957
4.055260,2.505280,0.297282
4.209940,2.600610,0.337597
4.410840,2.500170,0.351972
4.472350,2.325130,0.443764
5.156640,1.942900,0.119993
5.177540,1.932320,0.000000
4.175440,1.350330,0.613988
4.329610,1.464800,0.661485
4.277230,1.077750,0.550819
4.449010,1.260930,0.647431
4.416470,0.921264,0.458839
5.299000,0.908991,0.260177
5.373650,0.885375,0.208840
5.370710,0.980272,0.337432
5.434590,0.970412,0.330823
5.470770,1.009570,0.355371
5.580220,1.047470,0.372696
5.563250,1.235300,0.317238
5.425780,1.264370,0.329687
5.647190,1.394610,0.257833
5.528190,1.440180,0.250666
5.687030,1.499640,0.110765
5.680010,1.510010,0.000000
4.459680,1.778880,0.588185
4.560020,1.604020,0.589333
4.596480,1.512990,0.598982
4.679120,1.438430,0.589658
4.761600,1.363010,0.571370
5.378290,1.768450,0.000000
4.982820,1.503070,0.507606
4.533110,1.989010,0.578975
4.551480,1.841750,0.575191
4.615410,1.639640,0.577768
5.152700,1.830660,0.287042
5.127160,1.942760,0.211214
4.688110,2.046380,0.604518
4.752340,1.723390,0.591296
4.917970,1.681480,0.544201
5.058180,1.788190,0.417387
5.105590,1.864090,0.347113
5.097060,1.954210,0.328795
5.060840,2.053330,0.309324
4.995980,2.148790,0.344534
4.728960,2.036150,0.614307
5.085810,1.888500,0.408327
5.030640,2.102200,0.432329
4.881850,2.194540,0.530288
4.807790,2.143650,0.570393
4.751520,2.039660,0.634134
4.798300,2.118190,0.591085
4.872540,2.159260,0.542891
5.002440,2.105750,0.468233
4.816180,1.797860,0.604026
4.871150,1.741240,0.592326
4.936070,1.737670,0.557276
5.030290,1.827420,0.440803
4.908020,1.796040,0.587882
5.020080,1.978170,0.480978
4.964940,2.053580,0.499903
4.881570,2.094570,0.539949
4.826000,2.089180,0.576083
4.944710,1.840660,0.575374
4.926190,1.859810,0.582137
4.852580,1.889720,0.605031
-3.075310,1.846000,0.363149
-3.227500,1.961740,0.131029
-3.238220,2.005400,0.075645
-3.242150,2.021390,0.000000
-3.037560,2.001530,0.000000
-3.445900,1.923510,0.123229
-3.469720,1.961500,0.071141
-3.478430,1.975410,0.000000
-3.516840,0.149002,0.430359
-3.470780,-0.078218,0.546398
-3.415650,-0.308965,0.671045
-3.283700,-0.730967,0.793898
-3.365410,-0.113447,0.952400
-3.697970,1.466700,0.433432
-3.701630,1.272650,0.270469
-3.734990,1.589430,0.295202
-3.709740,1.351190,0.211745
-3.690690,1.602080,0.000000
-3.709830,1.417760,0.000000
-3.160220,-0.018852,1.113630
-3.306870,0.379713,0.987620
-3.507690,1.700210,0.000000
-2.687020,0.076781,1.290570
-2.790630,0.468810,1.224270
-2.930310,1.103580,1.125880
-3.109050,1.789480,0.565323
-2.433370,0.078222,1.371270
-2.520950,0.559036,1.273620
-2.572290,0.835495,1.252190
-2.715250,1.746760,0.604653
-2.703110,1.825440,0.395127
-2.629470,1.918200,0.000000
-2.382920,-0.417450,1.375040
-2.276340,-0.689823,1.268030
-2.064790,0.018789,1.411870
-2.158400,0.381542,1.272960
-2.298250,0.768333,1.203880
-2.205790,1.356020,1.081660
-2.172140,1.623010,0.805318
-2.137520,1.753180,0.433142
-2.057390,1.841310,0.000000
-2.306660,-1.116980,0.961238
-2.033410,-0.910030,0.964220
-2.043590,-0.875823,1.028880
-2.299360,-1.025450,1.044690
-2.033650,-0.526012,1.277640
-1.897390,0.037852,1.365800
-2.021160,0.411979,1.234680
-2.013660,0.810726,1.158830
-1.744730,1.734850,0.433807
-1.676510,1.826890,0.000000
-1.198510,-1.456100,0.885435
-1.407660,-1.236030,1.112930
-1.366870,-1.340210,0.907567
-1.456660,-1.295530,0.894240
-1.782300,-1.020580,0.943381
-1.757570,-0.945337,1.075830
-0.953236,-1.545940,0.899180
-0.952525,-1.440580,1.168650
-1.837860,-0.540871,1.295850
-1.795130,0.033439,1.371160
-1.796160,0.452382,1.243640
-1.733700,1.083860,1.181490
-1.365950,1.769610,0.133901
-1.350950,1.807010,0.000000
-1.376180,-0.948757,1.451610
-1.489700,-0.024215,1.510990
-1.405680,0.573835,1.352180
-1.552900,1.128650,1.151040
-1.403850,1.533060,0.902827
-1.215560,1.757100,0.133494
-1.179470,1.786650,0.000000
-0.535144,-1.615980,0.920556
-0.526127,-1.495000,1.167740
-0.487217,-1.193520,1.504030
-1.061270,-1.141880,1.496230
-0.533528,-0.582280,1.701410
-1.053430,-0.342553,1.690250
-0.645496,0.179261,1.584320
-1.120720,0.424016,1.456990
-0.969076,0.901205,1.146220
-1.200770,0.978822,1.103390
-0.674657,1.333010,0.761059
-1.115590,1.392380,0.819623
-0.626493,1.585430,0.443136
-0.559706,1.694180,0.186107
-0.894132,1.712650,0.151911
-0.547248,1.742130,0.000000
-0.866132,1.754670,0.000000
-0.078470,-1.688270,0.800230
0.489819,-1.524950,0.672392
0.538756,-1.408600,0.764911
-0.063012,-1.583020,0.865082
0.530629,-1.316420,0.929842
-0.072300,-1.450250,1.087400
0.527724,-0.862854,1.253810
-0.041570,-1.143830,1.395180
0.546875,-0.390940,1.363240
0.010486,-0.502317,1.576300
0.516872,-0.020713,1.356630
0.018086,0.002865,1.523200
0.539252,0.353984,1.254490
-0.115190,0.458427,1.346200
0.234527,1.730120,0.000000
-0.228904,1.734270,0.000000
1.483830,1.697590,0.288781
0.733818,1.740870,0.000000
1.504950,1.483490,0.585976
1.649030,0.224458,1.211970
0.927775,0.195225,1.233040
1.664160,-0.189659,1.266730
1.678620,-0.410061,1.291180
1.252960,-0.928825,1.001640
0.939974,-0.894739,1.019810
1.210550,-1.460060,0.576841
0.912699,-1.455070,0.576185
1.223420,-1.532660,0.434522
0.912989,-1.499310,0.419547
1.289450,-1.546600,0.000000
0.927497,-1.558490,0.000000
1.456660,1.785880,0.000000
1.337880,-0.945716,1.021300
1.328860,-1.352630,0.758733
1.604940,-1.557000,0.000000
1.721210,-1.590190,0.601932
1.599890,-1.595530,0.623185
1.963150,-1.588840,0.612861
1.920430,-1.567400,0.000000
2.048200,-1.581980,0.555832
1.451830,-1.576860,0.702758
2.108910,-0.357128,1.259690
2.081700,0.283249,1.259460
1.975940,0.827957,1.018420
1.859440,1.450390,0.632222
1.798720,1.714450,0.259352
1.794460,1.787720,0.000000
0.446550,-1.672950,0.000000
0.480235,-1.631520,0.401961
2.096550,1.678480,0.326810
2.399390,0.782091,0.915279
2.384640,-0.591919,1.043060
2.042210,1.777150,0.000000
2.410370,-0.777999,0.841105
2.543370,-0.548031,0.937182
2.570400,0.738683,0.830405
2.128140,1.788400,0.000000
2.731510,0.219003,0.891585
2.618310,-0.549092,0.805491
2.539200,-0.727778,0.750475
2.985370,1.982660,0.000000
3.454970,2.169880,0.000000
3.247410,2.073330,0.000000
2.815370,1.377580,0.413399
3.377230,1.587800,0.400781
3.528450,1.060130,0.489443
3.559390,0.706516,0.452535
3.731690,0.186391,0.000000
3.335210,-0.375755,0.000000
3.286430,-0.300744,0.276331
2.079600,-1.473380,0.654997
-0.956007,-1.825730,0.000000
-1.395730,-1.723810,0.000000
-0.530369,-1.860810,0.000000
-0.155114,-1.828280,0.000000
-0.112666,-1.806580,0.383324
-1.397470,-1.693810,0.570541
-1.406690,-1.697320,0.450399
-1.226560,-1.655160,0.687343
-1.376190,-1.661990,0.718954
-0.977375,-1.793130,0.498747
2.710720,-0.830091,0.532493
2.669280,-0.930664,0.557166
2.857670,-0.930625,0.391195
2.993070,-0.708434,0.342596
3.065540,-0.788768,0.000000
2.970900,-0.959664,0.000000
2.663020,-1.440490,0.478149
2.896230,-1.319560,0.000000
2.803740,-1.255870,0.438328
2.274530,-1.433490,0.567366
2.126240,-1.330170,0.721011
2.549320,-1.335210,0.535156
2.617970,-1.235600,0.520238
2.318790,-1.294090,0.673863
2.407310,-0.974980,0.805091
2.229350,-0.992723,0.862826
0.243473,1.134080,-0.819993
-0.192546,1.305530,-0.700080
0.760722,1.205040,-0.700545
1.582200,0.771083,-1.068180
0.921312,0.755659,-0.999330
2.910770,-0.638444,-0.431191
2.825540,-0.567578,-0.552597
2.688130,-0.517509,-0.672975
3.814880,1.968420,-0.443000
5.158320,1.236770,-0.418043
5.397970,1.174240,-0.346802
-3.655240,-0.194907,-0.019209
4.187260,2.590220,-0.135844
4.029020,2.519180,-0.249385
4.000110,2.424160,-0.313254
-3.357010,1.781670,-0.071216
-3.380840,1.819690,-0.123273
-3.413370,1.871600,-0.142309
-3.358510,1.810250,-0.380095
3.882000,1.764430,-0.476337
4.059880,1.860460,-0.470087
4.319800,0.731007,-0.291212
4.216370,0.852328,-0.405873
4.141190,1.008780,-0.499342
4.041660,1.039760,-0.496922
4.085560,1.288880,-0.544406
3.988510,1.297810,-0.539537
4.076850,1.746600,-0.527436
4.148880,1.759920,-0.573765
4.046670,2.341350,-1.452530
4.101730,2.312320,-1.438160
4.082990,2.175810,-1.450930
5.095370,1.961240,-0.401516
5.075990,1.901000,-0.443793
5.057490,2.002750,-0.451974
5.067200,2.027700,-0.422291
4.837330,2.235680,-0.479332
4.744050,2.179340,-0.556057
5.011430,1.875570,-0.463205
5.001900,1.914400,-0.486724
4.991750,2.009820,-0.523206
4.991710,1.844300,-0.520761
4.982360,1.873300,-0.536190
4.973130,1.992780,-0.533466
4.935560,2.016020,-0.585700
4.935880,2.051670,-0.572853
4.861620,1.854070,-0.618095
4.852580,1.816120,-0.603105
4.824750,1.946840,-0.626358
4.842880,2.021330,-0.638025
4.861610,2.001640,-0.621913
4.153170,2.084820,-0.799668
4.303610,1.799910,-0.610388
4.140100,2.295950,-1.367200
4.141760,2.279960,-1.295340
4.133170,2.175230,-1.259320
4.103300,2.038560,-1.363740
4.126160,2.120930,-1.172520
4.152170,1.868780,-1.225000
4.119990,2.063100,-1.049180
4.127900,1.828360,-1.090510
4.199320,2.304650,-1.174540
4.169400,2.306280,-1.284030
4.211810,2.282490,-1.039140
4.222790,2.228180,-0.952752
4.197610,2.164060,-0.857433
4.380990,2.207700,-0.839016
4.267320,2.121990,-0.614940
4.433020,2.024710,-0.563794
4.369750,2.298200,-0.921894
4.197640,2.394640,-1.248650
4.266260,2.421650,-1.054800
4.307090,2.367480,-0.877202
4.274890,2.220030,-0.679075
4.296770,2.260420,-0.528796
4.212060,2.279450,-0.625927
4.212970,2.303180,-0.587113
4.148930,2.388730,-1.376880
4.094120,2.426170,-1.381030
4.389480,2.190420,-0.473320
4.017510,1.996170,-0.731654
4.031510,1.968250,-0.918460
3.982910,1.987390,-0.639809
4.036950,1.992170,-1.072560
4.024860,2.106570,-1.208100
4.058310,2.293360,-1.338050
4.061990,2.231990,-1.178380
4.047410,2.207210,-1.015110
4.194230,2.408330,-1.008470
4.112300,2.285830,-0.595500
4.077560,2.305190,-0.510338
4.113930,2.334130,-0.526471
3.928870,2.223920,-0.615683
3.903910,2.241500,-0.512468
4.025360,2.359300,-0.402597
4.043800,2.386520,-0.400392
4.035750,2.399540,-0.343957
5.156640,1.942900,-0.119993
4.175440,1.350330,-0.613988
4.329610,1.464800,-0.661485
4.449010,1.260930,-0.647431
4.277230,1.077750,-0.550819
4.297890,0.911506,-0.447987
5.373650,0.885375,-0.208840
5.370710,0.980272,-0.337432
5.434590,0.970412,-0.330823
5.580800,1.174130,-0.351054
5.563250,1.235300,-0.317238
5.647190,1.394610,-0.257833
5.687030,1.499640,-0.110765
4.459680,1.778880,-0.588185
4.560020,1.604020,-0.589333
4.596480,1.512990,-0.598982
4.679120,1.438430,-0.589658
5.321140,1.795560,-0.119606
4.533110,1.989010,-0.578975
4.551480,1.841750,-0.575191
4.615410,1.639640,-0.577768
5.152700,1.830660,-0.287042
5.127160,1.942760,-0.211214
4.688110,2.046380,-0.604518
4.697610,1.768060,-0.576663
4.917970,1.681480,-0.544201
5.058180,1.788190,-0.417387
5.105590,1.864090,-0.347113
5.097060,1.954210,-0.328795
5.060840,2.053330,-0.309324
4.995980,2.148790,-0.344534
4.728960,2.036150,-0.614307
5.085810,1.888500,-0.408327
5.030640,2.102200,-0.432329
4.881850,2.194540,-0.530288
4.807790,2.143650,-0.570393
4.798300,2.118190,-0.591085
4.872540,2.159260,-0.542891
5.002440,2.105750,-0.468233
4.816180,1.797860,-0.604026
4.871150,1.741240,-0.592326
5.030290,1.827420,-0.440803
4.908020,1.796040,-0.587882
5.020080,1.978170,-0.480978
4.964940,2.053580,-0.499903
4.881570,2.094570,-0.539949
4.826000,2.089180,-0.576083
4.944710,1.840660,-0.575374
4.926190,1.859810,-0.582137
4.852580,1.889720,-0.605031
-3.227500,1.961740,-0.131029
-3.238220,2.005400,-0.075645
-3.445900,1.923510,-0.123229
-3.469720,1.961500,-0.071141
-3.283700,-0.730967,-0.793898
-3.415650,-0.308965,-0.671045
-3.504520,0.405574,-0.847066
-3.365410,-0.113447,-0.952400
-3.639880,1.015190,-0.615203
-3.684620,1.350690,-0.501428
-3.701630,1.272650,-0.270469
-3.697970,1.466700,-0.433432
-3.709740,1.351190,-0.211745
-3.734990,1.589430,-0.295202
-3.306870,0.379713,-0.987620
-3.160220,-0.018852,-1.113630
-2.790630,0.468810,-1.224270
-2.687020,0.076781,-1.290570
-2.520950,0.559036,-1.273620
-2.433370,0.078222,-1.371270
-2.572290,0.835495,-1.252190
-2.717480,1.576800,-0.875971
-2.715250,1.746760,-0.604653
-2.064790,0.018789,-1.411870
-2.276340,-0.689823,-1.268030
-2.382920,-0.417450,-1.375040
-2.158400,0.381542,-1.272960
-2.298250,0.768333,-1.203880
-2.205790,1.356020,-1.081660
-2.172140,1.623010,-0.805318
-2.299360,-1.025450,-1.044690
-2.043590,-0.875823,-1.028880
-2.033410,-0.910030,-0.964220
-2.306660,-1.116980,-0.961238
-2.033650,-0.526012,-1.277640
-1.897390,0.037852,-1.365800
-2.021160,0.411979,-1.234680
-2.013660,0.810726,-1.158830
-1.744730,1.734850,-0.433807
-1.683860,1.789040,-0.121501
-1.366870,-1.340210,-0.907567
-1.407660,-1.236030,-1.112930
-1.198510,-1.456100,-0.885435
-1.456660,-1.295530,-0.894240
-1.757570,-0.945337,-1.075830
-1.782300,-1.020580,-0.943381
-0.952525,-1.440580,-1.168650
-0.953236,-1.545940,-0.899180
-1.837860,-0.540871,-1.295850
-1.795130,0.033439,-1.371160
-1.796160,0.452382,-1.243640
-1.733700,1.083860,-1.181490
-1.365950,1.769610,-0.133901
-1.376180,-0.948757,-1.451610
-1.489700,-0.024215,-1.510990
-1.405680,0.573835,-1.352180
-1.552900,1.128650,-1.151040
-1.215560,1.757100,-0.133494
-0.526127,-1.495000,-1.167740
-1.061270,-1.141880,-1.496230
-0.487217,-1.193520,-1.504030
-1.053430,-0.342553,-1.690250
-0.533528,-0.582280,-1.701410
-1.120720,0.424016,-1.456990
-0.645496,0.179261,-1.584320
-1.200770,0.978822,-1.103390
-0.969076,0.901205,-1.146220
-1.115590,1.392380,-0.819623
-0.674657,1.333010,-0.761059
-1.017770,1.607820,-0.541965
-0.626493,1.585430,-0.443136
-0.894132,1.712650,-0.151911
-0.559706,1.694180,-0.186107
-0.063012,-1.583020,-0.865082
0.538756,-1.408600,-0.764911
0.489819,-1.524950,-0.672392
-0.078470,-1.688270,-0.800230
-0.072300,-1.450250,-1.087400
0.530629,-1.316420,-0.929842
-0.041570,-1.143830,-1.395180
0.527724,-0.862854,-1.253810
0.010486,-0.502317,-1.576300
0.546875,-0.390940,-1.363240
0.018086,0.002865,-1.523200
0.516872,-0.020713,-1.356630
-0.115190,0.458427,-1.346200
0.539252,0.353984,-1.254490
1.504950,1.483490,-0.585976
0.737904,1.604210,-0.281713
1.483830,1.697590,-0.288781
0.927775,0.195225,-1.233040
1.649030,0.224458,-1.211970
0.943855,-0.101127,-1.274770
1.664160,-0.189659,-1.266730
0.939974,-0.894739,-1.019810
0.930660,-1.216520,-0.831196
0.912699,-1.455070,-0.576185
1.210550,-1.460060,-0.576841
0.912989,-1.499310,-0.419547
1.223420,-1.532660,-0.434522
1.337880,-0.945716,-1.021300
1.328860,-1.352630,-0.758733
1.599890,-1.595530,-0.623185
1.721210,-1.590190,-0.601932
2.048200,-1.581980,-0.555832
1.963150,-1.588840,-0.612861
1.451830,-1.576860,-0.702758
2.136270,-0.187666,-1.278060
2.108910,-0.357128,-1.259690
2.081700,0.283249,-1.259460
1.975940,0.827957,-1.018420
1.859440,1.450390,-0.632222
1.798720,1.714450,-0.259352
0.480235,-1.631520,-0.401961
2.096550,1.678480,-0.326810
2.384640,-0.591919,-1.043060
2.543370,-0.548031,-0.937182
2.410370,-0.777999,-0.841105
2.607430,-0.208248,-0.974218
2.570400,0.738683,-0.830405
2.482920,0.997637,-0.702425
2.618310,-0.549092,-0.805491
2.539200,-0.727778,-0.750475
3.252220,2.026350,-0.148215
3.233970,2.059190,-0.072431
3.528450,1.060130,-0.489443
3.559390,0.706516,-0.452535
3.700360,0.265794,-0.240762
3.674710,0.338839,-0.307840
2.079600,-1.473380,-0.654997
-0.523838,-1.850060,-0.388007
-0.112666,-1.806580,-0.383324
-1.406690,-1.697320,-0.450399
-1.376190,-1.661990,-0.718954
-1.226560,-1.655160,-0.687343
2.637660,-0.768176,-0.637039
2.857670,-0.930625,-0.391195
2.669280,-0.930664,-0.557166
2.710720,-0.830091,-0.532493
2.993070,-0.708434,-0.342596
2.663020,-1.440490,-0.478149
2.803740,-1.255870,-0.438328
2.126240,-1.330170,-0.721011
2.549320,-1.335210,-0.535156
2.318790,-1.294090,-0.673863
2.229350,-0.992723,-0.862826
2.407310,-0.974980,-0.805091
4.192790,2.411970,0.668016
4.440710,2.398470,0.629128
4.320630,2.385530,0.682583
4.320630,2.385530,-0.682583
4.193960,2.370480,-0.616705
4.192790,2.411970,-0.668016
4.138690,2.474010,0.642311
4.193960,2.370480,0.616705
4.352600,2.524890,0.890532
4.343220,2.589540,0.893106
4.262800,2.490670,0.818316
4.474620,2.465210,0.751890
4.538180,2.513350,0.776566
4.423030,2.561340,0.603562
4.476090,2.606650,0.692301
4.520600,2.639160,0.745542
4.418950,2.707400,0.782531
4.277170,2.652440,0.591369
4.138690,2.474010,-0.642311
4.343220,2.589540,-0.893106
4.474620,2.465210,-0.751890
4.262800,2.490670,-0.818316
4.520600,2.639160,-0.745542
4.440710,2.398470,-0.629128
4.538180,2.513350,-0.776566
4.277170,2.652440,-0.591369
4.418950,2.707400,-0.782531
4.497720,2.547480,0.937659
4.343000,2.664050,0.904347
4.138490,2.557840,0.652651
4.863710,2.722150,0.936660
5.096150,2.759720,0.774729
4.801440,2.750220,0.858918
4.753010,2.699700,0.973279
4.719170,2.751090,0.865965
4.624800,2.708370,0.989445
4.636910,2.750500,0.856859
4.460790,2.695620,0.949972
4.509550,2.719810,0.819972
4.883020,2.613660,0.893163
4.662220,2.556350,0.940618
4.763340,2.590830,0.929248
4.829570,2.580800,0.821827
4.737890,2.564650,0.830389
4.683340,2.554220,0.821927
4.601510,2.533320,0.794193
4.821320,2.691790,0.791887
4.748030,2.683800,0.800044
4.656560,2.680540,0.799684
4.574540,2.669860,0.780363
4.497720,2.547480,-0.937659
4.352600,2.524890,-0.890532
4.138490,2.557840,-0.652651
4.343000,2.664050,-0.904347
4.801440,2.750220,-0.858918
5.096150,2.759720,-0.774729
4.863710,2.722150,-0.936660
4.719170,2.751090,-0.865965
4.753010,2.699700,-0.973279
4.636910,2.750500,-0.856859
4.624800,2.708370,-0.989445
4.509550,2.719810,-0.819972
4.460790,2.695620,-0.949972
4.883020,2.613660,-0.893163
4.662220,2.556350,-0.940618
4.763340,2.590830,-0.929248
4.829570,2.580800,-0.821827
4.737890,2.564650,-0.830389
4.683340,2.554220,-0.821927
4.601510,2.533320,-0.794193
4.821320,2.691790,-0.791887
4.748030,2.683800,-0.800044
4.656560,2.680540,-0.799684
4.574540,2.669860,-0.780363
4.476090,2.606650,-0.692301
4.423030,2.561340,-0.603562
1.900480,-3.131930,0.728621
2.107990,-3.363570,0.677007
1.941320,-3.434800,0.701314
1.644180,-0.857872,1.208490
1.536040,-0.985876,1.185600
1.635140,-0.965221,1.184970
2.058190,-0.931238,1.163520
2.346080,-0.745350,1.013300
2.013530,-0.662303,1.191490
2.245620,-0.864372,0.995778
1.612400,-1.485730,1.099730
1.541750,-1.643610,1.014190
1.650320,-1.645880,1.053350
1.586320,-2.273750,0.880969
1.663490,-2.485960,0.790773
1.655950,-2.520930,0.844269
1.529300,-2.092080,0.887353
1.720030,-2.105570,0.971354
2.235940,-3.243100,0.823955
1.998100,-3.039950,0.718855
2.073690,-3.020850,0.782654
2.187490,-3.161540,0.800285
2.113590,-3.011850,0.851648
1.806370,-2.949730,0.984058
1.980620,-3.043900,0.964237
1.911790,-2.895770,0.950117
1.811800,-3.135640,0.933096
1.735080,-3.022730,0.972751
1.741850,-3.114180,0.700705
1.721750,-3.116890,0.979111
1.855130,-3.083230,0.986129
1.865130,-3.353830,1.054980
1.926180,-3.288880,1.093750
2.059840,-1.561330,0.858957
2.148880,-3.221620,1.076200
2.201940,-3.226460,0.996503
1.678990,-2.513140,0.891745
1.643400,-2.076580,0.689565
1.544090,-2.080720,0.786432
2.059220,-3.230080,0.674936
1.734570,-2.965880,0.986396
1.705950,-3.006630,0.832630
1.428880,-0.986690,1.133910
1.640090,-0.674556,1.246800
2.222080,-0.957342,1.014140
1.454820,-1.430230,0.976569
1.480630,-1.640130,0.953447
2.111560,-1.376940,0.896570
1.937010,-1.625420,1.026840
1.974220,-1.469210,1.068950
2.047700,-2.050140,0.814712
1.953910,-2.462230,0.830594
1.947260,-2.443230,0.732587
1.945210,-2.015770,0.672724
1.747670,-2.067520,0.638841
2.057500,-2.887280,0.844225
2.001340,-2.847710,0.762517
1.828660,-2.477350,0.673470
1.756350,-2.446400,0.705428
1.864060,-2.469950,0.935601
1.918640,-2.083650,1.001270
1.737620,-2.485020,0.918334
1.857470,-2.950720,0.669988
1.776020,-2.980090,0.707575
1.945630,-2.876710,0.703118
2.236410,-3.220050,0.892030
1.802390,-3.089620,0.961851
1.898570,-3.068270,0.994338
1.841890,-3.246000,1.014770
2.031260,-3.256710,1.111120
2.124490,-3.461170,0.702464
2.023490,-3.471820,1.206240
1.919060,-3.472690,1.111110
2.001360,-3.463820,0.689085
2.342290,-3.464240,1.195980
2.252410,-3.467000,1.236500
2.439060,-3.459090,1.020250
2.386830,-3.462220,1.136480
2.242130,-3.458960,0.734315
2.377180,-3.456910,0.800780
-3.302420,-3.017920,1.128510
-3.372070,-2.569160,0.904785
-3.333950,-3.058670,0.974748
-2.928680,-3.072890,0.924772
-3.074560,-3.486850,0.843432
-3.119570,-3.183980,0.870739
-3.217310,-3.187690,1.075210
-3.301860,-3.074780,1.114870
-3.294390,-3.166220,0.842823
-3.316550,-3.168930,1.121230
-2.946530,-2.939330,0.986343
-3.031250,-3.095940,1.106350
-2.884710,-3.063900,0.993766
-3.169550,-3.135270,1.128250
-3.158520,-3.405870,1.197100
-3.091250,-3.340920,1.235860
-3.251540,-2.564050,1.023630
-3.223290,-3.001780,1.126180
-3.235870,-2.335340,0.820588
-3.381260,-1.828190,0.697034
-3.211000,-1.850400,0.700723
-3.030610,-2.311220,0.884330
-3.046610,-2.510880,0.900772
-3.240550,-2.555470,0.856262
-3.022820,-2.522240,0.979148
-2.892440,-1.950810,0.878120
-2.918290,-1.904180,1.004660
-3.320330,-2.827510,1.063910
-3.347300,-2.573630,0.955211
-3.139390,-1.687480,0.638546
-2.811580,-1.798210,0.712737
-2.964220,-1.978730,0.776572
-3.279790,-1.162070,0.784602
-3.277510,-1.177350,0.915300
-3.233330,-0.683782,1.015510
-3.335940,-1.365680,0.724590
-3.319820,-1.365020,0.886015
-3.008410,-2.899760,0.904635
-3.166970,-3.002770,0.812106
-3.256730,-3.032130,0.849693
-3.297890,-2.549020,0.861657
-2.749870,-3.295150,0.966073
-2.890890,-3.415620,0.819125
-2.749360,-3.272100,1.034150
-3.227680,-3.141660,1.103970
-3.121670,-3.120320,1.136460
-3.177110,-2.979310,1.139080
-3.107110,-2.947820,1.092230
-3.184140,-3.298050,1.156890
-3.162500,-2.556380,1.058410
-2.986350,-2.933770,1.087680
-2.787340,-3.278500,1.138620
-2.845820,-3.273660,1.218320
-2.975440,-3.308750,1.253240
-3.078700,-2.553980,1.046830
-2.734180,-1.717950,0.749581
-2.837150,-1.791730,0.921563
-3.358000,-1.811800,0.975625
-3.188950,-1.408280,0.963611
-3.342100,-1.533990,0.921628
-3.365990,-1.485170,0.888076
-2.955050,-1.496840,1.128810
-2.862580,-1.546890,1.117140
-2.725780,-1.214860,1.190380
-2.462840,-1.305500,0.966395
-2.566750,-1.211310,1.167100
-2.687160,-1.539810,0.988048
-2.591360,-1.510840,0.885470
-2.765070,-1.561160,1.084310
-3.150210,-1.259590,1.001020
-3.096270,-0.668100,1.140080
-2.616470,-0.511373,1.344130
-3.490520,-1.760420,0.903104
-3.498520,-1.762080,0.762472
-3.304800,-1.582190,0.643445
-3.387250,-1.486030,0.672861
-3.010920,-1.884500,1.083510
-3.117480,-1.866890,1.108030
-3.006330,-3.600880,0.829802
-2.981820,-3.608890,1.346960
-3.097240,-3.609760,1.251820
-2.630670,-3.601310,1.336700
-2.729540,-3.604060,1.377220
-2.523990,-3.596160,1.160970
-2.581780,-3.599290,1.277200
-2.592290,-3.593980,0.941497
-2.870500,-3.598230,0.843181
-3.623860,0.911561,0.000000
-1.709170,-1.283230,0.897427
-1.552230,-1.555080,0.735708
-2.709400,-1.879950,0.508775
-3.120910,-1.707920,0.431829
-1.933570,-1.993030,0.438902
-2.065650,-2.124620,0.368720
-2.060900,-2.031700,0.372079
-1.978340,-2.023540,0.398257
-1.883160,-1.829720,0.401567
-2.062730,-1.884250,0.307336
-3.650580,-1.142450,0.000000
-3.673610,-0.720796,0.000000
-3.678790,-0.926816,0.000000
-1.764040,-1.764990,0.406586
-2.092920,-1.839620,0.000000
-1.799830,-1.753140,0.000000
-2.614080,-1.905000,0.404925
-2.656870,-1.853040,0.000000
-3.110300,-1.691720,0.000000
-2.508880,-1.719930,0.721675
-2.176550,-1.873820,0.445782
-2.027240,-1.813010,0.555232
-2.037370,-1.736360,0.656787
-1.576200,-1.696320,0.358146
-1.601620,-1.593320,0.605607
-1.776790,-1.275110,0.914703
-1.686330,-1.414400,0.869373
-3.601670,1.293050,0.000000
-1.686330,-1.414400,-0.869373
-1.709170,-1.283230,-0.897427
-3.120910,-1.707920,-0.431829
-2.699970,-1.850400,-0.570070
-2.709400,-1.879950,-0.508775
-1.978340,-2.023540,-0.398257
-1.985120,-2.116660,-0.394256
-1.941440,-2.086900,-0.433904
-1.933570,-1.993030,-0.438902
-2.062730,-1.884250,-0.307336
-1.883160,-1.829720,-0.401567
-3.639590,-1.140100,-0.333800
-1.764040,-1.764990,-0.406586
-2.446370,-1.893260,-0.494110
-2.176550,-1.873820,-0.445782
-2.734180,-1.717950,-0.749581
-2.811580,-1.798210,-0.712737
-2.037370,-1.736360,-0.656787
-2.547740,-1.833020,-0.609321
-2.508880,-1.719930,-0.721675
-1.747790,-1.667610,-0.606340
-1.601620,-1.593320,-0.605607
-1.576200,-1.696320,-0.358146
-1.778930,-1.550200,-0.776454
-1.776790,-1.275110,-0.914703
-3.570240,-0.060093,0.344854
-3.529710,-0.065998,0.437217
-3.608590,1.163580,0.000000
-1.659760,-1.544360,0.788181
-2.699970,-1.850400,0.570070
-2.513190,-2.130860,0.497920
-2.603280,-2.176800,0.510638
-2.629200,-2.138980,0.436227
-2.695140,-2.121650,0.508064
-2.688610,-2.101210,0.550465
-2.583300,-2.089190,0.577616
-1.985120,-2.116660,0.394256
-1.941440,-2.086900,0.433904
-2.048680,-2.165280,0.450843
-2.144390,-2.117410,0.464489
-2.041110,-2.075350,0.540201
-2.499140,-2.038090,0.504529
-2.571020,-1.995380,0.586230
-2.678970,-2.007690,0.558395
-2.685660,-2.028650,0.514928
-2.618070,-2.046420,0.441284
-2.035740,-1.981180,0.547873
-2.141620,-2.024300,0.470257
-2.446370,-1.893260,0.494110
-2.547740,-1.833020,0.609321
-3.544510,0.467147,0.000000
-3.438230,-0.721479,0.728141
-3.492600,-1.180650,0.692282
-3.569990,-0.731989,0.649435
-3.533910,-1.330450,0.568246
-3.631180,-1.157840,0.505610
-3.665770,-0.734080,0.446286
-3.314870,-1.599080,0.439626
-3.271030,-1.609290,0.000000
-3.442090,-1.484120,0.406377
-3.417690,-1.494420,0.000000
-3.557870,-1.325940,0.378030
-3.522110,-1.366620,0.000000
-3.639590,-1.140100,0.333800
-3.676600,-0.729578,0.330724
-3.583760,-0.052271,0.000000
-1.747790,-1.667610,0.606340
-2.049880,-1.562370,0.829319
-1.778930,-1.550200,0.776454
-2.417780,-1.553140,0.887222
-1.610030,-1.711570,0.000000
-2.042060,-1.312980,0.940911
-2.337620,-1.334840,0.966761
-3.529710,-0.065998,-0.437217
-3.570240,-0.060093,-0.344854
-1.552230,-1.555080,-0.735708
-1.659760,-1.544360,-0.788181
-3.139390,-1.687480,-0.638546
-2.629200,-2.138980,-0.436227
-2.603280,-2.176800,-0.510638
-2.513190,-2.130860,-0.497920
-2.695140,-2.121650,-0.508064
-2.688610,-2.101210,-0.550465
-2.583300,-2.089190,-0.577616
-2.065650,-2.124620,-0.368720
-2.048680,-2.165280,-0.450843
-2.144390,-2.117410,-0.464489
-2.041110,-2.075350,-0.540201
-2.571020,-1.995380,-0.586230
-2.499140,-2.038090,-0.504529
-2.678970,-2.007690,-0.558395
-2.685660,-2.028650,-0.514928
-2.618070,-2.046420,-0.441284
-2.035740,-1.981180,-0.547873
-2.141620,-2.024300,-0.470257
-2.060900,-2.031700,-0.372079
-2.614080,-1.905000,-0.404925
-2.027240,-1.813010,-0.555232
-3.279790,-1.162070,-0.784602
-3.438230,-0.721479,-0.728141
-3.335940,-1.365680,-0.724590
-3.492600,-1.180650,-0.692282
-3.569990,-0.731989,-0.649435
-3.387250,-1.486030,-0.672861
-3.533910,-1.330450,-0.568246
-3.631180,-1.157840,-0.505610
-3.665770,-0.734080,-0.446286
-3.314870,-1.599080,-0.439626
-3.442090,-1.484120,-0.406377
-3.557870,-1.325940,-0.378030
-3.676600,-0.729578,-0.330724
-3.304800,-1.582190,-0.643445
-2.049880,-1.562370,-0.829319
-2.417780,-1.553140,-0.887222
-2.591360,-1.510840,-0.885470
-2.042060,-1.312980,-0.940911
-2.337620,-1.334840,-0.966761
-2.462840,-1.305500,-0.966395
1.941320,-3.434800,-0.701314
1.998100,-3.039950,-0.718855
1.900480,-3.131930,-0.728621
1.640090,-0.674556,-1.246800
1.635140,-0.965221,-1.184970
1.644180,-0.857872,-1.208490
2.013530,-0.662303,-1.191490
2.222080,-0.957342,-1.014140
2.058190,-0.931238,-1.163520
2.346080,-0.745350,-1.013300
2.245620,-0.864372,-0.995778
1.650320,-1.645880,-1.053350
1.454820,-1.430230,-0.976569
1.612400,-1.485730,-1.099730
1.428880,-0.986690,-1.133910
1.536040,-0.985876,-1.185600
1.655950,-2.520930,-0.844269
1.529300,-2.092080,-0.887353
1.586320,-2.273750,-0.880969
1.720030,-2.105570,-0.971354
1.541750,-1.643610,-1.014190
2.187490,-3.161540,-0.800285
2.059220,-3.230080,-0.674936
2.107990,-3.363570,-0.677007
2.235940,-3.243100,-0.823955
2.073690,-3.020850,-0.782654
2.236410,-3.220050,-0.892030
2.113590,-3.011850,-0.851648
1.911790,-2.895770,-0.950117
1.855130,-3.083230,-0.986129
1.806370,-2.949730,-0.984058
1.865130,-3.353830,-1.054980
1.721750,-3.116890,-0.979111
1.705950,-3.006630,-0.832630
1.735080,-3.022730,-0.972751
1.926180,-3.288880,-1.093750
1.811800,-3.135640,-0.933096
2.059840,-1.561330,-0.858957
2.201940,-3.226460,-0.996503
2.148880,-3.221620,-1.076200
1.980620,-3.043900,-0.964237
1.678990,-2.513140,-0.891745
1.544090,-2.080720,-0.786432
1.643400,-2.076580,-0.689565
1.734570,-2.965880,-0.986396
1.480630,-1.640130,-0.953447
2.111560,-1.376940,-0.896570
1.974220,-1.469210,-1.068950
1.937010,-1.625420,-1.026840
1.945210,-2.015770,-0.672724
1.947260,-2.443230,-0.732587
1.953910,-2.462230,-0.830594
2.047700,-2.050140,-0.814712
1.747670,-2.067520,-0.638841
2.001340,-2.847710,-0.762517
2.057500,-2.887280,-0.844225
1.828660,-2.477350,-0.673470
1.756350,-2.446400,-0.705428
1.737620,-2.485020,-0.918334
1.918640,-2.083650,-1.001270
1.864060,-2.469950,-0.935601
1.663490,-2.485960,-0.790773
1.776020,-2.980090,-0.707575
1.857470,-2.950720,-0.669988
1.945630,-2.876710,-0.703118
1.741850,-3.114180,-0.700705
1.802390,-3.089620,-0.961851
1.898570,-3.068270,-0.994338
1.841890,-3.246000,-1.014770
2.031260,-3.256710,-1.111120
2.001360,-3.463820,-0.689085
2.377180,-3.456910,-0.800780
2.242130,-3.458960,-0.734315
2.124490,-3.461170,-0.702464
2.386830,-3.462220,-1.136480
2.439060,-3.459090,-1.020250
2.252410,-3.467000,-1.236500
2.342290,-3.464240,-1.195980
1.919060,-3.472690,-1.111110
2.023490,-3.471820,-1.206240
-3.333950,-3.058670,-0.974748
-3.320330,-2.827510,-1.063910
-3.302420,-3.017920,-1.128510
-3.119570,-3.183980,-0.870739
-2.749870,-3.295150,-0.966073
-2.928680,-3.072890,-0.924772
-3.158520,-3.405870,-1.197100
-3.074560,-3.486850,-0.843432
-3.316550,-3.168930,-1.121230
-3.301860,-3.074780,-1.114870
-2.884710,-3.063900,-0.993766
-2.986350,-2.933770,-1.087680
-2.946530,-2.939330,-0.986343
-3.091250,-3.340920,-1.235860
-3.217310,-3.187690,-1.075210
-3.169550,-3.135270,-1.128250
-3.223290,-3.001780,-1.126180
-3.347300,-2.573630,-0.955211
-3.251540,-2.564050,-1.023630
-3.211000,-1.850400,-0.700723
-3.240550,-2.555470,-0.856262
-3.235870,-2.335340,-0.820588
-2.964220,-1.978730,-0.776572
-2.918290,-1.904180,-1.004660
-3.046610,-2.510880,-0.900772
-3.022820,-2.522240,-0.979148
-3.372070,-2.569160,-0.904785
-3.233330,-0.683782,-1.015510
-3.277510,-1.177350,-0.915300
-3.319820,-1.365020,-0.886015
-3.008410,-2.899760,-0.904635
-3.297890,-2.549020,-0.861657
-3.256730,-3.032130,-0.849693
-3.166970,-3.002770,-0.812106
-2.890890,-3.415620,-0.819125
-3.294390,-3.166220,-0.842823
-2.749360,-3.272100,-1.034150
-3.227680,-3.141660,-1.103970
-3.177110,-2.979310,-1.139080
-3.121670,-3.120320,-1.136460
-3.107110,-2.947820,-1.092230
-3.031250,-3.095940,-1.106350
-3.184140,-3.298050,-1.156890
-3.162500,-2.556380,-1.058410
-2.787340,-3.278500,-1.138620
-2.845820,-3.273660,-1.218320
-2.975440,-3.308750,-1.253240
-3.078700,-2.553980,-1.046830
-2.837150,-1.791730,-0.921563
-2.892440,-1.950810,-0.878120
-3.342100,-1.533990,-0.921628
-3.188950,-1.408280,-0.963611
-3.358000,-1.811800,-0.975625
-3.365990,-1.485170,-0.888076
-2.725780,-1.214860,-1.190380
-2.862580,-1.546890,-1.117140
-2.955050,-1.496840,-1.128810
-2.687160,-1.539810,-0.988048
-2.566750,-1.211310,-1.167100
-2.765070,-1.561160,-1.084310
-3.150210,-1.259590,-1.001020
-3.096270,-0.668100,-1.140080
-2.616470,-0.511373,-1.344130
-3.490520,-1.760420,-0.903104
-3.498520,-1.762080,-0.762472
-3.381260,-1.828190,-0.697034
-3.030610,-2.311220,-0.884330
-3.010920,-1.884500,-1.083510
-3.117480,-1.866890,-1.108030
-3.097240,-3.609760,-1.251820
-2.870500,-3.598230,-0.843181
-3.006330,-3.600880,-0.829802
-2.523990,-3.596160,-1.160970
-2.592290,-3.593980,-0.941497
-2.630670,-3.601310,-1.336700
-2.581780,-3.599290,-1.277200
-2.981820,-3.608890,-1.346960
-2.729540,-3.604060,-1.377220
-4.107190,-1.836520,0.120149
-3.887250,-1.743490,0.008806
-3.881450,-1.746080,0.008806
-3.823640,-1.557530,0.081533
-4.445830,-2.015130,0.189702
-4.229160,-1.473090,0.111560
-4.366930,-1.787790,0.140584
-4.387150,-2.008300,0.045602
-4.333830,-1.548250,0.056938
-4.389320,-1.779550,0.065420
-3.699780,-0.759901,0.088664
-3.603250,-0.695111,0.000000
-3.729470,-0.869371,0.096946
-4.018870,-1.413190,0.154149
-3.733770,-1.141920,0.111139
-3.843260,-0.981402,0.116282
-3.974500,-1.169600,0.164243
-3.695560,-0.193620,0.051497
-3.557100,1.721130,0.115470
-3.660930,1.770040,0.115431
-3.609020,1.745590,0.133304
-3.714790,1.473250,0.107668
-3.821690,1.477990,0.107631
-3.768240,1.475620,0.124295
-3.752470,1.017750,0.099865
-3.851210,1.007590,0.099831
-3.712830,1.794490,0.000000
-3.698930,1.787940,0.066640
-3.875140,1.480360,0.000000
-3.860820,1.479720,0.062137
-3.900570,1.002500,0.000000
-3.823640,-1.557530,-0.081533
-3.891210,-1.742290,-0.008806
-3.906080,-1.761650,-0.008806
-4.107190,-1.836520,-0.120149
-4.366930,-1.787790,-0.140584
-4.405360,-1.921440,-0.192978
-4.445830,-2.015130,-0.189702
-4.389320,-1.779550,-0.065420
-4.387150,-2.008300,-0.045602
-3.729470,-0.869371,-0.096946
-3.666540,-1.140370,-0.078261
-3.697890,-0.951955,-0.098793
-3.699780,-0.759901,-0.088664
-3.974500,-1.169600,-0.164243
-3.743750,-1.367220,-0.100951
-3.914010,-1.486850,-0.149147
-4.018870,-1.413190,-0.154149
-3.703070,1.022840,0.000000
-3.609020,1.745590,-0.133304
-3.557100,1.721130,-0.115470
-3.768240,1.475620,-0.124295
-3.714790,1.473250,-0.107668
-3.851210,1.007590,-0.099831
-3.752470,1.017750,-0.099865
-3.698930,1.787940,-0.066640
-3.660930,1.770040,-0.115431
-3.860820,1.479720,-0.062137
-3.821690,1.477990,-0.107631
-3.716310,1.021470,0.057693
-3.675640,1.471510,0.062201
-3.661300,1.470880,0.000000
-4.070740,-0.947648,0.110554
-3.978120,-0.823440,0.099280
-3.805690,-0.190106,0.051472
-3.949390,-0.535638,0.009338
-4.039610,-0.705347,0.000000
-4.112450,-0.875765,0.016326
-3.919830,-0.397832,0.000000
-3.900960,-0.780883,0.091579
-3.874580,-1.740840,0.004403
-3.765390,-1.571800,0.000000
-3.879380,-1.747300,0.004403
-3.878300,-1.739470,0.000000
-3.885180,-1.744710,0.004403
-3.886170,-1.735670,0.004403
-3.888070,-1.735680,0.000000
-4.311020,-1.517220,0.000000
-4.356560,-1.777230,0.000000
-3.907980,-1.761660,0.004403
-3.893110,-1.742310,0.004403
-3.891210,-1.742290,0.008806
-3.906080,-1.761650,0.008806
-3.906900,-1.753830,0.000000
-3.919870,-1.773170,0.004403
-4.083260,-1.887030,0.000000
-3.890140,-1.734460,0.004403
-4.207570,-1.922820,0.155104
-3.914010,-1.486850,0.149147
-4.297770,-1.889900,0.177707
-4.405360,-1.921440,0.192978
-4.129290,-1.228790,0.120745
-4.351390,-1.840880,0.000000
-4.335820,-1.917870,0.000000
-4.351540,-1.988160,0.025020
-3.697890,-0.951955,0.098793
-3.666540,-1.140370,0.078261
-3.805840,-0.798961,0.099237
-3.743750,-1.367220,0.100951
-3.639700,-1.242350,0.057190
-3.717640,-1.494560,0.000000
-3.619260,-1.303090,0.000000
-4.106300,-0.875848,0.000000
-4.126530,-0.914435,0.000000
-4.233830,-1.166540,0.022074
-4.230760,-1.165550,0.000000
-4.236310,-1.202260,0.000000
-4.321270,-2.003970,0.025072
-4.311600,-1.930460,0.000000
-4.299260,-1.940000,0.000000
-4.228280,-1.941180,0.000000
-4.192490,-1.953850,0.017313
-4.157800,-1.939250,0.000000
-3.519090,1.703220,0.066709
-3.852400,-0.188615,0.000000
-3.625310,-0.392476,0.000000
-3.599930,-0.880726,0.000000
-3.596500,-0.947005,0.000000
-4.102910,-1.908280,0.000000
-4.227640,-1.227900,0.069894
-4.029730,-1.043240,0.136305
-3.949810,-0.963797,0.140806
-3.716310,1.021470,-0.057693
-3.695560,-0.193620,-0.051497
-3.675640,1.471510,-0.062201
-3.805690,-0.190106,-0.051472
-3.978120,-0.823440,-0.099280
-4.070740,-0.947648,-0.110554
-4.112450,-0.875765,-0.016326
-3.949390,-0.535638,-0.009338
-3.900960,-0.780883,-0.091579
-3.881450,-1.746080,-0.008806
-3.874580,-1.740840,-0.004403
-3.879380,-1.747300,-0.004403
-3.887250,-1.743490,-0.008806
-3.885180,-1.744710,-0.004403
-3.886170,-1.735670,-0.004403
-4.333830,-1.548250,-0.056938
-3.893110,-1.742310,-0.004403
-3.907980,-1.761660,-0.004403
-3.919870,-1.773170,-0.004403
-3.890140,-1.734460,-0.004403
-4.207570,-1.922820,-0.155104
-4.297770,-1.889900,-0.177707
-4.129290,-1.228790,-0.120745
-4.229160,-1.473090,-0.111560
-4.351540,-1.947670,-0.025020
-3.805840,-0.798961,-0.099237
-3.843260,-0.981402,-0.116282
-3.733770,-1.141920,-0.111139
-3.639700,-1.242350,-0.057190
-4.233830,-1.166540,-0.022074
-4.321270,-2.003970,-0.025072
-4.192490,-1.953850,-0.017313
-3.519090,1.703220,-0.066709
-4.227640,-1.227900,-0.069894
-4.029730,-1.043240,-0.136305
-3.949810,-0.963797,-0.140806
4.971870,1.924080,0.586026
4.897810,1.946790,0.628057
4.925500,1.917810,0.613413
4.953400,1.907940,0.605609
4.953400,1.907940,-0.605609
4.925390,1.955230,-0.618837
4.953740,1.952580,-0.592256
4.971870,1.924080,-0.586026
4.925390,1.955230,0.618837
4.953740,1.952580,0.592256
4.897810,1.946790,-0.628057
4.925500,1.917810,-0.613413
5.469640,0.838722,0.000798
5.773410,1.225860,0.323025
5.837870,1.141490,0.305184
5.580730,0.999330,0.349867
5.908780,1.066920,0.001121
5.998090,1.231870,0.107334
5.934600,1.054800,0.077039
5.835500,1.436280,0.000000
5.842090,1.427710,0.130724
5.579250,0.837796,0.000000
5.469640,0.838722,-0.000798
5.837870,1.141490,-0.305184
5.773410,1.225860,-0.323025
5.857750,0.997026,-0.236768
5.580730,0.999330,-0.349867
5.934600,1.054800,-0.077039
5.927110,1.131190,0.000000
5.908780,1.066920,-0.001121
5.842090,1.427710,-0.130724
5.744000,1.482740,0.000000
5.908840,1.388970,0.000000
5.963120,1.307780,0.001098
5.963260,1.307930,0.000000
5.963530,1.232410,0.000000
5.909150,1.066740,0.000000
5.871950,1.021430,0.001102
5.872290,1.021270,0.000000
5.836000,0.945722,0.001092
5.836830,0.946572,0.000000
5.836160,0.945551,0.000000
5.780790,0.891286,0.001059
5.781030,0.891124,0.000000
5.679620,0.839500,0.000000
5.681200,0.840045,0.000000
5.678110,0.839434,0.000000
5.849790,1.193480,0.181047
5.840660,1.221940,0.187128
5.895900,1.182730,0.164705
5.959460,1.157230,0.187097
5.915020,1.382160,0.136820
5.568740,0.834653,0.071390
5.704630,0.849158,0.128130
5.797410,0.880032,0.072306
5.851400,0.929008,0.105362
5.748610,0.920490,0.205099
5.897760,1.009310,0.080583
5.878630,0.986485,0.128292
5.757510,0.957900,0.210732
5.480650,0.941387,0.316248
5.535180,0.980180,0.341257
5.931470,1.233480,0.215613
5.847990,1.311570,0.261476
5.803420,1.260790,0.210002
5.783730,1.341470,0.284590
5.764770,1.279820,0.308562
5.912150,1.117910,0.254197
5.857750,0.997026,0.236768
5.923810,1.025280,0.153084
5.979360,1.325530,0.125337
5.963120,1.307780,-0.001098
5.871950,1.021430,-0.001102
5.836000,0.945722,-0.001092
5.780790,0.891286,-0.001059
5.840660,1.221940,-0.187128
5.849790,1.193480,-0.181047
5.959460,1.157230,-0.187097
5.895900,1.182730,-0.164705
5.998090,1.231870,-0.107334
5.915020,1.382160,-0.136820
5.568740,0.834653,-0.071390
5.704630,0.849158,-0.128130
5.797410,0.880032,-0.072306
5.748610,0.920490,-0.205099
5.851400,0.929008,-0.105362
5.878630,0.986485,-0.128292
5.897760,1.009310,-0.080583
5.757510,0.957900,-0.210732
5.480650,0.941387,-0.316248
5.535180,0.980180,-0.341257
5.931470,1.233480,-0.215613
5.803420,1.260790,-0.210002
5.847990,1.311570,-0.261476
5.783730,1.341470,-0.284590
5.764770,1.279820,-0.308562
5.912150,1.117910,-0.254197
5.923810,1.025280,-0.153084
5.979360,1.325530,-0.125337
1,2,0
4,5,3
7,8,6
10,11,9
12,13,1
15,16,14
16,18,17
20,21,19
23,24,22
26,27,25
27,28,25
30,31,29
31,32,29
33,29,32
35,36,34
38,39,37
41,42,40
44,42,43
42,41,43
24,46,45
48,49,47
51,52,50
50,52,53
55,56,54
13,58,57
60,61,59
61,62,59
1,13,54
63,64,1
64,0,1
66,67,65
68,69,66
68,71,70
73,74,72
76,77,75
67,66,78
74,73,79
81,82,80
84,85,83
87,88,86
88,89,86
90,89,88
92,93,91
95,96,94
98,99,97
101,102,100
104,98,103
106,107,105
107,108,105
109,110,106
110,107,106
111,110,109
113,114,112
114,7,112
116,117,115
119,120,118
122,123,121
124,114,113
126,116,125
128,129,127
131,132,130
132,133,130
135,136,134
138,139,137
132,131,140
142,143,141
11,145,144
145,146,139
148,149,147
150,141,23
151,141,143
153,154,152
155,156,11
143,149,148
142,158,157
158,159,157
161,162,160
163,160,161
165,166,164
166,167,164
163,164,167
169,170,168
169,172,171
172,173,171
172,169,174
173,172,175
177,178,176
180,181,179
183,184,182
3,5,185
186,187,16
188,189,18
190,191,21
193,194,192
196,197,195
197,198,195
200,201,199
201,202,199
203,199,202
205,206,204
208,209,207
211,212,210
214,215,213
215,216,213
218,219,217
221,222,220
224,225,223
226,227,224
229,230,228
229,232,231
233,228,62
228,234,62
235,230,185
236,237,3
237,4,3
239,240,238
242,243,241
245,70,244
247,248,246
250,251,249
252,253,243
255,256,254
258,259,257
261,262,260
264,265,263
265,266,263
267,268,263
263,270,269
269,272,271
274,275,273
277,278,276
274,280,279
282,283,281
283,284,281
286,282,285
282,287,285
286,289,288
291,180,290
180,292,290
294,295,293
297,298,296
300,301,299
291,303,302
294,305,304
307,308,306
306,308,309
308,307,309
311,312,310
314,315,313
314,317,316
319,320,318
183,322,321
324,313,323
310,326,325
327,328,320
329,318,320
331,332,330
333,182,331
334,335,325
318,325,336
325,157,336
338,339,337
340,341,337
341,342,337
340,344,343
344,345,343
346,343,345
348,349,347
347,349,350
349,351,350
353,174,352
355,356,354
358,359,357
360,112,6
112,7,6
362,363,361
363,115,361
365,366,364
367,11,10
368,369,9
369,10,9
141,151,23
0,12,1
371,372,370
373,374,14
374,15,14
375,14,17
14,16,17
19,21,376
21,377,376
51,17,19
17,20,19
18,20,17
376,377,378
377,379,378
378,379,380
379,381,380
22,383,382
383,384,382
380,381,22
381,383,22
386,387,385
385,387,388
387,389,388
101,388,389
24,23,46
23,151,46
151,45,46
151,390,45
390,391,45
382,392,22
392,23,22
393,394,154
394,395,154
154,395,152
395,396,152
152,396,397
396,398,397
397,398,399
398,400,399
399,400,390
400,401,390
401,391,390
391,401,31
401,402,31
404,405,403
407,408,406
408,409,406
75,410,375
410,411,375
413,84,412
414,415,413
415,84,413
417,418,416
418,412,416
419,420,82
422,82,421
82,423,421
31,30,25
30,26,25
29,424,26
26,29,27
402,425,31
425,32,31
26,30,29
403,426,404
403,427,426
403,428,427
428,429,427
428,430,429
430,431,429
430,432,431
432,433,431
432,25,433
25,28,433
427,429,434
429,435,434
429,431,435
431,35,435
431,433,35
433,436,35
433,28,436
28,437,436
27,437,28
437,27,438
27,29,438
439,440,32
440,33,32
438,441,437
441,436,437
441,36,436
36,35,436
442,435,34
435,35,34
435,442,443
442,34,443
34,444,443
444,37,443
34,36,444
36,445,444
36,441,445
441,446,445
446,441,447
441,438,447
446,447,448
447,449,448
447,450,449
449,450,44
44,450,451
438,29,447
29,33,447
435,443,434
443,452,434
453,452,37
452,443,37
426,427,434
452,404,434
404,426,434
405,404,453
404,452,453
33,76,447
76,450,447
440,76,33
455,25,454
25,432,454
31,25,455
31,455,456
31,456,457
45,391,457
391,31,457
454,432,458
432,430,458
459,458,428
458,430,428
428,403,459
403,460,459
403,405,460
460,461,459
460,39,461
459,461,458
461,462,458
454,458,463
458,462,463
454,463,455
463,40,455
405,453,460
39,460,37
460,453,37
444,445,37
445,38,37
43,38,446
38,445,446
446,448,43
463,462,43
462,38,43
462,461,38
461,39,38
463,43,40
43,41,40
448,449,43
449,44,43
451,464,44
464,42,44
466,464,465
464,451,465
451,450,465
455,40,456
40,467,456
42,464,40
464,467,40
456,467,457
467,468,457
464,466,467
466,468,467
48,469,465
469,466,465
465,49,48
457,468,45
468,24,45
24,468,469
468,466,469
380,469,470
469,48,470
380,22,469
22,24,469
470,471,380
471,378,380
47,472,471
472,53,471
471,53,378
53,376,378
471,470,47
470,48,47
473,474,50
474,51,50
51,19,52
472,473,53
473,50,53
53,52,376
52,19,376
475,476,374
401,400,402
400,477,402
477,478,402
478,425,402
477,479,478
479,480,478
400,398,477
398,479,477
398,55,479
55,57,479
396,55,398
57,58,479
58,480,479
396,395,55
395,56,55
233,56,394
56,395,394
54,57,481
57,55,54
54,13,57
482,54,59
54,56,59
59,483,482
56,233,59
233,60,59
482,483,484
482,484,54
484,1,54
483,485,484
484,485,1
485,486,1
486,487,1
487,63,1
489,0,488
0,64,488
488,490,489
490,491,489
492,71,490
71,491,490
493,70,492
70,71,492
32,425,439
425,494,439
495,494,478
494,425,478
480,496,478
496,495,478
58,497,480
497,496,480
13,498,58
498,497,58
13,12,498
65,12,489
12,0,489
489,491,65
491,66,65
491,71,66
71,68,66
245,499,70
499,68,70
68,499,476
476,475,68
475,69,68
497,498,72
498,12,72
12,73,72
500,73,65
73,12,65
440,77,76
474,450,75
450,76,75
75,51,474
51,75,17
75,375,17
440,439,77
439,501,77
439,494,501
494,502,501
502,494,503
494,495,503
495,496,503
503,496,72
496,497,72
500,65,78
65,67,78
69,504,66
504,78,66
475,505,69
505,504,69
374,373,475
373,505,475
501,506,77
75,77,410
77,506,410
502,506,501
506,502,81
502,503,81
81,503,507
503,72,507
507,72,79
72,74,79
79,73,508
73,500,508
78,509,500
509,508,500
510,509,504
509,78,504
505,511,504
511,510,504
373,512,505
512,511,505
14,513,373
513,512,373
375,411,14
411,513,14
81,514,506
509,510,515
409,515,511
515,510,511
512,406,511
406,409,511
513,516,512
516,406,512
411,517,513
517,516,513
410,518,411
518,517,411
410,506,518
506,514,518
519,514,80
514,81,80
518,514,520
514,519,520
517,518,521
518,520,521
517,521,516
521,522,516
522,407,516
407,406,516
82,81,523
81,507,523
523,507,524
507,79,524
524,79,525
79,508,525
509,526,508
526,525,508
408,526,515
526,509,515
515,409,408
523,419,82
419,523,527
523,524,527
527,524,83
524,525,83
525,526,83
526,84,83
84,526,408
407,528,408
528,84,408
522,529,407
529,528,407
521,530,522
530,529,522
520,531,521
531,530,521
519,80,520
80,531,520
531,80,422
80,82,422
422,416,531
416,530,531
84,528,412
412,528,529
530,416,529
416,412,529
85,84,415
83,85,415
532,527,415
527,83,415
420,419,532
419,527,532
533,532,414
532,415,414
533,534,532
534,420,532
418,413,412
421,417,422
417,416,422
82,420,423
420,534,423
101,535,105
388,101,105
105,108,536
108,537,536
537,108,538
108,539,538
388,105,536
540,388,536
537,541,536
541,540,536
538,542,537
542,541,537
543,544,86
544,87,86
89,91,86
91,93,86
545,546,544
546,87,544
87,547,88
547,90,88
89,90,91
90,92,91
93,92,94
92,95,94
95,548,96
548,549,96
548,550,549
550,551,549
550,552,551
552,553,551
554,555,547
555,90,547
555,97,90
97,92,90
97,99,92
99,95,92
99,100,95
100,548,95
100,102,548
102,550,548
102,556,550
556,552,550
557,558,554
558,555,554
558,559,555
559,97,555
559,103,97
103,98,97
98,560,99
560,100,99
560,535,100
535,101,100
101,389,102
389,556,102
561,562,557
562,558,557
562,563,558
563,559,558
559,563,103
563,104,103
104,564,98
564,560,98
564,565,560
565,535,560
535,565,105
565,106,105
107,566,108
566,539,108
568,569,567
569,561,567
569,570,561
570,562,561
570,571,562
571,563,562
571,572,563
572,104,563
572,573,104
573,564,104
573,574,564
574,565,564
565,574,106
574,109,106
110,575,107
575,566,107
577,578,576
578,579,576
578,580,579
580,568,579
580,581,568
581,569,568
581,582,569
582,570,569
582,583,570
583,571,570
583,6,571
6,572,571
6,8,572
8,573,572
8,584,573
584,574,573
574,584,109
584,111,109
111,585,110
585,575,110
587,588,586
587,589,588
589,587,590
587,591,590
586,592,587
592,593,587
590,591,577
591,578,577
591,594,578
594,580,578
594,595,580
595,581,580
595,596,581
596,582,581
596,597,582
597,583,582
597,360,583
360,6,583
7,584,8
7,598,584
598,111,584
598,599,111
599,585,111
587,600,591
600,594,591
600,601,594
601,595,594
601,602,595
602,596,595
602,603,596
603,597,596
603,604,597
604,360,597
360,604,112
604,113,112
114,605,7
605,598,7
605,606,598
606,599,598
607,608,592
608,593,592
608,609,593
609,610,593
609,611,610
611,612,610
611,613,612
613,614,612
613,615,614
615,616,614
615,617,616
617,618,616
617,619,618
619,124,618
619,620,124
620,621,124
620,622,621
622,623,621
625,626,624
626,627,624
626,628,627
628,629,627
628,630,629
630,631,629
630,632,631
632,633,631
632,634,633
634,635,633
634,636,635
636,637,635
636,362,637
362,361,637
363,125,115
125,116,115
116,638,117
638,639,117
641,126,640
126,642,640
126,366,642
366,365,642
365,364,643
364,644,643
643,644,645
644,119,645
646,645,118
645,119,118
118,120,647
120,648,647
647,648,121
648,122,121
121,123,649
123,650,649
649,650,651
650,652,651
651,652,653
652,654,653
655,641,640
656,118,647
647,121,656
121,657,656
659,660,658
658,660,653
660,651,653
662,663,661
651,660,649
660,664,649
649,664,121
664,657,121
658,662,659
662,661,659
646,665,645
665,128,645
645,128,643
128,666,643
643,666,365
666,667,365
365,667,642
667,668,642
642,668,640
668,669,640
640,669,655
669,670,655
593,610,587
610,600,587
610,612,600
612,601,600
612,614,601
614,602,601
614,616,602
616,603,602
616,618,603
618,604,603
604,618,113
618,124,113
124,621,114
621,605,114
621,623,605
623,606,605
627,629,607
629,608,607
629,631,608
631,609,608
631,633,609
633,611,609
633,635,611
635,613,611
635,637,613
637,615,613
637,361,615
361,617,615
361,115,617
115,619,617
115,117,619
117,620,619
117,639,620
639,622,620
654,652,671
652,672,671
652,650,672
650,625,672
650,123,625
123,626,625
123,122,626
122,628,626
122,648,628
648,630,628
648,120,630
120,632,630
120,119,632
119,634,632
119,644,634
644,636,634
644,364,636
364,362,636
364,366,362
366,363,362
363,366,125
366,126,125
126,641,116
641,638,116
673,669,134
669,668,134
134,668,674
668,667,674
674,667,130
667,666,130
130,666,127
666,128,127
129,128,675
128,665,675
673,676,669
676,670,669
677,678,675
675,678,129
678,131,129
127,129,130
129,131,130
130,133,674
133,679,674
674,679,134
679,135,134
134,136,673
136,147,673
676,673,680
673,147,680
140,368,681
368,144,681
681,144,137
144,138,137
139,136,137
682,369,140
369,368,140
137,679,681
679,133,681
681,133,140
133,132,140
140,131,682
131,678,682
682,678,683
678,677,683
137,136,679
136,135,679
150,158,141
158,142,141
159,684,157
685,686,150
686,158,150
368,9,144
9,11,144
138,144,139
144,145,139
139,146,136
146,687,136
136,687,147
687,148,147
147,149,680
149,157,680
392,382,23
382,150,23
688,390,143
390,151,143
689,399,688
399,390,688
397,399,690
399,689,690
690,156,397
156,152,397
156,155,152
155,153,152
691,393,153
393,154,153
384,685,382
685,150,382
691,153,692
153,693,692
693,153,11
153,155,11
11,156,145
156,690,145
690,689,145
689,146,145
689,688,146
688,687,146
687,688,148
688,143,148
149,143,157
143,142,157
158,686,159
686,684,159
661,663,694
165,161,695
161,696,695
166,165,697
165,695,697
699,166,698
166,697,698
672,699,671
699,698,671
699,672,624
672,625,624
700,701,160
701,161,160
160,702,700
702,703,700
165,704,161
704,163,161
163,704,164
704,165,164
699,624,166
624,167,166
167,624,607
624,627,607
607,592,167
592,163,167
702,160,163
163,592,702
592,586,702
703,702,588
702,586,588
10,369,177
706,707,705
693,708,692
708,709,692
708,707,709
707,710,709
708,367,707
707,367,705
682,683,369
683,177,369
705,367,177
367,10,177
693,11,708
11,367,708
168,663,348
663,662,348
348,174,168
174,169,168
171,694,168
694,663,168
168,170,171
170,169,171
353,711,174
711,172,174
712,713,353
713,711,353
712,710,713
710,707,713
714,715,171
715,694,171
714,171,175
171,173,175
716,175,711
175,172,711
716,711,717
711,713,717
717,713,707
717,707,706
705,177,706
717,176,716
716,176,175
714,175,718
175,176,718
714,718,715
719,720,718
720,715,718
178,719,176
719,718,176
717,706,176
706,177,176
177,683,178
719,178,677
178,683,677
719,677,720
290,292,179
292,180,179
294,721,295
721,722,295
724,725,723
726,727,182
727,728,182
728,183,182
320,328,729
730,731,185
731,3,185
371,732,372
15,374,16
374,186,16
16,187,18
187,188,18
21,191,377
191,733,377
20,189,21
189,190,21
18,189,20
377,733,379
733,734,379
379,734,381
734,735,381
383,194,384
194,193,384
381,735,383
735,194,383
736,737,387
387,737,389
737,738,389
739,389,738
328,192,729
192,217,729
729,217,219
729,219,740
740,219,741
328,327,192
327,193,192
394,393,742
393,330,742
742,330,743
330,332,743
743,332,744
332,745,744
744,745,746
745,747,746
746,747,748
747,740,748
748,740,741
748,741,749
741,197,749
751,752,750
754,755,753
755,756,753
758,251,757
251,188,757
760,761,759
762,763,759
763,760,759
764,765,761
765,766,761
768,257,767
257,770,769
770,771,769
772,200,195
200,196,195
200,202,201
200,772,202
773,749,199
749,197,199
197,196,199
196,200,199
752,751,774
752,774,775
777,752,776
752,775,776
779,777,778
777,776,778
781,779,780
779,778,780
198,781,195
781,780,195
776,775,782
775,783,782
778,776,784
776,782,784
780,778,785
778,784,785
195,780,786
780,785,786
772,195,786
772,786,202
786,787,202
788,789,202
789,203,202
790,787,785
787,786,785
204,790,784
790,785,784
784,782,204
782,205,204
205,782,206
782,791,206
208,206,209
206,791,209
204,206,792
206,208,792
790,204,793
204,792,793
790,793,787
793,794,787
793,215,794
794,215,214
794,214,795
214,796,795
796,797,795
202,787,788
787,794,788
791,782,798
782,783,798
798,799,791
799,209,791
774,783,775
751,798,774
798,783,774
751,750,798
750,799,798
800,788,795
788,794,795
789,788,800
198,801,781
801,802,781
197,801,198
197,803,801
197,218,803
741,219,197
219,218,197
781,802,779
802,804,779
804,805,779
805,777,779
752,777,806
777,805,806
752,806,750
806,805,807
806,807,207
807,805,808
805,804,808
804,802,808
802,211,808
211,802,212
802,801,212
750,806,799
806,207,799
207,209,799
809,792,207
792,208,207
809,216,792
216,793,792
793,216,215
808,211,809
211,216,809
807,808,207
808,809,207
213,216,210
216,211,210
210,796,213
796,214,213
810,797,210
797,796,210
810,811,797
811,812,797
797,812,795
212,801,813
801,803,813
810,210,813
210,212,813
813,803,814
803,218,814
811,810,814
810,813,814
815,816,811
816,812,811
812,816,220
192,814,217
814,218,217
814,192,811
192,815,811
815,735,816
735,817,816
194,735,192
735,815,192
221,817,734
817,735,734
226,222,227
222,221,227
227,221,733
221,734,733
816,817,220
817,221,220
190,250,224
250,223,224
190,224,191
223,226,224
224,227,191
227,733,191
818,374,476
746,748,819
748,749,819
820,819,773
819,749,773
822,819,821
819,820,821
744,746,822
746,819,822
823,744,232
744,822,232
743,744,823
231,232,821
232,822,821
742,743,228
743,823,228
228,233,742
233,394,742
823,232,228
232,229,228
185,230,231
230,229,231
230,235,228
235,234,228
234,235,824
61,60,62
60,233,62
235,825,824
5,825,185
825,235,185
824,825,826
826,825,4
825,5,4
827,236,3
731,239,827
239,828,827
829,828,242
828,239,242
244,830,242
830,829,242
70,493,244
493,830,244
773,199,831
199,203,831
831,832,773
832,820,773
833,821,832
821,820,832
834,231,833
231,821,833
247,185,834
185,231,834
185,247,730
730,240,731
240,239,731
243,242,238
242,239,238
835,244,241
244,242,241
835,499,244
499,245,244
835,476,499
818,476,241
476,835,241
834,248,247
254,730,246
730,247,246
254,252,730
252,240,730
789,800,249
800,795,249
795,250,249
251,250,190
251,190,188
190,189,188
203,789,836
789,249,836
831,203,837
203,836,837
831,837,832
837,838,832
832,838,833
833,838,834
838,248,834
238,240,243
240,252,243
839,241,253
241,243,253
840,818,839
818,241,839
186,374,840
374,818,840
836,249,841
249,251,841
251,758,841
837,836,841
837,841,838
841,842,838
838,842,248
842,255,248
246,248,254
248,255,254
254,256,252
256,843,252
844,253,843
253,252,843
844,845,253
845,839,253
846,840,845
840,839,845
847,186,846
186,840,846
848,187,847
187,186,847
757,188,848
188,187,848
842,841,849
844,850,845
850,753,845
753,846,845
756,847,753
847,846,753
851,848,756
848,847,756
852,757,851
757,848,851
853,758,852
758,757,852
841,758,849
758,853,849
842,849,257
849,258,257
849,853,258
853,854,258
853,852,854
852,855,854
855,852,856
852,851,856
755,856,756
856,851,756
842,257,255
257,857,255
255,857,256
857,858,256
256,858,843
858,261,843
859,844,261
844,843,261
859,754,844
754,850,844
850,754,753
857,257,768
857,768,858
768,860,858
858,860,261
860,262,261
759,859,260
859,261,260
759,754,859
861,755,759
755,754,759
862,856,861
856,755,861
863,855,862
855,856,862
864,854,863
854,855,863
259,258,864
258,854,864
259,864,257
864,770,257
766,770,863
770,864,863
759,761,861
761,862,861
766,863,761
863,862,761
260,762,759
262,762,260
860,865,262
865,762,262
768,767,860
767,865,860
865,866,762
866,763,762
867,866,767
866,865,767
764,761,760
765,771,766
771,770,766
767,257,867
257,769,867
739,284,283
738,284,739
284,868,281
281,868,869
281,869,539
869,538,539
738,868,284
870,868,738
871,869,870
869,868,870
542,538,871
538,869,871
267,264,263
263,266,269
872,873,267
873,264,267
874,875,263
875,267,263
876,874,269
874,263,269
877,876,271
876,269,271
879,877,878
877,271,878
881,879,880
879,878,880
552,881,553
881,880,553
882,883,874
883,875,874
275,882,876
882,874,876
273,275,877
275,876,877
278,273,879
273,877,879
276,278,881
278,879,881
556,276,552
276,881,552
884,885,882
885,883,882
274,884,275
884,882,275
279,280,273
280,274,273
277,279,278
279,273,278
739,283,276
283,277,276
389,739,556
739,276,556
886,887,884
887,885,884
888,886,274
886,884,274
889,888,279
888,274,279
890,889,277
889,279,277
282,890,283
890,277,283
285,287,281
287,282,281
566,285,539
285,281,539
891,892,887
892,893,887
894,891,886
891,887,886
895,894,888
894,886,888
896,895,889
895,888,889
897,896,890
896,889,890
286,897,282
897,890,282
288,289,285
289,286,285
575,288,566
288,285,566
899,900,898
900,901,898
902,899,892
899,898,892
903,902,891
902,892,891
904,903,894
903,891,894
905,904,895
904,894,895
181,905,896
905,895,896
179,181,897
181,896,897
906,179,286
179,897,286
907,906,288
906,286,288
585,907,575
907,288,575
909,910,908
909,908,911
909,911,912
911,913,912
915,910,914
910,909,914
912,913,899
913,900,899
916,912,902
912,899,902
917,916,903
916,902,903
918,917,904
917,903,904
919,918,905
918,904,905
180,919,181
919,905,181
290,179,906
920,290,907
290,906,907
599,920,585
920,907,585
921,909,916
909,912,916
922,921,917
921,916,917
923,922,918
922,917,918
924,923,919
923,918,919
291,924,180
924,919,180
302,303,290
303,291,290
925,302,920
302,290,920
606,925,599
925,920,599
926,346,914
346,915,914
928,926,927
926,914,927
930,928,929
928,927,929
932,930,931
930,929,931
934,932,933
932,931,933
936,934,935
934,933,935
938,936,937
936,935,937
940,938,939
938,937,939
622,940,623
940,939,623
942,943,941
943,944,941
946,942,945
942,941,945
948,946,947
946,945,947
950,948,949
948,947,949
952,950,951
950,949,951
954,952,953
952,951,953
721,954,722
954,953,722
304,305,293
305,294,293
638,304,639
304,293,639
956,641,955
641,957,955
723,956,724
956,955,724
725,724,958
724,959,958
958,959,960
959,961,960
960,961,296
961,297,296
296,298,962
298,300,962
963,962,299
962,300,299
299,301,964
301,965,964
964,965,966
965,967,966
966,967,654
967,653,654
655,957,641
968,300,298
301,300,969
300,968,969
971,658,970
970,658,967
658,653,967
662,973,972
970,967,974
967,965,974
974,965,969
965,301,969
662,658,973
658,971,973
976,297,975
297,961,975
975,961,977
961,959,977
977,959,978
959,724,978
978,724,979
724,955,979
979,955,980
955,957,980
980,957,670
957,655,670
927,914,921
914,909,921
929,927,922
927,921,922
931,929,923
929,922,923
933,931,924
931,923,924
935,933,291
933,924,291
937,935,302
935,291,302
939,937,925
937,302,925
623,939,606
939,925,606
945,941,926
941,346,926
947,945,928
945,926,928
949,947,930
947,928,930
951,949,932
949,930,932
953,951,934
951,932,934
722,953,936
953,934,936
295,722,938
722,936,938
293,295,940
295,938,940
639,293,622
293,940,622
966,654,981
654,671,981
964,966,943
966,981,943
299,964,942
964,943,942
963,299,946
299,942,946
962,963,948
963,946,948
296,962,950
962,948,950
960,296,952
296,950,952
958,960,954
960,952,954
725,958,721
958,954,721
723,725,294
725,721,294
956,723,304
723,294,304
641,956,638
956,304,638
980,982,979
982,312,979
979,312,978
312,311,978
978,311,977
311,307,977
975,977,306
977,307,306
975,306,976
306,983,976
676,982,670
982,980,670
985,983,984
984,983,316
983,306,316
309,316,986
316,306,309
309,307,987
307,311,987
988,987,310
987,311,310
310,312,326
312,982,326
982,676,326
676,680,326
183,317,322
317,314,322
324,322,313
322,314,313
313,315,310
728,989,183
989,317,183
987,315,309
315,314,309
309,314,316
316,317,984
317,989,984
984,989,985
989,990,985
310,315,988
315,987,988
991,992,318
992,319,318
336,157,684
686,685,992
685,319,992
182,184,321
184,183,321
321,322,323
322,324,323
323,313,334
313,310,334
334,310,325
325,326,157
326,680,157
319,193,320
193,327,320
729,740,320
740,329,320
747,993,740
993,329,740
747,745,993
745,994,993
331,994,332
994,745,332
995,996,330
996,331,330
393,691,330
691,995,330
685,384,319
384,193,319
995,691,333
691,692,333
996,995,331
995,333,331
331,182,994
182,321,994
993,994,323
994,321,323
329,993,334
993,323,334
318,329,325
329,334,325
992,991,336
991,318,336
686,992,684
992,336,684
973,997,972
342,341,696
341,695,696
341,998,695
998,697,695
998,999,697
999,698,697
999,981,698
981,671,698
981,999,943
999,944,943
342,1000,337
1000,338,337
1002,339,1001
339,338,1001
339,344,337
344,340,337
998,341,343
341,340,343
944,999,343
999,998,343
944,343,941
343,346,941
344,915,345
915,346,345
1002,344,339
915,344,910
344,1002,910
1002,1001,910
1001,908,910
727,1003,728
1005,1006,1004
1007,333,709
333,692,709
1004,1007,710
1007,709,710
1007,1004,726
1004,1006,726
990,989,1003
989,728,1003
726,1006,727
1006,1003,727
182,333,726
333,1007,726
972,349,662
349,348,662
352,174,347
174,348,347
997,351,972
351,349,972
354,352,350
352,347,350
354,1008,352
1008,353,352
1009,712,1008
712,353,1008
710,712,1004
712,1009,1004
1010,355,997
355,351,997
350,351,354
351,355,354
356,1011,354
1011,1008,354
1008,1011,1009
1011,358,1009
358,1004,1009
358,1005,1004
1006,1005,1003
358,1011,359
1011,356,359
356,355,359
355,1012,359
355,1010,1012
1013,1014,1010
1014,1012,1010
1014,357,1012
357,359,1012
1003,1005,357
1005,358,357
1003,357,990
357,1014,990
1014,985,990
1014,1013,985
1016,1017,1015
1019,1020,1018
1022,1015,1021
1023,1024,1021
1016,1026,1025
450,474,1015
474,1016,1015
1028,1029,1027
1029,1030,1027
1028,1032,1031
220,1033,1020
1020,1033,1034
1020,1036,1035
795,812,1018
812,1019,1018
1038,1035,1037
1035,1039,1037
1037,1041,1040
1023,1042,1024
1044,1021,1043
1021,1024,1043
1046,1047,1045
1045,1047,1048
1047,1049,1048
1048,1049,1050
1049,1051,1050
1043,1031,1044
1031,1032,1044
1052,1053,1043
1053,1031,1043
1050,1051,1052
1051,1053,1052
1044,1032,47
1032,472,47
47,49,1044
49,1021,1044
49,465,1021
465,1022,1021
1054,1046,1045
1015,1025,1021
1025,1023,1021
1043,1024,1052
1024,1042,1052
1052,1042,1050
1042,1055,1050
1050,1055,1048
1055,1056,1048
1048,1056,1045
1056,1054,1045
1046,1054,1057
1056,1058,1054
1058,1057,1054
1055,1059,1056
1059,1058,1056
1042,1060,1055
1060,1059,1055
1023,1027,1042
1027,1060,1042
1025,1026,1023
1026,1027,1023
1015,1017,1025
1017,1016,1025
1022,465,1015
465,450,1015
1057,1061,1046
1061,1047,1046
1047,1061,1049
1061,1062,1049
1062,1061,1058
1061,1057,1058
1049,1062,1051
1062,1063,1051
1063,1062,1059
1062,1058,1059
1051,1063,1053
1063,1064,1053
1060,1064,1059
1064,1063,1059
1027,1030,1060
1030,1064,1060
1026,1016,1027
1016,1028,1027
1016,474,1028
474,473,1028
1030,1031,1064
1031,1053,1064
1030,1029,1031
1029,1028,1031
1028,473,1032
473,472,1032
1066,1034,1065
1033,1067,1034
1067,1068,1034
1070,1071,1069
1069,1071,1072
1071,1073,1072
1072,1073,1074
1073,1075,1074
1041,1068,1040
1068,1067,1040
1076,1077,1041
1077,1068,1041
1074,1075,1076
1075,1077,1076
1040,1067,226
1067,222,226
220,222,1033
222,1067,1033
1019,812,1020
812,220,1020
1078,1071,1070
1066,1036,1034
1036,1020,1034
1034,1068,1065
1068,1077,1065
1065,1077,1079
1077,1075,1079
1079,1075,1080
1075,1073,1080
1080,1073,1078
1073,1071,1078
1070,1081,1078
1082,1080,1081
1080,1078,1081
1083,1079,1082
1079,1080,1082
1084,1065,1083
1065,1079,1083
1039,1066,1084
1066,1065,1084
1035,1036,1039
1036,1066,1039
1038,1018,1035
1018,1020,1035
1038,250,1018
250,795,1018
1081,1070,1085
1085,1070,1069
1085,1069,1086
1069,1072,1086
1085,1086,1081
1086,1082,1081
1086,1072,1087
1072,1074,1087
1086,1087,1082
1087,1083,1082
1087,1074,1088
1074,1076,1088
1088,1084,1087
1084,1083,1087
1037,1039,1088
1039,1084,1088
1089,1090,1037
1090,1038,1037
250,1038,223
1038,1090,223
1041,1037,1076
1037,1088,1076
1090,1089,1040
1089,1037,1040
223,1090,226
1090,1040,226
1092,1093,1091
1095,1096,1094
1098,1099,1097
677,1098,1100
1102,1103,1101
1101,1096,1095
1105,1106,1104
1107,1108,1103
1110,1111,1109
1111,1112,1109
1112,1111,1113
1115,1116,1114
1117,1091,1093
1119,1120,1118
1122,1123,1121
1124,661,694
1098,677,675
1125,1126,1115
1126,1113,1115
1106,1127,1104
1127,1107,1104
1128,1129,660
1129,664,660
1110,1130,1091
1130,1092,1091
1127,1106,1131
1106,1132,1131
656,1133,118
1133,1134,118
1134,646,118
1134,1133,1094
1133,1095,1094
1099,1096,1097
1134,1099,646
1099,665,646
1096,1099,1094
1099,1134,1094
675,665,1098
665,1099,1098
1135,1100,1097
1100,1098,1097
1135,720,1100
720,677,1100
1136,1137,1101
1137,1102,1101
657,664,1136
664,1137,1136
1124,694,1138
694,715,1138
1124,1138,1139
1138,1140,1139
1139,1140,1103
1140,1101,1103
657,1136,656
1136,1133,656
1133,1136,1095
1136,1101,1095
1096,1101,1097
1101,1140,1097
1140,1138,1097
1138,1135,1097
1135,1138,720
1138,715,720
1142,1143,1141
1143,1144,1141
1141,1144,1124
1144,661,1124
1144,1145,661
1145,659,661
1146,1147,1142
1147,1143,1142
1145,1144,1148
1144,1143,1148
1148,1149,1145
1149,1128,1145
1145,1128,659
1128,660,659
1151,1108,1150
1108,1152,1150
1139,1103,1151
1103,1108,1151
1128,1149,1129
1149,1105,1129
664,1129,1137
1129,1107,1137
1107,1129,1104
1129,1105,1104
1102,1137,1103
1137,1107,1103
1107,1127,1108
1127,1152,1108
1139,1151,1124
1151,1141,1124
1150,1142,1151
1142,1141,1151
1149,1153,1105
1153,1154,1105
1092,1130,1109
1130,1110,1109
1148,1143,1155
1143,1147,1155
1148,1155,1149
1155,1153,1149
1110,1155,1111
1155,1147,1111
1091,1153,1110
1153,1155,1110
1154,1153,1119
1153,1091,1119
1113,1111,1146
1111,1147,1146
1156,1109,1113
1109,1112,1113
1131,1132,1118
1118,1157,1114
1157,1121,1114
1117,1121,1157
1121,1158,1114
1158,1115,1114
1105,1154,1106
1154,1132,1106
1122,1159,1093
1159,1117,1093
1119,1091,1120
1091,1117,1120
1132,1154,1118
1154,1119,1118
1152,1114,1150
1114,1116,1150
1116,1115,1146
1115,1113,1146
1117,1159,1121
1159,1122,1121
1113,1126,1156
1121,1123,1158
1123,1160,1158
1158,1160,1115
1160,1125,1115
1117,1157,1120
1120,1157,1118
1118,1114,1131
1150,1116,1142
1116,1146,1142
1131,1114,1127
1114,1152,1127
1162,1163,1161
1163,1164,1161
1165,1166,1161
1166,1162,1161
1167,1168,1161
1168,1165,1161
1092,1109,1169
1109,1170,1169
1161,1164,1169
1164,1092,1169
1093,1092,1164
1156,1167,1109
1167,1170,1109
1126,1168,1156
1168,1167,1156
1093,1164,1122
1164,1163,1122
1169,1170,1161
1170,1167,1161
1163,1162,1122
1162,1123,1122
1168,1126,1165
1126,1125,1165
1123,1162,1160
1162,1166,1160
1125,1160,1165
1160,1166,1165
1172,1173,1171
1175,1176,1174
1177,1176,1175
1179,1180,1178
1182,1183,1181
1185,1186,1184
1171,1188,1187
1190,1191,1189
1192,1193,1189
1193,1194,1189
1196,1197,1195
1198,1199,1171
1199,1172,1171
1201,1202,1200
1202,1191,1200
1203,1204,546
1204,1205,546
1203,1206,1204
1206,1207,1204
1195,1181,1193
1181,1208,1193
1209,1210,1194
1210,1211,1194
1212,1213,1174
1213,1175,1174
1208,1209,1193
1209,1194,1193
1174,1176,1208
1176,1209,1208
1210,1209,1179
1209,1176,1179
1183,1174,1181
1174,1208,1181
1214,1212,1183
1212,1174,1183
1171,1173,1178
1178,1215,1188
1215,1184,1188
1177,1184,1215
1217,1188,1216
1188,1184,1216
1182,1218,1216
1218,1217,1216
1211,1210,1172
1210,1173,1172
1185,1219,1175
1219,1177,1175
1179,1176,1180
1176,1177,1180
1173,1210,1178
1210,1179,1178
1187,1188,1220
1188,1217,1220
1217,1218,1220
1221,1218,1181
1218,1182,1181
1177,1219,1184
1219,1185,1184
1222,1214,1182
1214,1183,1182
1222,1182,1223
1184,1186,1216
1186,1224,1216
1216,1224,1182
1224,1223,1182
1177,1215,1180
1180,1215,1178
1178,1188,1171
1225,1221,1195
1221,1181,1195
1220,1218,1225
1218,1221,1225
1199,1198,1187
1198,1171,1187
1226,1227,1196
1196,1202,1226
1202,1201,1226
1229,1230,1228
1230,1229,1231
1229,1207,1231
1233,1234,1232
1236,1237,1235
1237,1238,1235
1236,1235,579
1235,576,579
1237,1236,1239
1205,547,546
547,87,546
1229,1240,1207
1240,1204,1207
1240,1241,1204
1241,1205,1204
1241,554,1205
554,547,1205
1232,1234,1229
1234,1240,1229
1234,1242,1240
1242,1241,1240
1242,557,1241
557,554,1241
1239,1236,1233
1236,1234,1233
1236,567,1234
567,1242,1234
567,561,1242
561,557,1242
579,568,1236
568,567,1236
1228,1230,1243
1230,1231,1243
1243,1244,1199
1244,1172,1199
1172,1244,1211
1244,1190,1211
1194,1211,1189
1211,1190,1189
1190,1245,1191
1245,1200,1191
1245,1190,1246
1190,1244,1246
1191,1202,1189
1202,1192,1189
1196,1192,1202
1193,1192,1195
1192,1196,1195
1227,1197,1196
1247,1225,1197
1225,1195,1197
1199,1187,1243
1187,1228,1243
1187,1220,1228
1220,1248,1228
1248,1220,1247
1220,1225,1247
1246,1231,1206
1231,1207,1206
1231,1246,1243
1246,1244,1243
1228,1248,1229
1248,1232,1229
1233,1232,1247
1232,1248,1247
1239,1233,1197
1233,1247,1197
1237,1239,1227
1239,1197,1227
1238,1237,1226
1237,1227,1226
1250,1251,1249
1252,1253,1249
1253,1250,1249
1249,1213,1212
1254,1255,1249
1255,1252,1249
1256,1257,1212
1257,1249,1212
1249,1175,1213
1254,1256,1214
1256,1212,1214
1255,1254,1222
1254,1214,1222
1175,1249,1185
1249,1251,1185
1257,1256,1249
1256,1254,1249
1251,1250,1185
1250,1186,1185
1255,1222,1252
1222,1223,1252
1250,1253,1186
1253,1224,1186
1252,1223,1253
1223,1224,1253
1258,96,549
1260,589,1259
1200,1262,1261
1264,1265,1263
1265,1266,1263
1265,1268,1267
1270,1271,1269
1273,1274,1272
1275,1276,1268
1276,1273,1268
1261,1262,1277
1278,1226,1201
1279,1280,1278
1280,1281,1278
1280,1267,1272
700,1283,1282
1285,1259,1284
1286,878,271
1287,1288,911
1290,1291,1289
1293,1294,1292
1294,1295,1292
1295,1297,1296
1298,1269,1271
1297,1299,1274
1300,1301,1273
1301,1296,1273
1276,1277,1289
1290,1303,1302
1300,1305,1304
1305,1306,1304
1307,1299,1297
342,1309,1308
1310,1311,1288
1313,543,1312
543,86,1312
96,1258,94
1258,93,94
1286,1314,549
1314,1258,549
1285,1315,1259
1315,1260,1259
1283,1260,1315
1316,1201,1261
1201,1200,1261
1318,1319,1317
1318,1320,1319
1318,1321,1320
1318,1322,1321
1318,1317,1322
1324,1325,1323
1325,1264,1323
1325,1326,1264
1325,1327,1326
1325,1324,1327
1328,1329,1317
1329,1322,1317
1329,1330,1322
1330,1321,1322
1330,1331,1321
1331,1320,1321
1331,1332,1320
1332,1319,1320
1332,1328,1319
1328,1317,1319
1263,1333,1324
1333,1327,1324
1333,1334,1327
1334,1326,1327
1334,1265,1326
1265,1264,1326
1324,1323,1263
1323,1264,1263
1328,1332,1335
1332,1275,1335
1331,1261,1332
1261,1275,1332
1316,1261,1330
1261,1331,1330
1330,1329,1316
1329,1336,1316
1329,1328,1336
1328,1335,1336
1263,1266,1267
1266,1265,1267
1265,1334,1268
1334,1279,1268
1334,1333,1279
1333,1280,1279
1263,1267,1333
1267,1280,1333
549,551,1286
551,553,1286
1337,86,1258
86,93,1258
1338,1203,546
1206,1203,1339
1338,1340,1203
1340,1339,1203
1338,545,1340
545,544,1340
1338,546,545
1246,1206,1341
1342,1341,1339
1341,1206,1339
1340,1343,1339
1343,1342,1339
1340,544,1343
544,1313,1343
1313,544,543
1345,1277,1344
1277,1262,1344
1347,1345,1346
1345,1344,1346
1349,1347,1348
1347,1346,1348
1269,1349,1350
1349,1348,1350
1350,1351,1269
1351,1270,1269
1352,1270,1312
1270,1351,1312
1312,86,1352
86,1337,1352
1312,1351,1313
1351,1343,1313
1351,1350,1343
1350,1342,1343
1341,1342,1348
1342,1350,1348
1246,1341,1346
1341,1348,1346
1245,1246,1344
1246,1346,1344
1200,1245,1262
1245,1344,1262
1267,1268,1272
1268,1273,1272
1279,1335,1268
1335,1275,1268
1276,1275,1277
1275,1261,1277
1316,1336,1201
1336,1278,1201
1336,1335,1278
1335,1279,1278
1353,1281,1272
1281,1280,1272
1281,1353,1354
1353,1355,1354
1356,1278,1354
1278,1281,1354
1226,1278,1238
1278,1356,1238
1315,1355,1283
1355,1353,1283
1272,1282,1353
1282,1283,1353
1282,1272,1357
1272,1274,1357
161,1282,696
1282,1357,696
161,701,1282
701,700,1282
1283,700,1260
700,703,1260
588,589,703
589,1260,703
1355,1315,1284
1315,1285,1284
1354,1355,1358
1355,1284,1358
1359,1356,1358
1356,1354,1358
1238,1356,1235
1356,1359,1235
589,590,1259
1259,590,1284
1359,576,1235
1284,590,1358
590,577,1358
1358,577,1359
577,576,1359
265,1360,266
1360,1361,266
1258,271,269
1258,1314,271
1314,1286,271
1362,1363,911
1363,1287,911
1308,1363,1362
1364,1303,1289
1303,1290,1289
1366,1367,1365
1366,1365,1368
1366,1368,1369
1366,1369,1370
1366,1370,1367
1372,1294,1371
1294,1293,1371
1372,1371,1373
1372,1373,1374
1372,1374,1294
1375,1376,1370
1376,1367,1370
1377,1375,1369
1375,1370,1369
1378,1377,1368
1377,1369,1368
1379,1378,1365
1378,1368,1365
1376,1379,1367
1379,1365,1367
1380,1295,1374
1295,1294,1374
1381,1380,1373
1380,1374,1373
1382,1381,1371
1381,1373,1371
1382,1371,1292
1371,1293,1292
1379,1376,1383
1376,1300,1383
1291,1378,1383
1378,1379,1383
1291,1290,1378
1290,1377,1378
1375,1377,1305
1377,1290,1305
1376,1375,1300
1375,1305,1300
1382,1292,1296
1292,1295,1296
1381,1382,1301
1382,1296,1301
1380,1381,1384
1381,1301,1384
1297,1295,1384
1295,1380,1384
878,1286,880
880,1286,553
266,1337,269
1337,1258,269
1386,872,1385
1387,1388,1385
1389,1386,1388
1386,1385,1388
873,1386,264
1386,1389,264
1386,873,872
1390,1391,1387
1391,1392,1387
1392,1388,1387
1393,1389,1392
1389,1388,1392
264,1389,1360
1389,1393,1360
1360,265,264
1277,1345,1289
1345,1394,1289
1345,1347,1394
1347,1395,1394
1347,1349,1395
1349,1396,1395
1349,1269,1396
1269,1298,1396
1270,1397,1271
1397,1298,1271
1270,1352,1397
1352,1361,1397
266,1361,1337
1361,1352,1337
1397,1361,1393
1361,1360,1393
1298,1397,1392
1397,1393,1392
1392,1391,1298
1391,1396,1298
1391,1390,1396
1390,1395,1396
1390,1398,1395
1398,1394,1395
1398,1364,1394
1364,1289,1394
1273,1296,1274
1296,1297,1274
1276,1383,1273
1383,1300,1273
1291,1383,1289
1383,1276,1289
1306,1305,1302
1305,1290,1302
1384,1301,1304
1301,1300,1304
1384,1304,1297
1304,1307,1297
1307,1304,1310
1304,1399,1310
1306,1400,1304
1400,1399,1304
1306,1302,1400
1302,1401,1400
1310,1363,1307
1363,1308,1307
1309,1299,1308
1299,1307,1308
1299,1309,1274
1309,1357,1274
1309,342,1357
342,696,1357
338,1000,1308
1000,342,1308
338,1308,1001
1308,1362,1001
911,908,1362
908,1001,1362
1287,1363,1288
1363,1310,1288
1310,1399,1311
1399,1402,1311
1400,1403,1399
1403,1402,1399
1400,1401,1403
1401,1404,1403
911,1288,913
1288,1311,913
1403,1404,901
913,1311,900
1311,1402,900
900,1402,901
1402,1403,901
1406,1407,1405
1409,1410,1408
1412,1413,1411
1412,1415,1414
1417,1418,1416
1419,1420,1409
1422,1423,1421
1425,1416,1424
1427,1428,1426
1428,1429,1426
1431,1432,1430
1434,1435,1433
1436,1405,1407
1438,1439,1437
1441,1434,1440
1442,997,973
1414,983,985
1443,1444,1432
1444,1445,1432
1446,1421,1422
1447,1448,974
1448,970,974
1428,1427,1405
1427,1406,1405
1421,1446,1438
1446,1449,1438
968,298,1419
1419,298,1408
1408,298,297
1419,1408,1409
1411,1413,1409
1411,1408,976
1408,297,976
1411,1409,1408
976,983,1411
983,1414,1411
1414,1415,1411
1415,1412,1411
985,1013,1414
1013,1412,1414
1425,1450,1416
1450,1417,1416
974,969,1450
969,1417,1450
997,1442,1010
1442,1451,1010
1451,1442,1452
1442,1453,1452
1452,1453,1418
1453,1416,1418
1417,969,1419
969,968,1419
1418,1417,1409
1417,1419,1409
1418,1409,1452
1409,1413,1452
1451,1452,1412
1452,1413,1412
1451,1412,1010
1412,1013,1010
1455,1456,1454
1456,1457,1454
1454,1457,973
1457,1442,973
1458,1454,971
1454,973,971
1459,1460,1455
1460,1456,1455
1454,1458,1455
1458,1461,1455
1462,1461,1448
1461,1458,1448
1448,1458,970
1458,971,970
1424,1464,1463
1464,1465,1463
1416,1453,1424
1453,1464,1424
1462,1448,1466
1448,1447,1466
1447,974,1422
974,1450,1422
1466,1447,1421
1447,1422,1421
1422,1450,1424
1450,1425,1424
1446,1422,1463
1422,1424,1463
1464,1453,1457
1453,1442,1457
1456,1465,1457
1465,1464,1457
1468,1462,1467
1462,1466,1467
1430,1406,1426
1406,1427,1426
1455,1461,1459
1461,1469,1459
1469,1461,1468
1461,1462,1468
1469,1406,1459
1406,1430,1459
1468,1407,1469
1407,1406,1469
1467,1470,1468
1468,1470,1407
1430,1432,1459
1432,1460,1459
1426,1429,1430
1429,1431,1430
1449,1439,1438
1471,1439,1434
1439,1435,1434
1441,1471,1434
1445,1472,1433
1472,1434,1433
1467,1466,1438
1466,1421,1438
1441,1473,1407
1473,1436,1407
1407,1470,1441
1470,1437,1441
1470,1467,1437
1467,1438,1437
1435,1463,1433
1463,1465,1433
1445,1433,1432
1433,1460,1432
1436,1473,1440
1473,1441,1440
1432,1431,1443
1440,1434,1474
1434,1472,1474
1474,1472,1444
1472,1445,1444
1441,1437,1471
1437,1439,1471
1439,1449,1435
1433,1465,1460
1465,1456,1460
1435,1449,1463
1449,1446,1463
1476,1477,1475
1477,1478,1475
1479,1480,1475
1480,1476,1475
1481,1482,1475
1482,1479,1475
1429,1428,1476
1428,1477,1476
1475,1478,1428
1478,1477,1428
1405,1475,1428
1480,1431,1476
1431,1429,1476
1479,1443,1480
1443,1431,1480
1475,1405,1483
1405,1436,1483
1483,1484,1475
1484,1481,1475
1484,1483,1440
1483,1436,1440
1443,1479,1444
1479,1482,1444
1484,1440,1481
1440,1474,1481
1474,1444,1481
1444,1482,1481
1486,1487,1485
1489,1490,1488
1491,1492,1488
1485,1494,1493
1496,1497,1495
1499,1500,1498
1502,1503,1501
1505,1506,1504
1507,1504,1505
1509,1510,1508
1511,1502,1485
1502,1486,1485
1507,1303,1504
1303,1364,1504
1513,1385,1512
1385,872,1512
1387,1385,1514
1385,1513,1514
1497,1510,1515
1510,1509,1515
1517,1518,1516
1518,1505,1516
1492,1519,1488
1519,1489,1488
1518,1515,1505
1515,1509,1505
1488,1490,1518
1490,1515,1518
1517,1520,1518
1518,1520,1488
1490,1495,1515
1495,1497,1515
1489,1521,1490
1521,1495,1490
1487,1494,1485
1522,1494,1500
1494,1501,1500
1499,1522,1500
1501,1523,1500
1523,1524,1500
1525,1526,1523
1526,1524,1523
1517,1516,1485
1516,1511,1485
1499,1527,1488
1527,1491,1488
1488,1520,1499
1520,1493,1499
1520,1517,1493
1517,1485,1493
1501,1503,1523
1503,1528,1523
1523,1528,1525
1526,1525,1495
1525,1496,1495
1491,1527,1498
1527,1499,1498
1521,1529,1495
1529,1526,1495
1529,1530,1526
1498,1500,1531
1500,1524,1531
1531,1524,1530
1524,1526,1530
1499,1493,1522
1493,1494,1522
1494,1487,1501
1496,1532,1497
1532,1510,1497
1525,1528,1496
1528,1532,1496
1487,1486,1501
1486,1502,1501
1302,1534,1533
1507,1534,1303
1534,1302,1303
1536,1537,1535
1536,1535,1514
1535,1538,1514
1540,1541,1539
1542,1543,1401
1543,1404,1401
1404,1543,901
1543,898,901
1542,1544,1543
875,1512,267
1512,872,267
1545,1536,1513
1536,1514,1513
1546,1545,1512
1545,1513,1512
883,1546,875
1546,1512,875
1539,1541,1545
1541,1536,1545
1547,1539,1546
1539,1545,1546
885,1547,883
1547,1546,883
1543,1544,1539
1544,1540,1539
893,1543,1547
1543,1539,1547
887,893,885
893,1547,885
892,898,893
898,1543,893
1535,1537,1538
1537,1548,1538
1549,1548,1511
1548,1502,1511
1549,1511,1550
1511,1516,1550
1550,1516,1504
1516,1505,1504
1398,1550,1364
1550,1504,1364
1550,1398,1549
1398,1390,1549
1509,1551,1505
1551,1507,1505
1534,1507,1551
1534,1551,1508
1551,1509,1508
1533,1534,1508
1532,1552,1510
1552,1508,1510
1503,1502,1537
1502,1548,1537
1528,1503,1553
1503,1537,1553
1528,1553,1532
1553,1552,1532
1538,1390,1514
1390,1387,1514
1390,1538,1549
1538,1548,1549
1553,1537,1541
1537,1536,1541
1541,1540,1553
1540,1552,1553
1540,1544,1552
1544,1508,1552
1544,1542,1508
1542,1533,1508
1542,1401,1533
1401,1302,1533
1555,1556,1554
1557,1558,1554
1558,1555,1554
1558,1489,1519
1559,1560,1554
1560,1557,1554
1556,1555,1519
1555,1558,1519
1556,1519,1492
1558,1557,1489
1557,1521,1489
1557,1560,1521
1560,1529,1521
1556,1492,1554
1492,1491,1554
1561,1562,1554
1562,1559,1554
1561,1554,1498
1554,1491,1498
1529,1560,1530
1560,1559,1530
1562,1561,1531
1561,1498,1531
1530,1559,1531
1559,1562,1531
1564,1565,1563
1565,1566,1563
1568,1569,1567
1568,1571,1570
1571,1572,1570
1574,370,1573
370,1575,1573
1577,1578,1576
1578,1579,1576
1580,370,372
540,1582,1581
1582,1583,1581
1582,1585,1584
1585,1586,1584
1585,1588,1587
542,1589,1582
1589,1590,1582
1589,1591,1585
1591,1592,1585
1593,1588,1585
1595,1596,1594
1596,1597,1594
1599,1600,1598
1598,1600,1601
1600,1602,1601
1604,1605,1603
1605,1606,1603
1608,1609,1607
1609,1610,1607
1611,372,732
738,737,1612
737,1613,1612
1612,1613,1614
1613,1615,1614
1615,1617,1616
871,870,1618
870,1619,1618
1618,1619,1620
1619,1621,1620
1620,1621,1616
1622,1587,1580
1623,1584,1622
1584,1587,1622
1624,1623,1611
1623,1622,1611
1626,1627,1625
1629,1630,1628
1630,1627,1628
1628,1627,1629
1627,1631,1629
1632,1580,1627
1575,370,1580
1634,1566,1633
1566,1565,1633
1633,1635,1634
1635,1636,1634
1635,1565,1637
1565,1564,1637
1637,1638,1636
1638,1639,1636
1640,1641,1571
1641,1572,1571
1643,1644,1642
1644,1645,1642
1642,1647,1646
1647,1648,1646
1646,1639,1643
1639,1649,1643
1647,1645,1648
1645,1563,1648
1638,1564,1649
1564,1644,1649
1645,1644,1563
1644,1564,1563
1563,1566,1650
1566,1651,1650
1650,1651,1652
1651,1576,1652
1652,1576,1653
1576,1654,1653
1653,1654,1567
1654,1568,1567
1567,1569,1570
1569,1568,1570
1638,1649,1639
1642,1646,1643
1656,1657,1655
1570,1641,1655
1635,1637,1636
1658,1659,1573
1659,1574,1573
1632,1660,1580
1660,1575,1580
1632,1627,1626
1625,1627,1630
1651,1661,1576
1661,1577,1576
1566,1663,1662
1663,1664,1662
1634,1663,1566
1635,1633,1565
1629,1665,1630
1665,1666,1630
1630,1666,1667
1666,1668,1667
1668,1669,1667
1667,1669,1571
1669,1640,1571
1572,1641,1570
1570,1655,1657
1657,1656,1670
1656,1671,1670
1671,1672,1670
1672,1673,1670
1670,1673,1674
1673,1675,1674
1623,1624,1676
1624,556,1676
1676,556,386
556,387,386
1677,1631,1627
1678,371,370
1574,1678,370
1679,1574,1659
1664,1680,1662
1662,1680,1659
1680,1679,1659
1647,1642,1645
1643,1649,1644
1638,1637,1564
1674,1675,1650
1675,1681,1650
1650,1681,1563
1681,1648,1563
1653,1567,1570
1570,1657,1652
1657,1670,1652
1670,1674,1652
1674,1650,1652
1653,1570,1652
385,1581,386
1581,1676,386
1581,1584,1676
1584,1623,1676
1611,1622,372
1622,1580,372
385,388,1581
388,540,1581
1581,1583,1584
1583,1582,1584
1584,1586,1587
1586,1585,1587
1587,1588,1580
1588,1627,1580
540,541,1582
541,542,1582
1582,1590,1585
1590,1589,1585
1591,1593,1585
1677,1627,1593
1627,1588,1593
1682,1571,1568
1682,1667,1571
1625,1667,1682
1625,1630,1667
1683,1568,1654
1683,1682,1568
1626,1682,1683
1626,1625,1682
1579,1654,1576
1579,1683,1654
1684,1683,1579
1632,1683,1684
1632,1626,1683
1578,1684,1579
1660,1684,1578
1660,1632,1684
1661,1651,1566
1660,1578,1577
1662,1661,1566
1659,1661,1662
1659,1577,1661
1658,1577,1659
1577,1658,1660
1658,1575,1660
1573,1575,1658
1685,1686,1617
1615,1687,1617
1687,1685,1617
1687,1624,1685
1624,1611,1685
1689,1690,1688
1691,1629,1688
1629,1692,1688
1688,1692,1631
1692,1629,1631
1693,1688,1686
1603,1686,732
1594,1634,1694
1634,1695,1694
1696,1695,1636
1695,1634,1636
1694,1696,1697
1696,1698,1697
1699,1698,1639
1698,1636,1639
1641,1640,1601
1640,1700,1601
1595,1701,1596
1701,1702,1596
1703,1702,1648
1702,1646,1648
1639,1646,1704
1646,1701,1704
1596,1703,1597
1703,1648,1597
1697,1699,1595
1699,1704,1595
1694,1697,1594
1697,1595,1594
1594,1597,1609
1597,1705,1609
1609,1705,1610
1705,1706,1610
1610,1706,1707
1706,1599,1707
1708,1707,1598
1707,1599,1598
1700,1708,1601
1708,1598,1601
1699,1639,1704
1702,1701,1646
1656,1655,1709
1602,1655,1641
1696,1636,1698
732,1574,1603
1574,1604,1603
1710,1693,1603
1693,1686,1603
1693,1689,1688
1690,1691,1688
1711,1712,1607
1712,1608,1607
1663,1594,1664
1594,1713,1664
1634,1594,1663
1696,1694,1695
1629,1691,1665
1665,1691,1666
1666,1691,1668
1691,1714,1668
1668,1714,1669
1669,1714,1640
1714,1700,1640
1601,1602,1641
1602,1709,1655
1656,1709,1671
1709,1715,1671
1671,1715,1672
1672,1715,1673
1673,1715,1675
1715,1716,1675
1624,1687,556
1687,1717,556
556,1717,387
1717,736,387
1677,1688,1631
1678,732,371
1574,732,1678
1679,1604,1574
1664,1713,1680
1680,1713,1679
1713,1604,1679
1703,1596,1702
1701,1595,1704
1699,1697,1698
1675,1716,1681
1716,1705,1681
1681,1705,1648
1705,1597,1648
1599,1602,1600
1602,1706,1709
1709,1706,1715
1715,1706,1716
1716,1706,1705
1599,1706,1602
1613,737,1717
737,736,1717
1615,1613,1687
1613,1717,1687
1686,1685,732
1685,1611,732
1619,870,1612
870,738,1612
1621,1619,1614
1619,1612,1614
1621,1614,1616
1614,1615,1616
1616,1617,1688
1617,1686,1688
1589,542,1618
542,871,1618
1591,1589,1620
1589,1618,1620
1593,1591,1616
1591,1620,1616
1688,1677,1616
1677,1593,1616
1718,1708,1700
1718,1700,1714
1690,1718,1714
1690,1714,1691
1719,1707,1708
1719,1708,1718
1689,1719,1718
1689,1718,1690
1607,1610,1707
1607,1707,1719
1720,1607,1719
1693,1720,1719
1693,1719,1689
1711,1607,1720
1710,1711,1720
1710,1720,1693
1608,1594,1609
1710,1712,1711
1713,1594,1608
1604,1713,1608
1604,1608,1712
1605,1604,1712
1605,1712,1603
1712,1710,1603
1722,1723,1721
1723,1724,1721
1726,1727,1725
1727,1728,1725
1722,1729,421
1729,417,421
417,1729,418
1729,1730,418
421,423,1722
1722,423,1723
423,534,1723
1723,534,1724
534,533,1724
533,414,1724
1721,1724,413
1724,414,413
418,1730,413
1730,1721,413
1730,1729,1721
1729,1722,1721
1726,1731,765
1731,771,765
1726,765,1727
765,764,1727
771,1731,769
769,1731,867
1731,1732,867
867,1732,866
1732,1725,866
866,1725,763
1725,1728,763
1728,760,763
1727,764,1728
764,760,1728
1732,1731,1725
1731,1726,1725
59,62,1733
487,1735,1734
1735,487,1736
1738,1739,1737
492,1741,1740
1742,1743,62
827,1745,1744
1746,1747,237
1749,1750,1748
1752,1740,1751
1742,1733,62
1754,1755,1753
1754,1756,1756
1756,1755,1754
1737,1757,1749
1758,1759,1737
1759,1757,1737
1760,1761,1758
1761,1759,1758
1762,1761,1760
1763,1764,1760
1764,1762,1760
1765,1766,1763
1766,1764,1763
1767,1766,1765
1735,1768,1734
1768,1769,1734
1770,1771,1738
1740,1741,1753
1741,1772,1753
1742,1773,1733
1773,59,1733
59,1773,483
1773,1774,483
1773,1742,1765
1775,1774,1765
1774,1773,1765
1765,1763,1775
1776,1777,1775
1777,1774,1775
1760,1776,1763
1776,1775,1763
1778,1779,1760
1779,1776,1760
1778,1760,1758
1779,1780,1776
1780,1777,1776
1777,1781,1774
1781,483,1774
1782,1781,1780
1781,1777,1780
483,1781,485
485,1781,1782
485,1782,486
487,486,1736
486,1782,1736
1783,1768,1738
1768,1770,1738
1768,1783,1769
1785,1769,1784
1769,1783,1784
1784,1786,1785
1786,1787,1785
1785,1787,1769
1787,1734,1769
1768,1735,1770
1735,1788,1770
1788,1771,1770
64,63,1734
63,487,1734
1736,1782,1789
1782,1780,1789
1790,1789,1779
1789,1780,1779
1771,1788,1790
1788,1789,1790
1789,1788,1736
1788,1735,1736
1738,1771,1739
1771,1790,1739
1739,1790,1778
1790,1779,1778
1737,1739,1758
1739,1778,1758
1749,1756,1737
1756,1738,1737
1754,1791,1756
1791,1738,1756
1791,1783,1738
1752,493,1740
493,492,1740
1791,1772,1783
1772,1784,1783
1753,1772,1754
1772,1791,1754
1772,1741,1784
1741,1786,1784
488,64,1787
64,1734,1787
1787,1786,488
1786,490,488
1741,492,1786
492,490,1786
1755,1792,1753
1755,1756,1756
1756,1792,1755
1757,1750,1749
1759,1793,1757
1793,1750,1757
1761,1794,1759
1794,1793,1759
1762,1794,1761
1764,1795,1762
1795,1794,1762
1766,1765,1764
1765,1795,1764
1797,1744,1796
1744,1745,1796
1799,1800,1798
1751,1740,1801
1740,1753,1801
234,1802,62
1802,1742,62
1802,234,1803
234,824,1803
1802,1765,1742
1803,1804,1802
1804,1765,1802
1765,1804,1795
1805,1806,1803
1806,1804,1803
1806,1794,1804
1794,1795,1804
1807,1808,1806
1808,1794,1806
1808,1793,1794
1809,1807,1805
1807,1806,1805
1810,1805,824
1805,1803,824
1810,1811,1805
1811,1809,1805
824,826,1810
826,1811,1810
826,4,1811
4,237,1811
237,1747,1811
1797,1812,1799
1812,1800,1799
1797,1796,1812
1796,1813,1812
1813,1814,1812
1814,1813,1815
1815,1813,1816
1816,1813,1745
1813,1796,1745
1744,1797,1817
1797,1799,1817
1817,1799,1798
237,236,1744
236,827,1744
1811,1747,1809
1747,1746,1809
1746,1818,1809
1818,1807,1809
1817,1798,1746
1798,1818,1746
1744,1817,237
1817,1746,237
1798,1800,1818
1800,1748,1818
1818,1748,1807
1748,1808,1807
1748,1750,1808
1750,1793,1808
1800,1756,1748
1756,1749,1748
1819,1792,1800
1792,1756,1800
1819,1800,1812
830,493,1751
493,1752,1751
1801,1819,1814
1819,1812,1814
1801,1753,1819
1753,1792,1819
1751,1801,1815
1801,1814,1815
827,828,1745
828,1816,1745
1815,1816,829
1816,828,829
830,1751,829
1751,1815,829