"Face"
50
228,120,69
270,0,-10
0,0,0
429,804
 -1.25,-2.15,-4.16
 -1.15,-1.97,-4.53
 -0.89,-1.94,-4.08
 -1.12,-1.72,-4.81
 -0.88,-1.84,-4.45
 -0.89,-1.60,-4.78
 -1.03,-1.23,-5.15
 -0.12,-1.31,-4.74
 -0.11,-1.51,-4.04
 -0.08,-1.46,-4.38
 -1.41,-2.40,-3.45
 -0.95,-2.25,-2.94
 -1.52,-2.58,-2.87
 -1.36,-2.31,-3.69
 -0.92,-2.05,-3.64
 -0.59,-1.84,-3.65
 -0.26,-1.69,-3.03
 -0.17,-1.55,-3.65
 -0.96,-0.78,-5.33
 -0.10,-0.68,-5.07
 -0.11,-0.95,-4.97
 -0.85,-0.42,-5.38
 -0.94,-0.02,-5.46
 -0.09,-0.37,-5.13
 -0.07,-0.02,-5.17
 0.45,-0.96,-4.67
 0.45,-0.67,-4.88
 0.43,-1.14,-4.34
 0.77,-0.79,-4.35
 0.80,-0.61,-4.59
 0.89,-0.62,-4.36
 0.35,-1.12,-3.99
 0.68,-0.78,-3.93
 0.78,-0.62,-3.90
 0.44,-0.35,-4.97
 0.42,-0.02,-5.00
 0.84,-0.34,-4.70
 0.87,-0.01,-4.69
 1.01,-0.34,-4.37
 0.90,-0.38,-3.91
 1.05,-0.01,-4.35
 0.95,-0.01,-3.88
 0.32,-1.14,-3.63
 0.12,-1.36,-2.98
 0.28,-1.16,-3.18
 0.18,-1.12,-2.97
 0.58,-0.90,-3.07
 0.60,-0.88,-3.30
 0.58,-0.77,-3.61
 0.73,-0.64,-3.35
 0.68,-0.60,-3.60
 0.81,-0.67,-3.06
 0.80,-0.33,-3.39
 0.77,-0.32,-3.55
 0.99,-0.35,-3.06
 0.82,-0.01,-3.46
 1.02,-0.18,-3.05
 1.02,0.00,-3.05
 -1.00,-2.36,-2.29
 -1.59,-2.61,-2.30
 -0.40,-1.84,-2.26
 -1.61,-2.59,-1.85
 -1.07,-2.38,-1.78
 -0.49,-1.92,-1.70
 -0.24,-1.52,-1.70
 -1.24,-2.21,-1.07
 -1.70,-2.45,-1.02
 -0.77,-1.82,-1.13
 -0.55,-1.49,-1.17
 -0.35,-0.99,-1.14
 -0.03,-1.33,-2.41
 0.19,-1.25,-2.81
 0.41,-0.86,-2.26
 0.55,-0.92,-2.60
 0.45,-0.83,-2.84
 0.53,-0.85,-2.95
 0.05,-0.75,-1.68
 0.42,-0.62,-2.04
 0.52,-0.48,-1.90
 0.58,-0.67,-1.61
 -0.12,-0.65,-0.91
 0.27,-0.55,-1.18
 0.65,-0.63,-1.37
 0.65,-0.55,-2.76
 0.75,-0.64,-2.89
 0.76,-0.32,-2.72
 0.92,-0.36,-2.88
 0.77,-0.60,-2.49
 0.90,-0.37,-2.44
 0.81,-0.14,-2.75
 0.93,-0.15,-2.86
 0.79,0.00,-2.74
 0.94,0.00,-2.85
 0.95,-0.15,-2.45
 0.95,0.00,-2.44
 0.67,-0.52,-2.20
 0.78,-0.27,-2.17
 0.79,-0.26,-1.93
 0.79,-0.13,-2.19
 0.84,-0.15,-1.96
 0.80,0.00,-2.19
 0.88,0.00,-1.96
 0.69,-0.40,-1.78
 0.73,-0.54,-1.63
 0.73,-0.29,-1.67
 0.81,-0.29,-1.83
 0.81,-0.55,-1.54
 0.91,-0.23,-1.73
 0.93,-0.16,-1.81
 1.02,-0.31,-1.59
 0.92,-0.52,-1.28
 0.95,-0.44,-1.48
 0.64,-0.43,-1.06
 1.04,-0.34,-0.98
 1.03,-0.39,-1.51
 1.31,-0.20,-1.33
 1.35,0.01,-1.42
 1.20,-0.35,-1.17
 1.38,-0.17,-1.14
 1.31,-0.16,-1.01
 1.44,0.01,-1.11
 -1.04,1.18,-5.17
 -0.12,0.91,-4.98
 -0.96,0.73,-5.34
 -0.09,0.33,-5.13
 -0.85,0.37,-5.39
 -0.10,0.64,-5.08
 0.45,0.63,-4.89
 0.44,0.31,-4.97
 -0.13,1.27,-4.76
 0.44,0.93,-4.68
 0.84,0.31,-4.70
 0.80,0.58,-4.60
 1.01,0.31,-4.37
 0.89,0.59,-4.37
 0.42,1.11,-4.36
 0.77,0.76,-4.36
 0.90,0.36,-3.92
 0.78,0.60,-3.91
 0.80,0.32,-3.39
 0.77,0.30,-3.55
 0.73,0.63,-3.36
 0.68,0.58,-3.61
 1.02,0.17,-3.05
 0.99,0.34,-3.06
 0.81,0.66,-3.07
 0.93,0.14,-2.86
 0.92,0.35,-2.89
 0.75,0.63,-2.90
 0.34,1.09,-4.01
 0.31,1.12,-3.65
 0.58,0.75,-3.62
 0.68,0.76,-3.94
 0.60,0.87,-3.31
 0.27,1.15,-3.20
 0.57,0.89,-3.08
 0.17,1.11,-2.99
 0.45,0.82,-2.85
 0.53,0.84,-2.96
 -1.26,2.11,-4.19
 -0.90,1.91,-4.11
 -1.16,1.93,-4.56
 -1.13,1.67,-4.83
 -0.89,1.80,-4.48
 -0.90,1.56,-4.80
 -0.12,1.48,-4.06
 -0.09,1.43,-4.40
 -1.42,2.37,-3.48
 -1.53,2.56,-2.91
 -0.96,2.23,-2.97
 -1.37,2.28,-3.72
 -0.93,2.02,-3.67
 -0.60,1.81,-3.68
 -0.27,1.67,-3.05
 -0.18,1.53,-3.67
 0.11,1.35,-3.00
 0.18,1.24,-2.83
 -1.01,2.35,-2.32
 -1.60,2.60,-2.34
 -0.41,1.83,-2.29
 -1.62,2.58,-1.89
 -1.08,2.38,-1.81
 -0.50,1.92,-1.73
 -0.25,1.52,-1.72
 -0.78,1.83,-1.16
 -0.56,1.50,-1.19
 -0.36,1.00,-1.15
 -1.71,2.45,-1.05
 -1.25,2.22,-1.10
 -0.04,1.32,-2.43
 0.41,0.86,-2.27
 0.54,0.92,-2.61
 0.67,0.52,-2.21
 0.65,0.54,-2.77
 -0.12,0.67,-0.92
 0.27,0.56,-1.19
 0.05,0.76,-1.69
 0.42,0.62,-2.05
 0.65,0.64,-1.38
 0.52,0.49,-1.91
 0.58,0.68,-1.62
 0.64,0.45,-1.07
 0.78,0.27,-2.17
 0.84,0.16,-1.96
 0.79,0.13,-2.19
 0.79,0.27,-1.93
 0.90,0.37,-2.45
 0.81,0.13,-2.75
 0.76,0.31,-2.72
 0.95,0.15,-2.45
 0.77,0.60,-2.50
 0.81,0.30,-1.83
 0.73,0.30,-1.67
 0.91,0.24,-1.73
 0.93,0.17,-1.81
 1.02,0.32,-1.59
 1.31,0.22,-1.33
 0.73,0.55,-1.64
 0.69,0.41,-1.79
 0.81,0.56,-1.55
 0.95,0.45,-1.49
 1.03,0.40,-1.52
 1.20,0.37,-1.18
 1.04,0.36,-0.99
 1.38,0.19,-1.14
 0.92,0.54,-1.29
 -1.40,-2.15,-0.78
 -1.81,-2.43,-0.70
 -1.46,-2.28,-0.44
 -1.55,-2.34,-0.36
 -1.39,-2.20,-0.53
 -0.97,-1.76,-0.87
 -0.78,-1.46,-0.84
 -1.09,-2.00,-0.48
 -1.17,-2.06,-0.35
 -0.99,-1.91,-0.69
 -0.79,-1.65,-0.41
 -0.74,-1.53,-0.67
 -1.85,-2.42,-0.08
 -1.51,-2.24,0.18
 -1.89,-2.33,0.36
 -1.71,-2.22,0.47
 -1.20,-2.17,-0.24
 -1.24,-2.27,-0.08
 -1.01,-1.83,0.50
 -0.83,-1.88,0.23
 -0.83,-1.81,0.01
 -0.85,-1.71,-0.17
 -0.58,-1.42,0.44
 -0.69,-1.15,-0.35
 -0.67,-1.11,-0.57
 -0.71,-0.97,-0.76
 -0.70,-0.91,-0.53
 -0.78,-0.71,-0.64
 -0.50,-0.65,-0.65
 -0.76,-0.73,-0.30
 -0.78,-0.61,-0.50
 -0.54,-0.54,-0.35
 -0.09,-0.50,-0.54
 -0.73,-1.20,-0.10
 -0.57,-1.38,0.23
 -0.38,-0.94,0.33
 -0.60,-0.67,-0.12
 -0.08,-0.38,-0.12
 -0.23,-0.47,0.06
 -0.27,-0.60,0.39
 0.05,-0.49,-0.66
 0.20,-0.36,-0.38
 0.40,-0.43,-0.91
 -0.04,-0.23,-0.02
 0.28,-0.18,-0.23
 -0.24,-0.32,0.42
 -0.18,-0.27,0.13
 -0.23,0.01,0.47
 -0.14,0.01,0.19
 0.00,0.01,0.00
 0.26,0.01,-0.22
 0.78,-0.32,-0.84
 0.58,-0.33,-0.71
 0.72,-0.16,-0.57
 0.74,0.01,-0.54
 1.07,-0.15,-0.81
 1.28,0.01,-0.90
 -1.91,-2.24,0.71
 -1.22,-1.78,0.73
 -1.54,-1.79,1.25
 -1.89,-2.07,1.10
 -1.39,-1.79,0.98
 -1.04,-1.37,1.14
 -0.85,-1.38,0.88
 -0.70,-1.41,0.70
 -0.52,-0.98,0.84
 -0.43,-1.02,0.57
 -0.82,-0.97,1.22
 -0.63,-1.00,0.99
 -1.86,-1.73,1.62
 -1.49,-1.35,1.80
 -1.85,-1.49,1.91
 -1.22,-1.39,1.40
 -0.99,-1.01,1.51
 -1.26,-1.00,1.91
 -2.04,-1.05,2.38
 -2.03,-0.86,2.45
 -2.38,-0.97,2.50
 -1.88,-1.23,2.17
 -1.68,-0.93,2.28
 -1.57,-0.60,2.43
 -1.10,-0.64,1.99
 -1.25,-0.35,2.26
 -1.04,0.02,2.07
 -1.50,0.03,2.49
 -1.03,-0.35,2.03
 -2.37,-0.74,2.56
 -2.35,-0.48,2.65
 -2.33,-0.21,2.68
 -1.92,-0.27,2.63
 -2.34,0.02,2.68
 -1.90,0.03,2.65
 -1.96,-0.52,2.58
 -1.53,-0.32,2.47
 -0.54,-0.61,1.05
 -0.42,-0.61,0.90
 -0.31,-0.60,0.67
 -0.29,-0.35,0.70
 -0.53,-0.35,1.06
 -0.40,-0.36,0.89
 -0.27,0.02,0.70
 -0.40,0.02,0.90
 -0.52,0.02,1.07
 -0.71,-0.61,1.27
 -0.84,-0.62,1.55
 -0.66,-0.37,1.28
 -0.80,-0.38,1.59
 -0.65,0.02,1.30
 -0.79,0.02,1.61
 -0.76,0.75,-0.31
 -0.78,0.63,-0.51
 -0.78,0.73,-0.65
 -0.75,1.55,-0.69
 -0.72,0.98,-0.77
 -0.79,1.47,-0.86
 -0.71,0.93,-0.54
 -0.80,1.67,-0.43
 -0.70,1.17,-0.37
 -0.68,1.13,-0.59
 -1.86,2.44,-0.11
 -1.56,2.36,-0.39
 -1.82,2.44,-0.73
 -1.41,2.16,-0.81
 -1.47,2.29,-0.47
 -1.40,2.21,-0.56
 -1.18,2.08,-0.38
 -1.21,2.19,-0.27
 -0.98,1.77,-0.90
 -1.00,1.92,-0.72
 -1.10,2.02,-0.51
 -1.02,1.86,0.47
 -0.71,1.45,0.68
 -0.84,1.91,0.20
 -0.86,1.73,-0.19
 -0.84,1.83,-0.02
 -0.74,1.22,-0.12
 -0.59,1.45,0.42
 -0.58,1.41,0.21
 -1.52,2.26,0.15
 -1.25,2.29,-0.11
 -1.90,2.35,0.33
 -1.72,2.25,0.44
 -1.23,1.81,0.70
 -1.10,0.69,1.98
 -1.00,1.06,1.50
 -1.27,1.05,1.90
 -0.84,0.67,1.54
 -1.03,0.40,2.02
 -0.80,0.43,1.58
 -0.71,0.65,1.26
 -0.83,1.01,1.21
 -0.66,0.41,1.27
 -0.64,1.04,0.98
 -2.33,0.26,2.68
 -1.96,0.58,2.57
 -2.35,0.53,2.64
 -1.92,0.33,2.63
 -1.53,0.38,2.47
 -1.57,0.66,2.42
 -2.39,1.02,2.49
 -2.37,0.79,2.55
 -2.05,1.10,2.36
 -2.04,0.91,2.44
 -1.69,0.98,2.27
 -1.25,0.40,2.25
 -1.92,2.27,0.68
 -1.90,2.10,1.07
 -1.40,1.83,0.95
 -1.55,1.83,1.22
 -1.05,1.41,1.12
 -0.86,1.42,0.86
 -1.50,1.40,1.78
 -1.23,1.43,1.38
 -1.89,1.28,2.15
 -1.86,1.54,1.89
 -1.87,1.77,1.60
 -0.50,0.67,-0.66
 -0.54,0.56,-0.36
 -0.09,0.52,-0.55
 -0.08,0.41,-0.13
 -0.23,0.50,0.05
 -0.27,0.63,0.38
 -0.24,0.35,0.42
 -0.18,0.30,0.13
 -0.60,0.69,-0.13
 -0.39,0.97,0.32
 -0.40,0.40,0.88
 -0.31,0.64,0.66
 -0.42,0.65,0.89
 -0.29,0.39,0.69
 -0.53,0.39,1.05
 -0.54,0.65,1.04
 -0.53,1.02,0.83
 -0.44,1.05,0.56
 0.05,0.51,-0.67
 0.40,0.45,-0.92
 0.58,0.35,-0.71
 0.78,0.34,-0.84
 1.31,0.18,-1.01
 1.07,0.17,-0.81
 0.72,0.19,-0.57
 0.20,0.39,-0.39
 0.28,0.21,-0.23
 -0.04,0.26,-0.02
0,1,2
3,4,1
5,3,6
4,2,1
5,4,3
5,6,7
5,7,4
8,2,4
4,7,9
8,4,9
10,11,12
13,11,10
0,14,13
14,11,13
2,14,0
14,15,11
14,2,15
16,11,15
8,15,2
16,15,17
8,17,15
18,19,6
20,7,6
6,19,20
18,21,19
22,23,21
24,23,22
19,21,23
7,20,25
19,26,20
25,9,7
25,20,26
27,9,25
27,25,28
25,26,29
29,28,25
29,30,28
8,9,31
31,9,27
27,28,31
32,31,28
32,28,30
32,30,33
23,34,19
24,34,23
35,34,24
19,34,26
35,36,34
34,36,26
26,36,29
37,36,35
38,29,36
38,33,30
39,33,38
29,38,30
37,40,36
38,41,39
36,40,38
40,41,38
16,17,42
8,42,17
43,16,44
16,42,44
8,31,42
44,45,43
46,45,44
47,44,42
31,48,42
47,46,44
47,42,48
32,48,31
47,48,49
32,50,48
47,51,46
49,48,50
33,50,32
47,49,51
49,50,52
33,53,50
52,50,53
52,51,49
39,53,33
52,54,51
52,53,55
39,55,53
55,56,52
41,55,39
54,52,56
56,55,57
58,59,12
58,12,11
58,11,60
16,60,11
61,59,62
58,62,59
62,58,63
60,63,58
60,64,63
61,65,66
62,65,61
67,65,62
67,62,63
67,63,68
63,64,68
69,68,64
16,70,60
43,70,16
43,71,70
43,45,71
70,71,72
71,45,73
73,72,71
74,45,75
73,45,74
75,45,46
64,60,70
64,70,76
72,76,70
72,77,76
78,76,77
78,79,76
76,69,64
80,69,76
80,76,81
76,82,81
82,76,79
75,83,74
51,75,46
84,83,75
84,75,51
84,85,83
86,85,84
84,51,86
54,86,51
73,74,87
87,74,83
88,83,85
87,83,88
86,89,85
90,91,89
92,91,90
90,89,86
86,54,90
90,56,92
90,54,56
92,56,57
93,85,89
94,89,91
88,85,93
93,89,94
73,95,72
73,87,95
88,95,87
88,96,95
95,77,72
95,78,77
78,95,97
96,97,95
96,98,97
97,98,99
100,99,98
88,98,96
101,99,100
93,100,98
93,98,88
94,100,93
78,102,79
79,102,103
78,97,102
104,103,102
102,105,104
104,106,103
102,97,105
97,99,105
105,107,104
107,105,99
101,108,99
107,109,104
79,106,82
79,103,106
106,110,82
104,111,106
106,111,110
112,81,82
112,82,110
110,113,112
108,107,99
114,111,104
109,114,104
108,101,115
108,115,107
107,115,109
116,115,101
114,110,111
117,110,114
117,113,110
114,109,117
117,109,115
117,115,118
118,119,117
116,118,115
120,119,118
120,118,116
121,122,123
123,124,125
22,125,24
123,122,126
126,124,123
24,125,124
126,127,124
24,124,35
35,124,128
124,127,128
129,127,122
126,122,127
130,127,129
35,128,37
128,127,131
127,132,131
37,128,131
133,131,132
132,134,133
37,131,40
131,133,40
135,136,130
130,132,127
132,130,136
132,136,134
137,134,138
133,134,137
40,137,41
133,137,40
139,55,140
41,140,55
137,140,41
141,140,142
139,140,141
137,142,140
138,142,137
55,139,143
144,143,139
143,57,55
139,141,145
139,145,144
146,143,147
92,57,146
147,143,144
146,57,143
148,147,145
144,145,147
149,150,151
135,149,136
152,149,151
152,136,149
138,151,142
152,151,138
152,134,136
152,138,134
153,150,154
153,154,155
153,151,150
153,142,151
153,155,145
141,142,153
153,145,141
155,154,156
157,158,156
158,155,156
158,157,148
148,155,158
145,155,148
159,160,161
162,161,163
164,121,162
163,161,160
164,162,163
164,129,121
165,163,160
163,166,164
122,121,129
164,166,129
165,166,163
135,129,166
165,135,166
149,135,165
130,129,135
167,168,169
170,167,171
159,170,160
171,167,169
160,170,171
171,169,172
171,172,160
173,172,169
165,160,172
173,174,172
165,172,174
173,150,174
165,174,150
175,154,173
173,154,150
175,176,156
165,150,149
154,175,156
177,168,178
177,169,168
177,179,169
173,169,179
180,181,178
177,178,181
181,182,177
179,177,182
179,182,183
184,185,182
182,185,183
186,183,185
180,187,188
181,180,188
184,181,188
184,182,181
189,190,176
176,191,156
191,176,190
191,157,156
191,190,192
191,193,157
173,179,189
175,173,189
175,189,176
194,195,196
190,196,197
196,195,198
199,197,196
199,196,200
198,200,196
192,190,197
201,198,195
192,197,199
183,189,179
196,183,186
194,196,186
183,196,189
190,189,196
202,203,204
205,203,202
100,204,101
206,207,208
146,208,207
101,204,203
209,202,204
92,207,91
94,204,100
209,91,207
147,208,146
206,202,209
209,207,206
146,207,92
94,91,209
209,204,94
148,157,193
210,193,191
210,208,193
148,193,147
147,193,208
206,208,210
191,192,210
199,205,192
202,192,205
206,210,192
206,192,202
205,211,203
211,212,213
213,203,211
101,203,214
213,212,215
214,203,213
213,215,214
214,216,101
214,215,216
116,101,216
200,217,199
199,217,218
199,218,205
212,218,217
218,212,211
218,211,205
200,219,217
212,217,219
212,219,220
221,212,220
215,212,221
221,216,215
222,216,221
222,223,224
222,224,216
116,216,120
120,216,224
200,198,219
201,225,198
219,198,225
219,225,220
225,201,222
222,220,225
221,220,222
66,226,227
228,229,227
230,228,227
226,230,227
65,226,66
226,65,231
67,231,65
231,67,232
226,231,230
233,234,230
233,230,235
235,230,231
233,235,236
235,231,237
236,235,237
237,231,232
238,239,240
238,227,229
240,239,241
238,229,239
228,242,229
230,242,228
234,242,230
243,239,229
229,242,243
243,244,239
242,245,243
234,246,242
243,245,244
246,245,242
233,247,234
247,246,234
236,247,233
245,248,244
236,249,247
237,250,236
237,232,250
250,232,251
236,250,249
68,232,67
232,68,251
69,251,68
252,251,253
251,252,250
254,253,251
254,251,69
254,69,80
253,255,252
252,255,249
249,250,252
255,253,256
256,257,255
254,256,253
254,257,256
254,258,257
247,249,259
247,260,246
246,260,245
259,260,247
245,260,248
260,259,261
261,248,260
259,249,255
255,257,262
255,261,259
255,262,261
263,262,257
264,261,262
264,262,263
264,265,261
257,258,263
80,258,254
266,258,80
267,258,266
81,266,80
268,267,266
268,266,81
263,258,267
267,269,263
270,269,267
265,264,271
272,271,264
264,263,272
272,263,269
271,272,273
274,273,272
272,269,274
274,269,275
270,275,269
276,275,270
112,268,81
277,278,268
277,268,112
278,267,268
267,279,270
279,276,270
278,279,267
280,276,279
277,279,278
277,112,113
277,113,281
281,113,119
117,119,113
282,281,120
120,281,119
281,280,279
281,279,277
282,280,281
240,241,283
284,283,241
284,241,239
284,239,244
283,285,286
287,285,283
287,283,284
284,288,287
284,289,288
244,290,284
284,290,289
244,248,290
291,289,290
292,290,248
291,290,292
261,292,248
289,293,288
294,293,289
294,289,291
295,286,285
296,297,295
295,285,296
296,285,298
287,298,285
288,298,287
299,300,296
296,298,299
288,299,298
299,288,293
301,302,303
301,304,302
302,304,305
297,296,304
296,305,304
300,305,296
300,306,305
307,306,300
306,307,308
309,310,308
307,311,308
307,300,299
309,308,311
303,302,312
302,313,312
314,313,315
316,314,317
318,313,302
315,313,318
317,314,315
305,318,302
306,315,318
306,318,305
319,315,306
306,308,319
319,317,315
310,317,319
308,310,319
320,294,321
321,294,291
292,322,291
291,322,321
292,261,265
292,265,322
265,323,322
271,323,265
320,321,324
324,321,325
325,321,323
323,321,322
323,273,326
271,273,323
324,327,328
325,327,324
325,323,327
327,323,326
329,330,299
329,299,293
329,293,320
320,293,294
330,331,332
329,331,330
331,329,324
320,324,329
332,333,334
331,333,332
331,328,333
324,328,331
330,311,307
307,299,330
309,311,334
330,332,311
334,311,332
335,336,337
338,339,340
337,341,335
342,343,338
341,337,339
341,343,335
344,339,338
338,343,344
339,344,341
345,346,347
187,347,348
349,347,346
350,347,349
348,347,350
188,187,348
350,349,351
351,349,352
348,353,188
184,188,353
354,340,353
353,340,184
185,184,340
348,350,353
355,350,351
355,354,350
354,353,350
355,351,342
355,338,354
342,338,355
338,340,354
356,357,358
359,360,361
359,361,342
358,362,360
342,361,343
361,335,343
361,360,363
358,357,362
345,364,346
365,346,364
346,365,349
349,365,352
352,365,358
351,352,359
359,352,360
360,352,358
342,351,359
366,367,345
345,367,364
368,364,367
365,364,356
368,356,364
365,356,358
369,370,371
372,369,373
369,372,370
309,374,373
372,373,374
334,374,309
375,370,372
375,376,370
372,374,375
374,334,377
375,378,376
375,374,377
377,334,333
379,380,381
316,382,379
382,380,379
317,382,316
383,380,382
310,382,317
384,380,383
383,382,310
385,386,387
380,386,381
387,386,388
388,386,380
388,389,387
384,388,380
389,388,384
390,383,310
309,390,310
309,373,390
371,389,384
384,383,390
369,371,384
384,390,369
369,390,373
391,392,393
393,367,391
393,392,394
368,367,393
393,394,395
368,393,395
368,395,396
368,396,356
396,395,376
356,396,357
378,396,376
378,357,396
370,397,371
397,370,398
395,398,370
370,376,395
387,389,399
400,399,397
371,399,389
397,399,371
401,394,392
397,401,400
401,398,394
397,398,401
395,394,398
402,337,336
402,339,337
402,336,403
402,186,339
402,403,404
402,194,186
194,402,404
343,341,344
340,339,185
186,185,339
405,403,406
407,408,406
403,405,404
408,273,409
409,406,408
336,335,403
335,410,403
335,411,410
406,403,410
406,410,411
406,411,407
360,362,363
335,361,411
363,411,361
411,363,362
412,413,414
327,326,412
415,413,412
412,326,415
408,413,415
407,413,408
415,326,408
408,326,273
377,333,416
416,333,328
416,328,412
412,328,327
377,416,375
417,375,416
416,412,417
417,412,414
417,378,375
417,418,378
414,418,417
418,414,419
419,414,413
419,407,411
419,413,407
418,357,378
418,362,357
419,362,418
411,362,419
420,194,404
421,194,420
195,194,421
421,420,422
201,195,421
423,421,422
423,201,421
282,424,425
120,424,282
120,224,424
423,223,201
222,201,223
423,424,223
425,424,423
224,223,424
425,422,426
423,422,425
282,426,280
425,426,282
405,427,404
427,420,404
427,405,428
422,420,427
427,428,422
280,428,276
422,428,426
426,428,280
406,429,405
428,405,429
276,429,275
428,429,276
274,409,273
409,429,406
274,275,409
409 ,275,429