"Helicopter"
0.15
255,200,50
15,40,0
-1300,-90,0
1001,1976
-22,1264,4104
-163,1325,2285
-196,1262,2285
-198,1202,2285
-181,1148,2285
-155,1105,2286
-131,1077,2286
-121,1066,2286
-88,1066,2286
-55,1066,2286
-22,1066,2286
10,1066,2286
43,1066,2286
76,1066,2286
86,1077,2286
110,1105,2286
135,1148,2285
153,1202,2285
151,1262,2285
118,1325,2285
82,1352,2285
33,1369,2284
-22,1374,2284
-78,1369,2284
-128,1352,2285
-285,1315,2186
-346,1198,2186
-350,1087,2186
-317,987,2186
-269,907,2186
-225,854,2186
-206,834,2186
-145,834,2186
-84,834,2186
-22,834,2186
38,834,2186
100,834,2186
161,834,2186
180,854,2186
224,907,2186
272,987,2186
304,1087,2186
301,1198,2186
240,1315,2186
173,1366,2186
81,1397,2186
-22,1407,2186
-127,1397,2186
-219,1366,2186
-340,1327,1999
-413,1164,1999
-417,1008,1999
-378,869,1999
-320,757,1999
-267,683,1999
-244,656,1999
-170,656,1999
-96,656,1999
-22,656,1999
51,656,1999
125,656,1999
199,656,1999
222,683,1999
275,757,1999
333,869,1999
372,1008,1999
367,1164,1999
295,1327,1999
214,1398,1999
103,1441,1999
-22,1455,1999
-148,1441,1999
-259,1398,1999
-382,1339,1812
-465,1138,1812
-470,945,1812
-426,774,1812
-360,636,1812
-300,545,1812
-274,512,1812
-190,512,1812
-106,512,1812
-22,512,1812
61,512,1812
145,512,1812
229,512,1812
255,545,1812
315,636,1812
381,774,1812
425,945,1812
420,1138,1812
337,1339,1812
246,1427,1812
120,1479,1812
-22,1497,1812
-165,1479,1812
-291,1427,1812
-416,1349,1625
-507,1119,1625
-513,899,1625
-464,704,1625
-392,546,1625
-327,442,1625
-298,403,1625
-206,403,1625
-114,403,1625
-22,403,1625
69,403,1625
161,403,1625
253,403,1625
282,442,1625
347,546,1625
419,704,1625
468,899,1625
462,1119,1625
371,1349,1625
271,1449,1625
134,1509,1625
-22,1529,1625
-179,1509,1625
-316,1449,1625
-443,1355,1439
-540,1107,1439
-546,871,1439
-495,660,1439
-418,491,1439
-348,378,1439
-317,337,1439
-219,337,1439
-120,337,1439
-22,337,1439
75,337,1439
173,337,1439
272,337,1439
302,378,1439
372,491,1439
449,660,1439
501,871,1439
495,1107,1439
398,1355,1439
291,1463,1439
144,1528,1439
-22,1549,1439
-189,1528,1439
-337,1463,1439
-464,1345,1252
-565,1095,1252
-571,857,1252
-517,644,1252
-437,473,1252
-363,359,1252
-331,318,1252
-228,318,1252
-125,318,1252
-22,318,1252
80,318,1252
183,318,1252
286,318,1252
318,359,1252
391,473,1252
472,644,1252
526,857,1252
520,1095,1252
418,1345,1252
307,1454,1252
152,1520,1252
-22,1541,1252
-197,1520,1252
-352,1454,1252
-477,1307,1065
-582,1066,1065
-588,836,1065
-533,631,1065
-449,467,1065
-374,357,1065
-341,317,1065
-234,317,1065
-128,317,1065
-22,317,1065
83,317,1065
189,317,1065
295,317,1065
329,357,1065
404,467,1065
487,631,1065
543,836,1065
536,1066,1065
432,1307,1065
317,1412,1065
158,1475,1065
-22,1496,1065
-203,1475,1065
-362,1412,1065
-483,1247,878
-589,1021,878
-596,805,878
-539,613,878
-455,458,878
-378,355,878
-345,317,878
-237,317,878
-130,317,878
-22,317,878
85,317,878
192,317,878
300,317,878
333,355,878
410,458,878
494,613,878
551,805,878
544,1021,878
438,1247,878
321,1346,878
160,1405,878
-22,1425,878
-205,1405,878
-366,1346,878
-480,1172,691
-585,966,691
-592,768,691
-536,592,691
-452,450,691
-376,356,691
-343,321,691
-236,321,691
-129,321,691
-22,321,691
84,321,691
191,321,691
298,321,691
331,356,691
407,450,691
491,592,691
547,768,691
540,966,691
435,1172,691
319,1263,691
159,1317,691
-22,1335,691
-204,1317,691
-364,1263,691
-476,1141,622
-580,942,622
-587,753,622
-531,584,622
-448,448,622
-373,358,622
-340,325,622
-234,325,622
-128,325,622
-22,325,622
83,325,622
189,325,622
295,325,622
327,358,622
403,448,622
486,584,622
541,753,622
535,942,622
431,1141,622
316,1228,622
157,1279,622
-22,1297,622
-202,1279,622
-361,1228,622
-469,1107,553
-572,918,553
-579,737,553
-524,576,553
-442,447,553
-368,361,553
-335,329,553
-231,329,553
-126,329,553
-22,329,553
81,329,553
186,329,553
290,329,553
322,361,553
397,447,553
479,576,553
533,737,553
527,918,553
424,1107,553
311,1190,553
155,1239,553
-22,1256,553
-200,1239,553
-356,1190,553
-460,1071,484
-561,892,484
-567,721,484
-514,569,484
-434,447,484
-361,365,484
-329,336,484
-227,336,484
-124,336,484
-22,336,484
79,336,484
181,336,484
284,336,484
315,365,484
388,447,484
468,569,484
522,721,484
516,892,484
415,1071,484
304,1149,484
151,1196,484
-22,1212,484
-196,1196,484
-349,1149,484
-448,1033,415
-546,866,415
-552,706,415
-500,563,415
-422,448,415
-351,372,415
-320,344,415
-221,344,415
-121,344,415
-22,344,415
76,344,415
176,344,415
275,344,415
306,372,415
377,448,415
455,563,415
507,706,415
501,866,415
403,1033,415
295,1106,415
146,1150,415
-22,1165,415
-191,1150,415
-340,1106,415
-432,992,345
-525,837,345
-532,690,345
-481,558,345
-406,452,345
-338,382,345
-309,356,345
-213,356,345
-118,356,345
-22,356,345
72,356,345
168,356,345
264,356,345
293,382,345
361,452,345
436,558,345
486,690,345
480,837,345
386,992,345
283,1059,345
140,1100,345
-22,1113,345
-185,1100,345
-328,1059,345
-409,947,276
-498,808,276
-504,674,276
-457,555,276
-386,459,276
-321,395,276
-293,372,276
-203,372,276
-112,372,276
-22,372,276
67,372,276
158,372,276
248,372,276
276,395,276
341,459,276
411,555,276
459,674,276
453,808,276
364,947,276
266,1009,276
131,1045,276
-22,1057,276
-176,1045,276
-311,1009,276
-379,899,207
-461,776,207
-466,659,207
-423,554,207
-357,470,207
-298,414,207
-272,394,207
-189,394,207
-105,394,207
-22,394,207
60,394,207
144,394,207
227,394,207
253,414,207
312,470,207
377,554,207
421,659,207
416,776,207
334,899,207
244,952,207
119,984,207
-22,995,207
-164,984,207
-289,952,207
-293,804,90
-355,717,90
-359,633,90
-326,558,90
-277,498,90
-231,458,90
-212,443,90
-149,443,90
-85,443,90
-22,443,90
40,443,90
103,443,90
167,443,90
186,458,90
231,498,90
281,558,90
314,633,90
310,717,90
248,804,90
179,843,90
85,866,90
-22,873,90
-130,866,90
-224,843,90
-239,748,26
-289,684,26
-292,622,26
-265,566,26
-226,522,26
-190,492,26
-174,482,26
-123,482,26
-73,482,26
-22,482,26
27,482,26
78,482,26
129,482,26
144,492,26
180,522,26
220,566,26
247,622,26
243,684,26
194,748,26
139,777,26
63,794,26
-22,799,26
-108,794,26
-184,777,26
-22,628,-30
-78,1316,3826
-91,1284,3826
-92,1252,3826
-85,1225,3826
-75,1203,3826
-65,1188,3826
-61,1182,3826
-48,1182,3826
-35,1182,3826
-22,1182,3826
-9,1182,3826
3,1182,3826
16,1182,3826
20,1188,3826
29,1203,3826
40,1225,3826
46,1252,3826
46,1284,3826
33,1316,3826
19,1330,3825
0,1339,3825
-22,1342,3825
-44,1339,3825
-64,1330,3825
-69,1313,4103
-80,1283,4103
-81,1254,4103
-75,1228,4104
-66,1207,4104
-58,1193,4104
-55,1188,4104
-44,1188,4104
-33,1188,4104
-22,1188,4104
-11,1188,4104
0,1188,4104
10,1188,4104
13,1193,4104
21,1207,4104
30,1228,4104
35,1254,4103
35,1283,4103
24,1313,4103
12,1327,4103
-3,1335,4103
-22,1337,4103
-41,1335,4103
-57,1327,4103
-18,1692,1841
121,1692,1674
-18,1692,1674
-158,1692,1674
131,1692,1507
-18,1692,1507
-168,1692,1507
138,1692,1340
-18,1692,1340
-175,1692,1340
-18,1692,1173
-212,1791,4075
-381,685,3944
-358,682,3944
-189,1778,4075
-212,1778,4251
-379,697,4197
-358,694,4197
-350,693,4197
-191,1768,4251
-451,35,1319
-443,35,1319
398,35,1319
406,35,1319
-455,35,1206
-447,35,1206
401,35,1206
410,35,1206
-456,35,457
-448,35,457
402,35,457
411,35,457
-454,35,414
-446,35,414
401,35,414
409,35,414
429,202,-82
419,216,-64
400,216,-64
389,202,-82
399,188,-101
420,188,-101
435,112,-6
422,132,6
397,132,6
384,112,-6
396,92,-18
423,92,-18
439,54,86
423,78,92
395,78,92
380,54,86
394,30,80
425,30,80
440,34,186
424,60,186
395,60,186
378,34,186
393,9,186
426,9,186
440,34,488
424,62,488
395,62,488
379,34,488
393,5,488
426,5,488
440,34,677
424,62,677
395,62,677
379,34,677
393,5,677
426,5,677
440,34,865
424,62,865
395,62,865
379,34,865
393,5,865
426,5,865
440,34,1053
424,62,1053
395,62,1053
379,34,1053
393,5,1053
426,5,1053
440,34,1242
424,62,1242
395,62,1242
379,34,1242
393,5,1242
426,5,1242
440,34,1430
424,62,1430
395,62,1430
379,34,1430
393,5,1430
426,5,1430
440,34,1618
424,62,1618
395,62,1618
379,34,1618
393,5,1618
426,5,1618
409,34,1618
409,202,-82
-472,202,-82
-462,216,-64
-442,216,-64
-432,202,-82
-442,188,-101
-462,188,-101
-478,112,-6
-464,132,6
-440,132,6
-426,112,-6
-439,92,-18
-466,92,-18
-482,54,86
-466,78,92
-438,78,92
-422,54,86
-436,30,80
-468,30,80
-483,34,186
-467,60,186
-437,60,186
-421,34,186
-436,9,186
-468,9,186
-483,34,488
-466,62,488
-438,62,488
-421,34,488
-436,5,488
-468,5,488
-483,34,677
-466,62,677
-438,62,677
-421,34,677
-436,5,677
-468,5,677
-483,34,865
-466,62,865
-438,62,865
-421,34,865
-436,5,865
-468,5,865
-483,34,1053
-466,62,1053
-438,62,1053
-421,34,1053
-436,5,1053
-468,5,1053
-483,34,1242
-466,62,1242
-438,62,1242
-421,34,1242
-436,5,1242
-468,5,1242
-483,34,1430
-466,62,1430
-438,62,1430
-421,34,1430
-436,5,1430
-468,5,1430
-483,34,1618
-466,62,1618
-438,62,1618
-421,34,1618
-436,5,1618
-468,5,1618
-452,34,1618
-452,202,-82
5,1685,1462
-66,1685,1462
-101,1685,1400
-65,1685,1338
6,1685,1338
41,1685,1400
5,1707,1462
-66,1707,1462
-101,1707,1400
-65,1707,1338
6,1707,1338
41,1707,1400
-9,1753,1436
-51,1753,1436
-72,1753,1400
-51,1753,1364
-9,1753,1364
12,1753,1400
-9,1766,1436
-51,1766,1436
-72,1766,1400
-51,1766,1364
-9,1766,1364
12,1766,1400
-9,1779,1436
-51,1779,1436
-72,1779,1400
-51,1779,1364
-9,1779,1364
12,1779,1400
5,1786,1502
-66,1786,1502
-101,1795,1400
-65,1786,1298
6,1786,1298
41,1795,1400
5,1825,1502
-66,1825,1502
-101,1816,1400
-65,1825,1298
6,1825,1298
41,1816,1400
-30,1816,1400
-30,1685,1400
5,1786,1555
-66,1786,1555
5,1825,1555
-66,1825,1555
-65,1786,1246
6,1786,1247
-65,1825,1246
6,1825,1247
-74,1808,1400
-74,1804,1398
-74,1805,1393
-74,1808,1391
-74,1811,1393
-74,1811,1398
-147,1808,1400
-147,1804,1398
-147,1805,1393
-147,1808,1391
-147,1811,1393
-147,1811,1398
-220,1808,1400
-220,1804,1398
-220,1805,1393
-220,1808,1391
-220,1811,1393
-220,1811,1398
-293,1808,1400
-293,1804,1398
-293,1805,1393
-293,1808,1391
-293,1811,1393
-293,1811,1398
-366,1808,1400
-366,1804,1398
-366,1805,1393
-366,1808,1391
-366,1811,1393
-366,1811,1398
-439,1808,1400
-439,1804,1398
-439,1805,1393
-439,1808,1391
-439,1811,1393
-439,1811,1398
-440,1800,1537
-440,1797,1485
-440,1798,1382
-440,1803,1330
-440,1816,1381
-440,1815,1486
-493,1800,1537
-493,1797,1485
-493,1798,1382
-493,1803,1330
-493,1816,1381
-493,1815,1486
-546,1800,1537
-546,1797,1485
-546,1798,1382
-546,1803,1330
-546,1816,1381
-546,1815,1486
-599,1800,1537
-599,1797,1485
-599,1798,1382
-599,1803,1330
-599,1816,1381
-599,1815,1486
-652,1800,1537
-652,1797,1485
-652,1798,1382
-652,1803,1330
-652,1816,1381
-652,1815,1486
-652,1808,1433
-74,1808,1396
28,1808,1396
28,1804,1399
28,1805,1403
28,1808,1405
28,1811,1403
28,1811,1399
101,1808,1396
101,1804,1399
101,1805,1403
101,1808,1405
101,1811,1403
101,1811,1399
174,1808,1396
174,1804,1399
174,1805,1403
174,1808,1405
174,1811,1403
174,1811,1399
247,1808,1396
247,1804,1399
247,1805,1403
247,1808,1405
247,1811,1403
247,1811,1399
320,1808,1396
320,1804,1399
320,1805,1403
320,1808,1405
320,1811,1403
320,1811,1399
393,1808,1396
393,1804,1399
393,1805,1403
393,1808,1405
393,1811,1403
393,1811,1399
394,1800,1259
394,1797,1311
394,1798,1413
394,1803,1466
394,1816,1414
394,1815,1310
447,1800,1259
447,1797,1311
447,1798,1413
447,1803,1466
447,1816,1414
447,1815,1310
500,1800,1259
500,1797,1311
500,1798,1413
500,1803,1466
500,1816,1414
500,1815,1310
553,1800,1259
553,1797,1311
553,1798,1413
553,1803,1466
553,1816,1414
553,1815,1310
606,1800,1259
606,1797,1311
606,1798,1413
606,1803,1466
606,1816,1414
606,1815,1310
606,1808,1363
28,1808,1400
-96,1800,-816
-59,1819,-816
13,1816,-817
49,1796,-817
11,1794,-817
-60,1804,-816
-111,1800,-601
-66,1819,-601
22,1816,-602
66,1796,-602
20,1794,-602
-67,1804,-601
-112,1800,-386
-66,1819,-386
24,1816,-387
68,1796,-387
22,1794,-387
-67,1804,-386
-112,1800,-171
-66,1819,-171
25,1816,-172
71,1796,-172
24,1794,-172
-67,1804,-171
-113,1800,44
-66,1819,44
27,1816,43
73,1796,43
25,1794,44
-67,1804,44
-113,1800,259
-66,1819,259
29,1816,259
76,1796,258
27,1794,259
-66,1804,259
-114,1800,474
-65,1819,474
31,1816,474
79,1796,473
29,1794,474
-66,1804,474
-115,1800,689
-65,1819,689
33,1816,689
81,1796,688
31,1794,689
-66,1804,689
-115,1800,904
-65,1819,904
34,1816,904
84,1796,903
32,1794,904
-66,1804,904
-116,1800,1119
-65,1819,1119
18,1816,1119
43,1796,1119
17,1794,1119
-65,1804,1119
-116,1800,1334
-64,1819,1334
20,1816,1334
45,1796,1334
19,1794,1334
-65,1804,1334
-14,1800,1334
-24,1800,-816
33,1800,3617
-3,1819,3618
-75,1816,3618
-111,1796,3618
-74,1794,3618
-3,1804,3618
49,1800,3402
4,1819,3402
-84,1816,3403
-128,1796,3403
-82,1794,3403
5,1804,3402
49,1800,3187
4,1819,3187
-86,1816,3188
-131,1796,3188
-84,1794,3188
5,1804,3187
50,1800,2972
4,1819,2972
-88,1816,2973
-133,1796,2973
-86,1794,2973
4,1804,2972
51,1800,2757
4,1819,2757
-89,1816,2758
-136,1796,2758
-88,1794,2758
4,1804,2757
51,1800,2542
3,1819,2542
-91,1816,2543
-138,1796,2543
-89,1794,2543
4,1804,2542
52,1800,2327
3,1819,2327
-93,1816,2328
-141,1796,2328
-91,1794,2328
4,1804,2327
52,1800,2112
3,1819,2112
-95,1816,2113
-143,1796,2113
-93,1794,2113
4,1804,2112
53,1800,1897
3,1819,1897
-97,1816,1898
-146,1796,1898
-95,1794,1898
3,1804,1897
53,1800,1682
2,1819,1682
-81,1816,1683
-106,1796,1683
-80,1794,1683
3,1804,1682
54,1800,1467
2,1819,1467
-82,1816,1468
-108,1796,1468
-81,1794,1468
3,1804,1467
-48,1800,1468
-39,1800,3618
483,0,482
484,0,483
485,0,484
486,0,485
487,0,486
488,0,487
489,0,488
490,0,489
491,0,490
492,0,491
493,0,492
494,0,493
495,0,494
496,0,495
497,0,496
498,0,497
499,0,498
500,0,499
501,0,500
502,0,501
503,0,502
504,0,503
505,0,504
482,0,505
2,1,26
26,1,25
3,2,27
27,2,26
4,3,28
28,3,27
5,4,29
29,4,28
6,5,30
30,5,29
7,6,31
31,6,30
8,7,32
32,7,31
9,8,33
33,8,32
10,9,34
34,9,33
11,10,35
35,10,34
12,11,36
36,11,35
13,12,37
37,12,36
14,13,38
38,13,37
15,14,39
39,14,38
16,15,40
40,15,39
17,16,41
41,16,40
18,17,42
42,17,41
19,18,43
43,18,42
20,19,44
44,19,43
21,20,45
45,20,44
22,21,46
46,21,45
23,22,47
47,22,46
24,23,48
48,23,47
1,24,25
25,24,48
26,25,50
50,25,49
27,26,51
51,26,50
28,27,52
52,27,51
29,28,53
53,28,52
30,29,54
54,29,53
31,30,55
55,30,54
32,31,56
56,31,55
33,32,57
57,32,56
34,33,58
58,33,57
35,34,59
59,34,58
36,35,60
60,35,59
37,36,61
61,36,60
38,37,62
62,37,61
39,38,63
63,38,62
40,39,64
64,39,63
41,40,65
65,40,64
42,41,66
66,41,65
43,42,67
67,42,66
44,43,68
68,43,67
45,44,69
69,44,68
46,45,70
70,45,69
47,46,71
71,46,70
48,47,72
72,47,71
25,48,49
49,48,72
50,49,74
74,49,73
51,50,75
75,50,74
52,51,76
76,51,75
53,52,77
77,52,76
54,53,78
78,53,77
55,54,79
79,54,78
56,55,80
80,55,79
57,56,81
81,56,80
58,57,82
82,57,81
59,58,83
83,58,82
60,59,84
84,59,83
61,60,85
85,60,84
62,61,86
86,61,85
63,62,87
87,62,86
64,63,88
88,63,87
65,64,89
89,64,88
66,65,90
90,65,89
67,66,91
91,66,90
68,67,92
92,67,91
69,68,93
93,68,92
70,69,94
94,69,93
71,70,95
95,70,94
72,71,96
96,71,95
49,72,73
73,72,96
74,73,98
98,73,97
75,74,99
99,74,98
76,75,100
100,75,99
77,76,101
101,76,100
78,77,102
102,77,101
79,78,103
103,78,102
80,79,104
104,79,103
81,80,105
105,80,104
82,81,106
106,81,105
83,82,107
107,82,106
84,83,108
108,83,107
85,84,109
109,84,108
86,85,110
110,85,109
87,86,111
111,86,110
88,87,112
112,87,111
89,88,113
113,88,112
90,89,114
114,89,113
91,90,115
115,90,114
92,91,116
116,91,115
93,92,117
117,92,116
95,94,119
509,506,508
96,95,120
120,95,119
73,96,97
97,96,120
98,97,122
122,97,121
99,98,123
123,98,122
100,99,124
124,99,123
101,100,125
125,100,124
102,101,126
126,101,125
103,102,127
127,102,126
104,103,128
128,103,127
105,104,129
129,104,128
106,105,130
130,105,129
107,106,131
131,106,130
108,107,132
132,107,131
109,108,133
133,108,132
110,109,134
134,109,133
111,110,135
135,110,134
112,111,136
136,111,135
113,112,137
137,112,136
114,113,138
138,113,137
115,114,139
139,114,138
116,115,140
140,115,139
117,116,141
141,116,140
508,507,511
511,507,510
509,508,512
143,118,142
120,119,144
144,119,143
97,120,121
121,120,144
122,121,146
146,121,145
123,122,147
147,122,146
124,123,148
148,123,147
125,124,149
149,124,148
126,125,150
150,125,149
527,526,531
531,526,530
128,127,152
152,127,151
129,128,153
153,128,152
130,129,154
154,129,153
131,130,155
155,130,154
132,131,156
156,131,155
133,132,157
157,132,156
529,528,533
533,528,532
135,134,159
159,134,158
136,135,160
160,135,159
137,136,161
161,136,160
138,137,162
162,137,161
139,138,163
163,138,162
140,139,164
164,139,163
141,140,165
165,140,164
511,514,510
514,510,513
512,511,515
167,166,142
144,143,168
168,143,167
121,144,145
145,144,168
146,145,170
170,145,169
147,146,171
171,146,170
148,147,172
172,147,171
149,148,173
173,148,172
150,149,174
174,149,173
151,150,175
175,150,174
152,151,176
176,151,175
153,152,177
177,152,176
154,153,178
178,153,177
155,154,179
179,154,178
156,155,180
180,155,179
157,156,181
181,156,180
158,157,182
182,157,181
159,158,183
183,158,182
160,159,184
184,159,183
161,160,185
185,160,184
162,161,186
186,161,185
163,162,187
187,162,186
164,163,188
188,163,187
165,164,189
189,164,188
514,513,516
190,165,189
168,167,192
192,167,191
145,168,169
169,168,192
170,169,194
194,169,193
171,170,195
195,170,194
172,171,196
196,171,195
173,172,197
197,172,196
174,173,198
198,173,197
175,174,199
199,174,198
176,175,200
200,175,199
177,176,201
201,176,200
178,177,202
202,177,201
179,178,203
203,178,202
180,179,204
204,179,203
181,180,205
205,180,204
182,181,206
206,181,205
183,182,207
207,182,206
184,183,208
208,183,207
185,184,209
209,184,208
186,185,210
210,185,209
187,186,211
211,186,210
188,187,212
212,187,211
189,188,213
213,188,212
190,189,214
214,189,213
191,190,215
215,190,214
192,191,216
216,191,215
169,192,193
193,192,216
194,193,218
218,193,217
195,194,219
219,194,218
196,195,220
220,195,219
197,196,221
221,196,220
198,197,222
222,197,221
199,198,223
223,198,222
200,199,224
224,199,223
201,200,225
225,200,224
202,201,226
226,201,225
203,202,227
227,202,226
204,203,228
228,203,227
205,204,229
229,204,228
206,205,230
230,205,229
207,206,231
231,206,230
208,207,232
232,207,231
209,208,233
233,208,232
210,209,234
234,209,233
211,210,235
235,210,234
212,211,236
236,211,235
213,212,237
237,212,236
214,213,238
238,213,237
215,214,239
239,214,238
216,215,240
240,215,239
193,216,217
217,216,240
218,217,242
242,217,241
219,218,243
243,218,242
220,219,244
244,219,243
221,220,245
245,220,244
222,221,246
246,221,245
223,222,247
247,222,246
224,223,248
248,223,247
225,224,249
249,224,248
226,225,250
250,225,249
227,226,251
251,226,250
228,227,252
252,227,251
229,228,253
253,228,252
230,229,254
254,229,253
231,230,255
255,230,254
232,231,256
256,231,255
233,232,257
257,232,256
234,233,258
258,233,257
235,234,259
259,234,258
236,235,260
260,235,259
237,236,261
261,236,260
238,237,262
262,237,261
239,238,263
263,238,262
240,239,264
264,239,263
217,240,241
241,240,264
242,241,266
266,241,265
243,242,267
267,242,266
244,243,268
268,243,267
245,244,269
269,244,268
246,245,270
270,245,269
247,246,271
271,246,270
248,247,272
272,247,271
249,248,273
273,248,272
250,249,274
274,249,273
251,250,275
275,250,274
252,251,276
276,251,275
253,252,277
277,252,276
254,253,278
278,253,277
255,254,279
279,254,278
256,255,280
280,255,279
257,256,281
281,256,280
258,257,282
282,257,281
259,258,283
283,258,282
260,259,284
284,259,283
261,260,285
285,260,284
262,261,286
286,261,285
263,262,287
287,262,286
264,263,288
288,263,287
241,264,265
265,264,288
266,265,290
290,265,289
267,266,291
291,266,290
268,267,292
292,267,291
269,268,293
293,268,292
270,269,294
294,269,293
535,534,539
539,534,538
272,271,296
296,271,295
273,272,297
297,272,296
274,273,298
298,273,297
275,274,299
299,274,298
276,275,300
300,275,299
277,276,301
301,276,300
537,536,541
541,536,540
279,278,303
303,278,302
280,279,304
304,279,303
281,280,305
305,280,304
282,281,306
306,281,305
283,282,307
307,282,306
284,283,308
308,283,307
285,284,309
309,284,308
286,285,310
310,285,309
287,286,311
311,286,310
288,287,312
312,287,311
265,288,289
289,288,312
290,289,314
314,289,313
291,290,315
315,290,314
292,291,316
316,291,315
293,292,317
317,292,316
294,293,318
318,293,317
295,294,319
319,294,318
296,295,320
320,295,319
297,296,321
321,296,320
298,297,322
322,297,321
299,298,323
323,298,322
300,299,324
324,299,323
301,300,325
325,300,324
302,301,326
326,301,325
303,302,327
327,302,326
304,303,328
328,303,327
305,304,329
329,304,328
306,305,330
330,305,329
307,306,331
331,306,330
308,307,332
332,307,331
309,308,333
333,308,332
310,309,334
334,309,333
311,310,335
335,310,334
312,311,336
336,311,335
289,312,313
313,312,336
314,313,338
338,313,337
315,314,339
339,314,338
316,315,340
340,315,339
317,316,341
341,316,340
318,317,342
342,317,341
319,318,343
343,318,342
320,319,344
344,319,343
321,320,345
345,320,344
322,321,346
346,321,345
323,322,347
347,322,346
324,323,348
348,323,347
325,324,349
349,324,348
326,325,350
350,325,349
327,326,351
351,326,350
328,327,352
352,327,351
329,328,353
353,328,352
330,329,354
354,329,353
331,330,355
355,330,354
332,331,356
356,331,355
333,332,357
357,332,356
334,333,358
358,333,357
335,334,359
359,334,358
336,335,360
360,335,359
313,336,337
337,336,360
338,337,362
362,337,361
339,338,363
363,338,362
340,339,364
364,339,363
341,340,365
365,340,364
342,341,366
366,341,365
343,342,367
367,342,366
344,343,368
368,343,367
345,344,369
369,344,368
346,345,370
370,345,369
347,346,371
371,346,370
348,347,372
372,347,371
349,348,373
373,348,372
350,349,374
374,349,373
351,350,375
375,350,374
352,351,376
376,351,375
353,352,377
377,352,376
354,353,378
378,353,377
355,354,379
379,354,378
356,355,380
380,355,379
357,356,381
381,356,380
358,357,382
382,357,381
359,358,383
383,358,382
360,359,384
384,359,383
337,360,361
361,360,384
362,361,386
386,361,385
363,362,387
387,362,386
364,363,388
388,363,387
365,364,389
389,364,388
366,365,390
390,365,389
367,366,391
391,366,390
368,367,392
392,367,391
369,368,393
393,368,392
370,369,394
394,369,393
371,370,395
395,370,394
372,371,396
396,371,395
373,372,397
397,372,396
374,373,398
398,373,397
375,374,399
399,374,398
376,375,400
400,375,399
377,376,401
401,376,400
378,377,402
402,377,401
379,378,403
403,378,402
380,379,404
404,379,403
381,380,405
405,380,404
382,381,406
406,381,405
383,382,407
407,382,406
384,383,408
408,383,407
361,384,385
385,384,408
386,385,410
410,385,409
387,386,411
411,386,410
388,387,412
412,387,411
389,388,413
413,388,412
390,389,414
414,389,413
391,390,415
415,390,414
392,391,416
416,391,415
393,392,417
417,392,416
394,393,418
418,393,417
395,394,419
419,394,418
396,395,420
420,395,419
397,396,421
421,396,420
398,397,422
422,397,421
399,398,423
423,398,422
400,399,424
424,399,423
401,400,425
425,400,424
402,401,426
426,401,425
403,402,427
427,402,426
404,403,428
428,403,427
405,404,429
429,404,428
406,405,430
430,405,429
407,406,431
431,406,430
408,407,432
432,407,431
385,408,409
409,408,432
410,409,434
434,409,433
411,410,435
435,410,434
412,411,436
436,411,435
413,412,437
437,412,436
414,413,438
438,413,437
415,414,439
439,414,438
416,415,440
440,415,439
417,416,441
441,416,440
418,417,442
442,417,441
419,418,443
443,418,442
420,419,444
444,419,443
421,420,445
445,420,444
422,421,446
446,421,445
423,422,447
447,422,446
424,423,448
448,423,447
425,424,449
449,424,448
426,425,450
450,425,449
427,426,451
451,426,450
428,427,452
452,427,451
429,428,453
453,428,452
430,429,454
454,429,453
431,430,455
455,430,454
432,431,456
456,431,455
409,432,433
433,432,456
434,433,457
435,434,457
436,435,457
437,436,457
438,437,457
439,438,457
440,439,457
441,440,457
442,441,457
443,442,457
444,443,457
445,444,457
446,445,457
447,446,457
448,447,457
449,448,457
450,449,457
451,450,457
452,451,457
453,452,457
454,453,457
455,454,457
456,455,457
433,456,457
2,459,1
458,1,459
3,460,2
459,2,460
4,461,3
460,3,461
5,462,4
461,4,462
6,463,5
462,5,463
7,464,6
463,6,464
8,465,7
464,7,465
9,466,8
465,8,466
10,467,9
466,9,467
11,468,10
467,10,468
12,469,11
468,11,469
13,470,12
469,12,470
14,471,13
470,13,471
15,472,14
471,14,472
16,473,15
472,15,473
17,474,16
473,16,474
18,475,17
474,17,475
19,476,18
475,18,476
20,477,19
476,19,477
21,478,20
477,20,478
22,479,21
478,21,479
23,480,22
479,22,480
24,481,23
480,23,481
1,458,24
481,24,458
459,483,458
482,458,483
460,484,459
483,459,484
461,485,460
484,460,485
462,486,461
485,461,486
519,523,518
522,518,523
464,488,463
523,519,524
465,489,464
488,464,489
466,490,465
489,465,490
467,491,466
490,466,491
468,492,467
491,467,492
469,493,468
492,468,493
470,494,469
493,469,494
471,495,470
494,470,495
472,496,471
495,471,496
473,497,472
496,472,497
474,498,473
497,473,498
475,499,474
498,474,499
476,500,475
499,475,500
477,501,476
500,476,501
478,502,477
501,477,502
479,503,478
502,478,503
480,504,479
503,479,504
481,505,480
504,480,505
517,521,520
525,520,521
516,515,514
191,167,190
508,506,507
93,117,94
94,506,119
509,119,506
118,508,142
511,142,508
141,510,117
507,117,510
119,509,143
512,143,509
143,512,118
508,118,512
142,166,511
514,511,166
165,513,141
510,141,513
142,511,143
512,143,511
143,512,167
515,167,512
167,142,515
511,515,142
190,516,165
513,165,516
167,515,190
516,190,515
166,167,514
515,514,167
117,507,94
506,94,507
463,519,462
518,462,519
462,518,486
522,486,518
486,522,487
523,487,522
487,523,488
524,488,523
488,524,463
519,463,524
482,521,458
517,458,521
458,517,481
520,481,517
481,520,505
525,505,520
505,525,482
521,482,525
126,526,127
527,127,526
127,527,151
531,151,527
151,531,150
530,150,531
150,530,126
526,126,530
133,528,134
529,134,528
134,529,158
533,158,529
158,533,157
532,157,533
157,532,133
528,133,532
270,534,271
535,271,534
271,535,295
539,295,535
295,539,294
538,294,539
294,538,270
534,270,538
277,536,278
537,278,536
278,537,302
541,302,537
302,541,301
540,301,541
301,540,277
536,277,540
549,542,543
548,542,549
550,543,544
549,543,550
551,544,545
550,544,551
552,545,546
551,545,552
553,546,547
552,546,553
548,547,542
553,547,548
555,548,549
554,548,555
556,549,550
555,549,556
557,550,551
556,550,557
558,551,552
557,551,558
559,552,553
558,552,559
554,553,548
559,553,554
561,554,555
560,554,561
562,555,556
561,555,562
563,556,557
562,556,563
564,557,558
563,557,564
565,558,559
564,558,565
560,559,554
565,559,560
567,560,561
566,560,567
568,561,562
567,561,568
569,562,563
568,562,569
570,563,564
569,563,570
571,564,565
570,564,571
566,565,560
571,565,566
573,566,567
572,566,573
574,567,568
573,567,574
575,568,569
574,568,575
576,569,570
575,569,576
577,570,571
576,570,577
572,571,566
577,571,572
579,572,573
578,572,579
580,573,574
579,573,580
581,574,575
580,574,581
582,575,576
581,575,582
583,576,577
582,576,583
578,577,572
583,577,578
585,578,579
584,578,585
586,579,580
585,579,586
587,580,581
586,580,587
588,581,582
587,581,588
589,582,583
588,582,589
584,583,578
589,583,584
591,584,585
590,584,591
592,585,586
591,585,592
593,586,587
592,586,593
594,587,588
593,587,594
595,588,589
594,588,595
590,589,584
595,589,590
597,590,591
596,590,597
598,591,592
597,591,598
599,592,593
598,592,599
600,593,594
599,593,600
601,594,595
600,594,601
596,595,590
601,595,596
603,596,597
602,596,603
604,597,598
603,597,604
605,598,599
604,598,605
606,599,600
605,599,606
607,600,601
606,600,607
602,601,596
607,601,602
609,543,542
609,544,543
609,545,544
609,546,545
609,547,546
609,542,547
608,602,603
608,603,604
608,604,605
608,605,606
608,606,607
608,607,602
617,611,610
616,617,610
618,612,611
617,618,611
619,613,612
618,619,612
620,614,613
619,620,613
621,615,614
620,621,614
616,610,615
621,616,615
623,617,616
622,623,616
624,618,617
623,624,617
625,619,618
624,625,618
626,620,619
625,626,619
627,621,620
626,627,620
622,616,621
627,622,621
629,623,622
628,629,622
630,624,623
629,630,623
631,625,624
630,631,624
632,626,625
631,632,625
633,627,626
632,633,626
628,622,627
633,628,627
635,629,628
634,635,628
636,630,629
635,636,629
637,631,630
636,637,630
638,632,631
637,638,631
639,633,632
638,639,632
634,628,633
639,634,633
641,635,634
640,641,634
642,636,635
641,642,635
643,637,636
642,643,636
644,638,637
643,644,637
645,639,638
644,645,638
640,634,639
645,640,639
647,641,640
646,647,640
648,642,641
647,648,641
649,643,642
648,649,642
650,644,643
649,650,643
651,645,644
650,651,644
646,640,645
651,646,645
653,647,646
652,653,646
654,648,647
653,654,647
655,649,648
654,655,648
656,650,649
655,656,649
657,651,650
656,657,650
652,646,651
657,652,651
659,653,652
658,659,652
660,654,653
659,660,653
661,655,654
660,661,654
662,656,655
661,662,655
663,657,656
662,663,656
658,652,657
663,658,657
665,659,658
664,665,658
666,660,659
665,666,659
667,661,660
666,667,660
668,662,661
667,668,661
669,663,662
668,669,662
664,658,663
669,664,663
671,665,664
670,671,664
672,666,665
671,672,665
673,667,666
672,673,666
674,668,667
673,674,667
675,669,668
674,675,668
670,664,669
675,670,669
677,610,611
677,611,612
677,612,613
677,613,614
677,614,615
677,615,610
676,671,670
676,672,671
676,673,672
676,674,673
676,675,674
676,670,675
679,678,685
685,678,684
680,679,686
686,679,685
681,680,687
687,680,686
682,681,688
688,681,687
683,682,689
689,682,688
678,683,684
684,683,689
685,684,691
691,684,690
686,685,692
692,685,691
687,686,693
693,686,692
688,687,694
694,687,693
689,688,695
695,688,694
684,689,690
690,689,695
691,690,697
697,690,696
692,691,698
698,691,697
693,692,699
699,692,698
694,693,700
700,693,699
695,694,701
701,694,700
690,695,696
696,695,701
697,696,703
703,696,702
698,697,704
704,697,703
699,698,705
705,698,704
700,699,706
706,699,705
701,700,707
707,700,706
696,701,702
702,701,707
703,702,709
709,702,708
704,703,710
710,703,709
705,704,711
711,704,710
706,705,712
712,705,711
707,706,713
713,706,712
702,707,708
708,707,713
723,722,725
725,722,724
710,709,716
716,709,715
711,710,717
717,710,716
727,726,729
729,726,728
713,712,719
719,712,718
708,713,714
714,713,719
678,679,721
679,680,721
680,681,721
681,682,721
682,683,721
683,678,721
715,714,720
716,715,720
717,716,720
718,717,720
719,718,720
714,719,720
708,722,709
723,709,722
709,723,715
725,715,723
715,725,714
724,714,725
714,724,708
722,708,724
711,726,712
727,712,726
712,727,718
729,718,727
718,729,717
728,717,729
717,728,711
726,711,728
731,730,737
737,730,736
732,731,738
738,731,737
733,732,739
739,732,738
734,733,740
740,733,739
735,734,741
741,734,740
730,735,736
736,735,741
737,736,743
743,736,742
738,737,744
744,737,743
739,738,745
745,738,744
740,739,746
746,739,745
741,740,747
747,740,746
736,741,742
742,741,747
743,742,749
749,742,748
744,743,750
750,743,749
745,744,751
751,744,750
746,745,752
752,745,751
747,746,753
753,746,752
742,747,748
748,747,753
749,748,755
755,748,754
750,749,756
756,749,755
751,750,757
757,750,756
752,751,758
758,751,757
753,752,759
759,752,758
748,753,754
754,753,759
755,754,761
761,754,760
756,755,762
762,755,761
757,756,763
763,756,762
758,757,764
764,757,763
759,758,765
765,758,764
754,759,760
760,759,765
761,760,767
767,760,766
762,761,768
768,761,767
763,762,769
769,762,768
764,763,770
770,763,769
765,764,771
771,764,770
760,765,766
766,765,771
767,766,773
773,766,772
768,767,774
774,767,773
769,768,775
775,768,774
770,769,776
776,769,775
771,770,777
777,770,776
766,771,772
772,771,777
773,772,779
779,772,778
774,773,780
780,773,779
775,774,781
781,774,780
776,775,782
782,775,781
777,776,783
783,776,782
772,777,778
778,777,783
779,778,785
785,778,784
780,779,786
786,779,785
781,780,787
787,780,786
782,781,788
788,781,787
783,782,789
789,782,788
778,783,784
784,783,789
785,784,791
791,784,790
786,785,792
792,785,791
787,786,793
793,786,792
788,787,794
794,787,793
789,788,795
795,788,794
784,789,790
790,789,795
730,731,797
731,732,797
732,733,797
733,734,797
734,735,797
735,730,797
791,790,796
792,791,796
793,792,796
794,793,796
795,794,796
790,795,796
799,798,805
805,798,804
800,799,806
806,799,805
801,800,807
807,800,806
802,801,808
808,801,807
803,802,809
809,802,808
798,803,804
804,803,809
805,804,811
811,804,810
806,805,812
812,805,811
807,806,813
813,806,812
808,807,814
814,807,813
809,808,815
815,808,814
804,809,810
810,809,815
811,810,817
817,810,816
812,811,818
818,811,817
813,812,819
819,812,818
814,813,820
820,813,819
815,814,821
821,814,820
810,815,816
816,815,821
817,816,823
823,816,822
818,817,824
824,817,823
819,818,825
825,818,824
820,819,826
826,819,825
821,820,827
827,820,826
816,821,822
822,821,827
823,822,829
829,822,828
824,823,830
830,823,829
825,824,831
831,824,830
826,825,832
832,825,831
827,826,833
833,826,832
822,827,828
828,827,833
829,828,835
835,828,834
830,829,836
836,829,835
831,830,837
837,830,836
832,831,838
838,831,837
833,832,839
839,832,838
828,833,834
834,833,839
835,834,841
841,834,840
836,835,842
842,835,841
837,836,843
843,836,842
838,837,844
844,837,843
839,838,845
845,838,844
834,839,840
840,839,845
841,840,847
847,840,846
842,841,848
848,841,847
843,842,849
849,842,848
844,843,850
850,843,849
845,844,851
851,844,850
840,845,846
846,845,851
847,846,853
853,846,852
848,847,854
854,847,853
849,848,855
855,848,854
850,849,856
856,849,855
851,850,857
857,850,856
846,851,852
852,851,857
853,852,859
859,852,858
854,853,860
860,853,859
855,854,861
861,854,860
856,855,862
862,855,861
857,856,863
863,856,862
852,857,858
858,857,863
798,799,865
799,800,865
800,801,865
801,802,865
802,803,865
803,798,865
859,858,864
860,859,864
861,860,864
862,861,864
863,862,864
858,863,864
873,867,866
872,873,866
874,868,867
873,874,867
875,869,868
874,875,868
876,870,869
875,876,869
877,871,870
876,877,870
872,866,871
877,872,871
879,873,872
878,879,872
880,874,873
879,880,873
881,875,874
880,881,874
882,876,875
881,882,875
883,877,876
882,883,876
878,872,877
883,878,877
885,879,878
884,885,878
886,880,879
885,886,879
887,881,880
886,887,880
888,882,881
887,888,881
889,883,882
888,889,882
884,878,883
889,884,883
891,885,884
890,891,884
892,886,885
891,892,885
893,887,886
892,893,886
894,888,887
893,894,887
895,889,888
894,895,888
890,884,889
895,890,889
897,891,890
896,897,890
898,892,891
897,898,891
899,893,892
898,899,892
900,894,893
899,900,893
901,895,894
900,901,894
896,890,895
901,896,895
903,897,896
902,903,896
904,898,897
903,904,897
905,899,898
904,905,898
906,900,899
905,906,899
907,901,900
906,907,900
902,896,901
907,902,901
909,903,902
908,909,902
910,904,903
909,910,903
911,905,904
910,911,904
912,906,905
911,912,905
913,907,906
912,913,906
908,902,907
913,908,907
915,909,908
914,915,908
916,910,909
915,916,909
917,911,910
916,917,910
918,912,911
917,918,911
919,913,912
918,919,912
914,908,913
919,914,913
921,915,914
920,921,914
922,916,915
921,922,915
923,917,916
922,923,916
924,918,917
923,924,917
925,919,918
924,925,918
920,914,919
925,920,919
927,921,920
926,927,920
928,922,921
927,928,921
929,923,922
928,929,922
930,924,923
929,930,923
931,925,924
930,931,924
926,920,925
931,926,925
933,866,867
933,867,868
933,868,869
933,869,870
933,870,871
933,871,866
932,927,926
932,928,927
932,929,928
932,930,929
932,931,930
932,926,931
941,935,934
940,941,934
942,936,935
941,942,935
943,937,936
942,943,936
944,938,937
943,944,937
945,939,938
944,945,938
940,934,939
945,940,939
947,941,940
946,947,940
948,942,941
947,948,941
949,943,942
948,949,942
950,944,943
949,950,943
951,945,944
950,951,944
946,940,945
951,946,945
953,947,946
952,953,946
954,948,947
953,954,947
955,949,948
954,955,948
956,950,949
955,956,949
957,951,950
956,957,950
952,946,951
957,952,951
959,953,952
958,959,952
960,954,953
959,960,953
961,955,954
960,961,954
962,956,955
961,962,955
963,957,956
962,963,956
958,952,957
963,958,957
965,959,958
964,965,958
966,960,959
965,966,959
967,961,960
966,967,960
968,962,961
967,968,961
969,963,962
968,969,962
964,958,963
969,964,963
971,965,964
970,971,964
972,966,965
971,972,965
973,967,966
972,973,966
974,968,967
973,974,967
975,969,968
974,975,968
970,964,969
975,970,969
977,971,970
976,977,970
978,972,971
977,978,971
979,973,972
978,979,972
980,974,973
979,980,973
981,975,974
980,981,974
976,970,975
981,976,975
983,977,976
982,983,976
984,978,977
983,984,977
985,979,978
984,985,978
986,980,979
985,986,979
987,981,980
986,987,980
982,976,981
987,982,981
989,983,982
988,989,982
990,984,983
989,990,983
991,985,984
990,991,984
992,986,985
991,992,985
993,987,986
992,993,986
988,982,987
993,988,987
995,989,988
994,995,988
996,990,989
995,996,989
997,991,990
996,997,990
998,992,991
997,998,991
999,993,992
998,999,992
994,988,993
999,994,993
1001,934,935
1001,935,936
1001,936,937
1001,937,938
1001,938,939
1001,939,934
1000,995,994
1000,996,995
1000,997,996
1000,998,997
1000,999,998
1000,994,999