"Duck"
0.1
255,250,0
270,270,0
0,0,0 
303, 562
 -28.091742,-1166.367065,-1902.944458
 50.858582,-1058.602417,-1908.559204
 103.18132,-911.628906,-1914.481323
 122.565582,-743.09613,-1918.81897
 106.673386,-573.352966,-1920.545776
 57.421661,-422.955139,-1919.865356
 -19.249247,-310.11795,-1917.99231
 -114.091805,-248.4814,-1916.476685
 -124.147148,-1222.063599,-1899.620728
 96.618271,-1527.198608,-1750.835693
 244.996277,-1328.9198,-1767.286499
 343.330505,-1057.942749,-1783.72644
 379.761261,-746.674622,-1794.074585
 349.894043,-432.895508,-1795.328979
 257.33078,-154.907944,-1788.765747
 113.236557,53.493443,-1779.113647
 -65.008888,167.234207,-1772.132202
 -83.906868,-1629.508789,-1740.871948
 189.181519,-1768.714844,-1532.830933
 389.090363,-1509.522461,-1560.313965
 521.576233,-1154.580078,-1587.228149
 570.658875,-746.209045,-1603.073608
 530.418701,-334.291931,-1602.828735
 405.708588,30.468323,-1589.047363
 211.571228,303.604584,-1570.359985
 -28.578316,465.541595,-1585.140015
 -54.039566,-1902.236328,-1516.057617
 238.433243,-1866.347168,-1283.685181
 465.761536,-1581.713501,-1317.370483
 616.418762,-1181.899414,-1287.873413
 672.233337,-742.092712,-1368.866211
 626.474121,-285.001404,-1308.436279
 484.658752,112.633369,-1349.295532
 263.893921,412.902405,-1325.210693
 -9.194084,632.645691,-1323.867798
 -38.147465,-2012.831055,-1263.071899
 238.433151,-1820.525635,-1037.511475
 465.761505,-1516.988647,-993.425049
 616.418762,-1168.985107,-1101.607788
 672.233337,-735.226318,-1119.707764
 626.474121,-297.636719,-1118.372681
 484.658752,89.665962,-1100.814087
 263.894043,379.4328,-1077.571045
 -9.194158,601.300354,-1083.230347
 -38.147457,-2092.382324,-1035.003906
 189.181458,-1650.388916,-822.264526
 389.090607,-1416.1604,-847.068481
 521.576111,-1095.510132,-871.352051
 570.658875,-726.717957,-885.640991
 530.418945,-354.828003,-885.411743
 482.750763,-22.718866,-908.79895
 211.571136,208.558945,-820.597778
 -28.578344,458.833832,-819.774658
 -54.039577,-1771.078369,-746.266296
 96.618317,-1385.371216,-657.968079
 244.996353,-1215.671997,-672.021973
 343.33075,-983.831177,-686.060181
 379.761505,-717.614563,-694.891724
 349.894043,-449.337006,-695.950806
 223.089874,-134.611771,-643.35498
 250.200516,4.622787,-752.462524
 -83.907036,-1472.956177,-649.455017
 -28.091661,-1061.004395,-563.048889
 50.858662,-966.356934,-553.494446
 103.181404,-847.86731,-552.700378
 122.565765,-708.775513,-556.268188
 110.310364,-449.934875,-560.01416
 19.143106,-190.909912,-544.824951
 -215.666428,-303.914063,-551.415771
 -225.721786,-1141.395874,-568.970276
 -124.147217,-1143.860596,-568.817871
 -28.236427,469.42392,-429.114868
 26.38653,290.063324,-484.658569
 -17.812477,155.300003,-475.553101
 -86.79921,30.244154,-462.33905
 -104.854126,564.727234,-429.114868
 94.045197,589.856689,-312.085876
 149.227219,355.237518,-312.085876
 112.099861,113.93515,-312.085938
 -7.388537,-69.393471,-312.085938
 -58.013981,754.926941,-302.40918
 138.803314,630.010986,-95.004639
 202.522079,359.096039,-95.004639
 159.651108,80.464149,-95.004639
 21.677708,-131.225433,-95.004639
 -53.138882,820.617493,-112.975708
 94.045197,589.856445,122.07666
 149.227097,355.237518,122.07666
 112.099861,113.935211,122.07666
 -7.388537,-69.393593,122.07666
 -38.660587,754.926941,122.07666
 -28.236427,480.15329,280.991089
 3.622868,344.69577,280.991089
 -17.812483,205.379837,280.991089
 -86.799179,99.534866,280.991089
 -104.854172,575.456482,280.991089
 -444.109253,-1166.367065,-1902.944458
 -523.059509,-1058.602417,-1908.559204
 -575.382263,-911.629272,-1914.481323
 -594.766907,-743.095886,-1918.81897
 -578.874695,-573.352661,-1920.545776
 -529.622681,-422.95517,-1919.865356
 -452.951843,-310.11792,-1917.99231
 -358.109314,-248.4814,-1916.476685
 -348.053833,-1222.063599,-1899.620728
 -568.819092,-1527.198608,-1750.835693
 -717.197205,-1328.9198,-1767.286499
 -815.532166,-1057.942749,-1783.72644
 -851.962585,-746.674683,-1794.074585
 -822.095093,-432.895447,-1795.328979
 -729.53186,-154.908035,-1788.765747
 -585.437622,53.49374,-1779.113647
 -407.19223,167.234177,-1772.132202
 -388.294037,-1629.509277,-1740.871948
 -661.382629,-1768.714844,-1532.830933
 -861.29126,-1509.522705,-1560.313965
 -993.777161,-1154.580322,-1587.228149
 -1042.860229,-746.209229,-1603.073608
 -1002.619751,-334.292084,-1602.828735
 -877.910461,30.467834,-1589.047363
 -683.772766,303.604767,-1570.359985
 -443.622894,465.541534,-1585.140015
 -418.161255,-1902.236816,-1516.057617
 -710.633972,-1866.347168,-1283.685181
 -937.962708,-1581.713867,-1317.370483
 -1088.619629,-1191.473877,-1350.106079
 -1144.434692,-742.092896,-1368.866211
 -1098.675171,-288.692596,-1367.487915
 -956.860657,112.633171,-1349.295532
 -736.09552,412.902161,-1325.210693
 -463.007202,632.645691,-1323.867798
 -434.053375,-2012.831543,-1263.071899
 -710.634338,-1820.525635,-1037.511475
 -937.962708,-1545.71167,-1070.019165
 -1088.619629,-1285.825684,-1109.953613
 -1144.434692,-735.226501,-1119.707764
 -1098.675171,-297.637177,-1118.372681
 -956.860657,89.665764,-1100.814087
 -736.09552,379.432556,-1077.571045
 -463.007202,601.300354,-1083.230347
 -434.053345,-2083.687988,-1043.697998
 -661.38269,-1650.388916,-822.264526
 -861.291321,-1416.160645,-847.068481
 -993.777771,-1095.510132,-871.352051
 -1042.860229,-726.71814,-885.640991
 -1002.619995,-354.828094,-885.411743
 -954.952637,-22.719366,-908.79895
 -683.772705,208.559219,-820.597778
 -443.622894,458.833771,-819.774658
 -418.161285,-1771.078857,-746.266296
 -568.819275,-1385.371216,-657.968079
 -717.197327,-1215.671997,-672.021973
 -815.53241,-983.831116,-686.060181
 -851.96283,-717.614746,-694.891724
 -822.095093,-449.336945,-695.950806
 -695.290955,-134.611893,-643.35498
 -722.401611,4.623062,-752.462524
 -388.293976,-1472.956177,-649.455017
 -444.109314,-1061.004272,-563.048828
 -523.059631,-966.356873,-553.494507
 -575.382385,-847.867676,-555.536194
 -594.767151,-708.775208,-556.268188
 -586.148315,-449.934967,-560.014221
 -481.820709,-198.503052,-545.123047
 -348.053772,-1143.860474,-568.817871
 -443.964813,469.423859,-429.114868
 -521.351563,285.51059,-484.658569
 -454.388702,155.299973,-471.000427
 -385.401947,30.244127,-462.33905
 -232.796616,-83.059418,-436.355042
 -266.501068,594.339539,-429.114868
 -367.347107,564.727234,-429.114868
 -566.24646,589.856567,-312.085876
 -621.428772,355.237518,-312.085876
 -584.300964,113.935455,-312.085938
 -464.812592,-69.393394,-312.085938
 -294.979828,-145.625916,-312.085938
 -260.252502,806.21698,-341.115967
 -436.305481,754.926941,-295.497253
 -611.004517,630.010864,-95.004639
 -674.723694,359.096222,-95.004639
 -631.852173,80.464439,-95.004639
 -493.878815,-131.225677,-95.004639
 -297.772888,-219.251282,-95.004639
 -257.459381,879.842224,-64.592224
 -435.651001,820.617493,-112.975708
 -566.24646,589.856323,122.07666
 -621.42865,355.237518,122.07666
 -584.300964,113.935516,122.07666
 -464.812592,-69.393639,122.07666
 -294.979828,-145.625916,122.07666
 -258.870117,806.216736,122.07666
 -433.54071,754.926941,122.07666
 -443.964813,480.153229,280.991089
 -475.824188,344.695709,280.991089
 -454.388702,205.379807,280.991089
 -385.401947,99.534836,280.991089
 -287.348969,55.52203,280.991089
 -266.501068,605.068787,280.991089
 -367.347168,575.456482,280.991089
 -276.925049,330.295471,339.157715
 -5.810584,787.772156,-203.545288
 -484.361694,787.772156,-204.927673
 -361.070251,850.229919,-77.033691
 -139.401688,850.229919,-77.033691
 -154.29483,780.57196,-328.6745
 -346.205383,780.57196,-325.909729
 -75.824661,905.82489,-321.342957
 -59.935509,971.51532,-141.822144
 -264.846313,957.114929,-354.542725
 -434.290771,905.82489,-317.735229
 -264.256012,1030.740234,-93.43866
 -442.447632,971.51532,-141.822144
 -12.607214,938.670105,-232.391724
 -491.158325,938.670105,-233.774109
 -367.866882,1001.127869,-105.880127
 -146.198318,1001.127869,-105.880127
 -173.207016,931.46991,-349.811096
 -349.697815,931.46991,-345.944946
 -122.20636,1212.678223,-291.337341
 -111.000359,1243.583008,-170.989624
 -259.599915,1218.306885,-312.652161
 -391.161438,1208.050049,-289.639099
 -259.851074,1285.406982,-136.274536
 -394.016663,1230.532227,-170.989624
 -53.752071,1165.061279,-237.074707
 -442.553589,1167.236084,-236.96521
 -337.508301,1271.02002,-145.201294
 -173.844177,1275.370605,-145.201294
 -189.072006,1223.113281,-304.826782
 -331.029175,1210.0625,-306.147339
 -158.877914,1392.271729,-162.737183
 -208.305817,1418.773193,-158.389282
 -263.085236,1428.073486,-156.128723
 -304.054932,1416.597656,-161.693481
 -342.765137,1386.782715,-161.745361
 427.426056,-1480.935913,-958.543823
 541.090149,-1365.775146,-1147.25647
 541.090149,-1357.348389,-1085.813477
 616.418762,-1180.229492,-1225.856934
 596.904602,-948.336426,-1415.814331
 644.325867,-966.783203,-1359.486084
 649.353577,-515.392578,-1368.177002
 598.566345,-512.663574,-1423.048096
 578.446411,-311.491943,-1485.158325
 626.474121,-300.545868,-1254.002563
 555.566833,-103.985275,-1109.593384
 591.020386,-167.594498,-1113.983032
 -1088.619629,-1205.266846,-1271.758423
 -1116.527222,-966.783386,-1359.486084
 -1093.647461,-744.151062,-1427.549805
 -1050.647461,-298.973785,-1418.392456
 -956.860657,101.149467,-1225.05481
 -1027.7677,-88.029587,-1358.391724
 -1013.291077,-1340.656982,-1089.986328
 -1116.5271,-1168.355469,-1235.237061
 -38.147385,-2355.597656,-652.784912
 189.181473,-1965.258545,-772.462769
 -54.039551,-2044.114502,-690.53363
 -434.053345,-2355.597656,-652.784912
 -661.382263,-1965.258545,-772.462769
 -418.161255,-2061.503174,-692.170349
 -147.539642,470.003967,-627.878601
 -355.061981,470.003967,-627.878601
 -405.485016,455.197784,-627.878601
 -443.793854,398.440704,-632.431274
 -459.723541,335.264801,-627.878662
 -66.71624,446.092377,-627.878601
 -28.407381,407.546356,-627.878601
 -12.477777,335.264923,-627.878601
 -706.865356,421.732788,-50.590904
 -674.864258,360.324738,-110.055283
 -671.372314,337.646332,-49.73119
 -668.24292,364.336273,8.948718
 -667.308777,424.760376,31.610834
 -669.117554,483.523163,4.979663
 -672.609253,506.201202,-55.344311
 -675.73877,479.51123,-114.02446
 -676.672852,419.087311,-136.686417
 -591.860046,335.270996,-138.579941
 -586.922241,303.198761,-53.268864
 -582.496399,340.944061,29.717211
 -581.175354,426.396484,61.766151
 -583.733215,509.498962,24.104132
 -588.671143,541.571411,-61.207127
 -593.097107,503.825867,-144.192947
 -594.417786,418.373199,-176.24205
 253.253159,421.732483,-50.590988
 221.252304,360.324371,-110.055328
 217.760544,337.645874,-49.731247
 214.630844,364.335907,8.948761
 213.696762,424.759949,31.610794
 215.505386,483.522522,4.979772
 218.997223,506.200958,-55.344414
 222.126816,479.510773,-114.024452
 223.060883,419.086731,-136.686371
 138.248383,335.270355,-138.580048
 133.310257,303.198029,-53.26894
 128.884354,340.943604,29.71718
 127.563339,426.396301,61.766148
 130.120911,509.498718,24.104103
 135.059128,541.570923,-61.207035
 139.485107,503.825409,-144.193146
 140.806122,418.373108,-176.241943
10,9,0
1,10,0
11,10,1
2,11,1
12,11,2
3,12,2
13,12,3
4,13,3
14,13,4
5,14,4
15,14,5
6,15,5
16,15,6
7,16,6
9,17,8
0,9,8
19,18,9
10,19,9
20,19,10
11,20,10
21,20,11
12,21,11
22,21,12
13,22,12
23,22,13
14,23,13
24,23,14
15,24,14
25,24,15
16,25,15
18,26,17
9,18,17
28,27,18
19,28,18
29,28,19
20,29,19
241,29,240
21,240,20
22,243,21
32,244,22
23,32,22
33,32,23
24,33,23
34,33,24
25,34,24
27,35,26
18,27,26
37,36,27
28,37,27
238,37,237
29,237,28
241,30,239
39,38,30
40,39,30
245,40,242
41,246,31
32,41,31
42,41,32
33,42,32
43,42,33
34,43,33
36,44,35
27,36,35
46,45,36
236,46,36
238,38,236
47,46,38
48,47,38
39,48,38
49,48,39
40,49,39
50,49,40
41,50,246
51,50,41
42,51,41
52,51,42
43,52,42
257,258,256
36,45,44
55,54,45
46,55,45
56,55,46
47,56,46
47,48,56
57,56,48
58,57,48
49,58,48
59,58,49
50,59,49
60,59,50
51,60,50
54,61,53
45,54,53
63,62,54
55,63,54
64,63,55
56,64,55
65,64,56
57,65,56
66,65,57
58,66,57
67,66,58
59,67,58
62,70,61
54,62,61
76,77,71
77,72,71
77,78,72
78,73,72
78,79,73
79,74,73
79,176,74
176,169,74
205,80,170
80,75,170
80,76,75
76,71,75
81,82,76
82,77,76
82,83,77
83,78,77
83,84,78
84,79,78
84,183,79
183,176,79
225,231,220
221,231,229
85,81,201
81,76,80
86,87,81
87,82,81
87,88,82
88,83,82
88,89,83
89,84,83
89,190,84
190,183,84
191,90,184
90,204,184
90,86,85
86,81,85
91,92,86
92,87,86
92,93,87
93,88,87
93,94,88
94,89,88
94,197,89
197,190,89
198,95,191
95,90,191
95,91,90
91,86,90
95,198,200
197,94,200
94,93,200
93,92,200
92,91,200
91,95,200
71,72,268
51,269,72
72,73,51
60,51,73
73,74,60
59,60,74
74,169,59
67,59,169
75,71,267
170,75,262
106,96,105
97,96,106
107,97,106
98,97,107
108,98,107
99,98,108
109,99,108
100,99,109
110,100,109
101,100,110
111,101,110
102,101,111
112,102,111
103,102,112
105,104,113
96,104,105
115,105,114
106,105,115
116,106,115
107,106,116
117,107,116
108,107,117
118,108,117
109,108,118
119,109,118
110,109,119
120,110,119
111,110,120
121,111,120
112,111,121
114,113,122
105,113,114
124,114,123
115,114,124
125,115,124
116,115,125
126,250,249
117,116,250
127,250,126
118,117,251
128,251,253
119,118,128
129,119,128
120,119,129
130,120,129
121,120,130
123,122,131
114,122,123
133,123,132
124,123,133
134,248,254
125,124,248
135,255,134
248,255,126
136,126,135
127,126,136
137,127,136
253,127,252
138,252,137
129,128,138
139,129,138
130,129,139
132,131,140
123,131,132
142,132,141
133,132,142
143,134,142
133,142,254
144,134,143
135,134,144
145,135,144
136,135,145
146,136,145
137,136,146
147,137,146
138,137,147
148,138,147
139,138,148
260,259,261
132,140,141
151,141,150
142,141,151
152,142,151
143,142,152
153,143,152
144,143,153
154,144,153
145,144,154
155,145,154
146,145,155
156,146,155
147,146,156
150,149,157
141,149,150
159,150,158
151,150,159
160,151,159
152,151,160
161,152,160
153,152,161
162,153,161
154,153,162
163,154,162
155,154,163
158,157,164
150,157,158
172,165,173
173,165,166
173,166,174
174,166,167
174,167,175
175,167,168
175,168,176
176,168,169
177,170,206
178,170,171
178,171,172
172,171,165
179,172,180
180,172,173
180,173,181
181,173,174
181,174,182
182,174,175
182,175,183
183,175,176
227,223,234
227,235,224
202,178,179
179,178,172
186,179,187
187,179,180
187,180,188
188,180,181
188,181,189
189,181,182
189,182,190
190,182,183
191,184,192
192,203,185
192,185,186
186,185,179
193,186,194
194,186,187
194,187,195
195,187,188
195,188,196
196,188,189
196,189,197
197,189,190
198,191,199
199,191,192
199,192,193
193,192,186
199,200,198
197,200,196
196,200,195
195,200,194
194,200,193
193,200,199
265,266,166
147,266,148
166,147,167
156,167,147
167,156,168
155,168,156
168,155,169
163,169,155
264,265,165
263,264,171
130,139,34
139,43,34
139,148,43
148,52,43
121,130,34
121,34,25
112,121,16
121,25,16
112,16,7
103,112,7
256,258,259
258,261,259
131,44,140
35,44,131
26,35,131
26,131,122
17,26,122
17,122,113
53,61,149
61,157,149
8,113,104
8,17,113
67,169,163
66,67,163
66,163,162
65,66,162
161,65,162
160,65,161
64,65,160
159,64,160
63,64,159
158,63,159
62,63,158
62,158,164
70,62,164
70,164,157
61,70,157
148,262,52
228,220,231
201,81,80
226,235,222
185,202,179
221,230,234
192,184,203
223,232,233
90,85,204
177,205,170
229,231,219
206,170,178
230,222,235
204,85,216
208,216,85
85,201,208
213,208,201
205,177,217
209,217,177
203,184,215
211,215,184
202,185,214
212,214,185
185,203,212
215,212,203
178,202,210
214,210,202
206,178,218
210,218,178
177,206,209
218,209,206
184,204,211
216,211,204
201,80,213
207,213,80
80,205,207
217,207,205
216,208,228
220,228,208
208,213,220
225,220,213
217,209,229
221,229,209
215,211,227
223,227,211
214,212,226
224,226,212
212,215,224
227,224,215
210,214,222
226,222,214
218,210,230
222,230,210
209,218,221
230,221,218
211,216,223
228,223,216
213,207,225
219,225,207
207,217,219
229,219,217
232,228,231
225,219,231
223,228,232
221,232,231
233,234,223
233,232,221
233,221,234
234,235,227
226,224,235
234,230,235
37,236,36
236,38,46
237,37,28
38,238,239
237,239,238
37,238,236
239,30,38
29,239,237
240,29,20
29,241,239
31,242,243
242,40,30
244,31,243
32,31,244
22,244,243
30,241,240
243,30,240
243,242,30
21,243,240
31,245,242
247,40,245
246,50,247
245,31,246
246,247,245
247,50,40
124,254,248
125,248,249
249,116,125
249,248,126
116,249,250
127,251,250
117,250,251
128,118,251
252,127,137
138,128,252
253,251,127
128,253,252
254,124,133
254,142,134
135,126,255
248,134,255
44,45,256
257,256,45
45,53,257
258,257,53
149,141,261
260,261,141
141,140,260
259,260,140
140,44,259
256,259,44
53,149,258
261,258,149
262,267,52
263,170,262
170,263,171
148,263,262
171,264,165
263,148,264
165,265,166
264,148,265
265,148,266
147,166,266
267,268,52
262,75,267
268,269,52
267,71,268
51,52,269
268,72,269
271,272,270
272,273,270
273,274,270
274,275,270
275,276,270
276,277,270
277,278,270
278,271,270
279,280,271
280,272,271
280,281,272
281,273,272
282,274,273
282,283,274
283,275,274
283,284,275
284,276,275
284,285,276
285,277,276
285,286,277
286,278,277
286,279,278
279,271,278
288,287,289
289,287,290
290,287,291
291,287,292
292,287,293
293,287,294
294,287,295
295,287,288
296,288,297
297,288,289
297,289,298
298,290,299
299,290,291
299,291,300
300,291,292
300,292,301
301,292,293
301,293,302
302,293,294
302,294,303
303,294,295
303,295,296
296,295,288
8,104,96,97,98,99,100,101,102,103,7,6,5,4,3,2,1,0