"Spike"
20
160,50,240
0,0,0
0,0,0
361,719
-3.0402,-3.5263,1.9843
-1.1414,-3.7711,1.2590
1.1414,-3.7711,1.2590
3.0402,-3.5263,1.9843
-3.9619,-1.5103,1.0410
-1.4395,-1.5831,-0.3494
1.4395,-1.5831,-0.3494
3.9619,-1.5103,1.0410
-3.9619,1.5103,1.0410
-1.4395,1.5831,-0.3494
1.4395,1.5831,-0.3494
3.9619,1.5103,1.0410
-3.0402,3.5263,1.9843
-1.1414,3.7711,1.2590
1.1414,3.7711,1.2590
3.0402,3.5263,1.9843
-3.0402,-3.5263,8.0157
-1.1414,-3.7711,8.7410
1.1414,-3.7711,8.7410
3.0402,-3.5263,8.0157
-3.9619,-1.5103,8.9590
-1.4395,-1.5831,10.3494
1.4395,-1.5831,10.3494
3.9619,-1.5103,8.9590
-3.9619,1.5103,8.9590
-1.4395,1.5831,10.3494
1.4395,1.5831,10.3494
3.9619,1.5103,8.9590
-3.0402,3.5263,8.0157
-1.1414,3.7711,8.7410
1.1414,3.7711,8.7410
3.0402,3.5263,8.0157
-3.8315,-3.8602,3.8391
-1.5543,-5.2657,3.4525
1.5543,-5.2657,3.4525
3.8315,-3.8602,3.8391
5.3589,-1.5926,3.5582
5.3589,1.5926,3.5582
3.8315,3.8602,3.8391
1.5543,5.2657,3.4525
-1.5543,5.2657,3.4525
-3.8315,3.8602,3.8391
-5.3589,1.5926,3.5582
-5.3589,-1.5926,3.5582
-3.8315,-3.8602,6.1609
-1.5543,-5.2657,6.5475
1.5543,-5.2657,6.5475
3.8315,-3.8602,6.1609
5.3589,-1.5926,6.4418
5.3589,1.5926,6.4418
3.8315,3.8602,6.1609
1.5543,5.2657,6.5475
-1.5543,5.2657,6.5475
-3.8315,3.8602,6.1609
-5.3589,1.5926,6.4418
-5.3589,-1.5926,6.4418
-0.7392,-0.7392,-5.6051
0.7392,-0.7392,-5.6051
-0.7392,0.7392,-5.6051
0.7392,0.7392,-5.6051
-0.7392,-0.7392,15.6051
0.7392,-0.7392,15.6051
-0.7392,0.7392,15.6051
0.7392,0.7392,15.6051
-0.7392,-10.6051,4.2608
0.7392,-10.6051,4.2608
10.6051,-0.7392,4.2608
10.6051,0.7392,4.2608
0.7392,10.6051,4.2608
-0.7392,10.6051,4.2608
-10.6051,0.7392,4.2608
-10.6051,-0.7392,4.2608
-0.7392,-10.6051,5.7392
0.7392,-10.6051,5.7392
10.6051,-0.7392,5.7392
10.6051,0.7392,5.7392
0.7392,10.6051,5.7392
-0.7392,10.6051,5.7392
-10.6051,0.7392,5.7392
-10.6051,-0.7392,5.7392
-0.0000,-0.0000,-7.1490
-0.0000,-0.0000,17.1490
-0.0000,-12.1490,5.0000
12.1490,-0.0000,5.0000
0.0000,12.1490,5.0000
-12.1490,0.0000,5.0000
-2.0877,-2.7484,0.5850
-0.0000,-2.8018,0.5315
2.0877,-2.7484,0.5850
-2.3958,-0.0000,0.0000
2.3958,-0.0000,0.0000
-2.0877,2.7484,0.5850
-0.0000,2.8018,0.5315
2.0877,2.7484,0.5850
-2.0877,-2.7484,9.4150
-0.0000,-2.8018,9.4685
2.0877,-2.7484,9.4150
-2.3958,-0.0000,10.0000
2.3958,-0.0000,10.0000
-2.0877,2.7484,9.4150
-0.0000,2.8018,9.4685
2.0877,2.7484,9.4150
-2.4419,-4.2584,2.5841
-0.0000,-4.4685,2.1982
2.4419,-4.2584,2.5841
-2.8659,-4.5325,5.0000
2.8659,-4.5325,5.0000
-2.4419,-4.2584,7.4159
-0.0000,-4.4685,7.8018
2.4419,-4.2584,7.4159
4.4651,-2.7984,2.8956
5.0000,-0.0000,2.6042
4.4651,2.7984,2.8956
4.5325,-2.8659,5.0000
4.5325,2.8659,5.0000
4.4651,-2.7984,7.1044
5.0000,-0.0000,7.3958
4.4651,2.7984,7.1044
2.4419,4.2584,2.5841
-0.0000,4.4685,2.1982
-2.4419,4.2584,2.5841
2.8659,4.5325,5.0000
-2.8659,4.5325,5.0000
2.4419,4.2584,7.4159
-0.0000,4.4685,7.8018
-2.4419,4.2584,7.4159
-4.4651,2.7984,2.8956
-5.0000,0.0000,2.6042
-4.4651,-2.7984,2.8956
-4.5325,2.8659,5.0000
-4.5325,-2.8659,5.0000
-4.4651,2.7984,7.1044
-5.0000,0.0000,7.3958
-4.4651,-2.7984,7.1044
-0.0000,-1.6667,-2.5500
-1.6667,-0.0000,-2.5500
-0.0000,1.6667,-2.5500
1.6667,-0.0000,-2.5500
-0.0000,-1.6667,12.5500
-1.6667,-0.0000,12.5500
1.6667,-0.0000,12.5500
-0.0000,1.6667,12.5500
-0.0000,-7.5500,3.3333
-1.6667,-7.5500,5.0000
1.6667,-7.5500,5.0000
-0.0000,-7.5500,6.6667
7.5500,-0.0000,3.3333
7.5500,-1.6667,5.0000
7.5500,1.6667,5.0000
7.5500,-0.0000,6.6667
0.0000,7.5500,3.3333
1.6667,7.5500,5.0000
-1.6667,7.5500,5.0000
0.0000,7.5500,6.6667
-7.5500,0.0000,3.3333
-7.5500,1.6667,5.0000
-7.5500,-1.6667,5.0000
-7.5500,0.0000,6.6667
-0.4257,-0.0000,-6.8125
-0.0000,0.4257,-6.8125
0.4257,-0.0000,-6.8125
-0.0000,-0.4257,-6.8125
-0.0000,-0.4257,16.8125
0.4257,-0.0000,16.8125
-0.0000,0.4257,16.8125
-0.4257,-0.0000,16.8125
-0.0000,-11.8125,4.5743
0.4257,-11.8125,5.0000
-0.0000,-11.8125,5.4257
-0.4257,-11.8125,5.0000
11.8125,-0.0000,4.5743
11.8125,0.4257,5.0000
11.8125,-0.0000,5.4257
11.8125,-0.4257,5.0000
0.0000,11.8125,4.5743
-0.4257,11.8125,5.0000
0.0000,11.8125,5.4257
0.4257,11.8125,5.0000
-11.8125,0.0000,4.5743
-11.8125,-0.4257,5.0000
-11.8125,0.0000,5.4257
-11.8125,0.4257,5.0000
-3.5648,-2.7077,1.4468
-2.3188,-1.5204,0.1462
-1.1855,-2.7924,0.5409
-2.0498,-3.7056,1.4565
-0.0000,-1.9505,-0.5046
1.1855,-2.7924,0.5409
-0.0000,-3.7861,1.2139
2.3188,-1.5204,0.1462
3.5648,-2.7077,1.4468
2.0498,-3.7056,1.4565
-4.0942,-0.0000,0.9058
-2.3188,1.5204,0.1462
-1.7949,-0.0000,-0.7005
1.7949,-0.0000,-0.7005
2.3188,1.5204,0.1462
4.0942,-0.0000,0.9058
-3.5648,2.7077,1.4468
-2.0498,3.7056,1.4565
-1.1855,2.7924,0.5409
-0.0000,3.7861,1.2139
1.1855,2.7924,0.5409
-0.0000,1.9505,-0.5046
2.0498,3.7056,1.4565
3.5648,2.7077,1.4468
-2.0498,-3.7056,8.5435
-1.1855,-2.7924,9.4591
-2.3188,-1.5204,9.8538
-3.5648,-2.7077,8.5532
-0.0000,-3.7861,8.7861
1.1855,-2.7924,9.4591
-0.0000,-1.9505,10.5046
2.0498,-3.7056,8.5435
3.5648,-2.7077,8.5532
2.3188,-1.5204,9.8538
-1.7949,-0.0000,10.7005
-2.3188,1.5204,9.8538
-4.0942,-0.0000,9.0942
4.0942,-0.0000,9.0942
2.3188,1.5204,9.8538
1.7949,-0.0000,10.7005
-1.1855,2.7924,9.4591
-2.0498,3.7056,8.5435
-3.5648,2.7077,8.5532
-0.0000,1.9505,10.5046
1.1855,2.7924,9.4591
-0.0000,3.7861,8.7861
3.5648,2.7077,8.5532
2.0498,3.7056,8.5435
-1.3040,-4.4234,2.2810
-2.7749,-4.4737,3.6904
-3.6097,-3.7640,2.9385
1.3040,-4.4234,2.2810
-0.0000,-5.5046,3.0495
3.6097,-3.7640,2.9385
2.7749,-4.4737,3.6904
-1.9665,-5.5206,5.0000
-2.7749,-4.4737,6.3096
-3.8821,-3.8821,5.0000
3.8821,-3.8821,5.0000
2.7749,-4.4737,6.3096
1.9665,-5.5206,5.0000
-1.3040,-4.4234,7.7190
-3.6097,-3.7640,7.0615
-0.0000,-5.5046,6.9505
1.3040,-4.4234,7.7190
3.6097,-3.7640,7.0615
4.8663,-1.5329,2.6770
4.5207,-2.8540,3.7999
4.8663,1.5329,2.6770
5.7005,-0.0000,3.2051
3.6097,3.7640,2.9385
4.5207,2.8540,3.7999
5.5206,-1.9665,5.0000
4.5207,-2.8540,6.2001
3.8821,3.8821,5.0000
4.5207,2.8540,6.2001
5.5206,1.9665,5.0000
4.8663,-1.5329,7.3230
5.7005,-0.0000,6.7949
4.8663,1.5329,7.3230
3.6097,3.7640,7.0615
1.3040,4.4234,2.2810
2.7749,4.4737,3.6904
-1.3040,4.4234,2.2810
0.0000,5.5046,3.0495
-3.6097,3.7640,2.9385
-2.7749,4.4737,3.6904
1.9665,5.5206,5.0000
2.7749,4.4737,6.3096
-3.8821,3.8821,5.0000
-2.7749,4.4737,6.3096
-1.9665,5.5206,5.0000
1.3040,4.4234,7.7190
0.0000,5.5046,6.9505
-1.3040,4.4234,7.7190
-3.6097,3.7640,7.0615
-4.8663,1.5329,2.6770
-4.5207,2.8540,3.7999
-4.8663,-1.5329,2.6770
-5.7005,0.0000,3.2051
-4.5207,-2.8540,3.7999
-5.5206,1.9665,5.0000
-4.5207,2.8540,6.2001
-4.5207,-2.8540,6.2001
-5.5206,-1.9665,5.0000
-4.8663,1.5329,7.3230
-5.7005,0.0000,6.7949
-4.8663,-1.5329,7.3230
-1.2500,-1.2500,-2.5500
-0.0000,-1.0893,-5.4422
1.2500,-1.2500,-2.5500
-1.2500,1.2500,-2.5500
-1.0893,-0.0000,-5.4422
1.2500,1.2500,-2.5500
-0.0000,1.0893,-5.4422
1.0893,-0.0000,-5.4422
1.2500,-1.2500,12.5500
-0.0000,-1.0893,15.4422
-1.2500,-1.2500,12.5500
-1.0893,-0.0000,15.4422
-1.2500,1.2500,12.5500
1.2500,1.2500,12.5500
1.0893,-0.0000,15.4422
-0.0000,1.0893,15.4422
1.2500,-7.5500,3.7500
-0.0000,-10.4422,3.9107
-1.2500,-7.5500,3.7500
-1.0893,-10.4422,5.0000
-1.2500,-7.5500,6.2500
1.2500,-7.5500,6.2500
1.0893,-10.4422,5.0000
-0.0000,-10.4422,6.0893
7.5500,1.2500,3.7500
10.4422,-0.0000,3.9107
7.5500,-1.2500,3.7500
10.4422,-1.0893,5.0000
7.5500,-1.2500,6.2500
7.5500,1.2500,6.2500
10.4422,1.0893,5.0000
10.4422,-0.0000,6.0893
-1.2500,7.5500,3.7500
0.0000,10.4422,3.9107
1.2500,7.5500,3.7500
1.0893,10.4422,5.0000
1.2500,7.5500,6.2500
-1.2500,7.5500,6.2500
-1.0893,10.4422,5.0000
0.0000,10.4422,6.0893
-7.5500,-1.2500,3.7500
-10.4422,0.0000,3.9107
-7.5500,1.2500,3.7500
-10.4422,1.0893,5.0000
-7.5500,1.2500,6.2500
-7.5500,-1.2500,6.2500
-10.4422,-1.0893,5.0000
-10.4422,0.0000,6.0893
-0.2305,0.2305,-6.9546
-0.2305,-0.2305,-6.9546
0.2305,0.2305,-6.9546
0.2305,-0.2305,-6.9546
0.2305,-0.2305,16.9546
-0.2305,-0.2305,16.9546
0.2305,0.2305,16.9546
-0.2305,0.2305,16.9546
0.2305,-11.9546,4.7695
-0.2305,-11.9546,4.7695
0.2305,-11.9546,5.2305
-0.2305,-11.9546,5.2305
11.9546,0.2305,4.7695
11.9546,-0.2305,4.7695
11.9546,0.2305,5.2305
11.9546,-0.2305,5.2305
-0.2305,11.9546,4.7695
0.2305,11.9546,4.7695
-0.2305,11.9546,5.2305
0.2305,11.9546,5.2305
-11.9546,-0.2305,4.7695
-11.9546,0.2305,4.7695
-11.9546,-0.2305,5.2305
-11.9546,0.2305,5.2305
 0,182, 86
 0, 86,185
 4,183, 86
 4, 86,182
 5,184, 86
 5, 86,183
 1,185, 86
 1, 86,184
 1,184, 87
 1, 87,188
 5,186, 87
 5, 87,184
 6,187, 87
 6, 87,186
 2,188, 87
 2, 87,187
 2,187, 88
 2, 88,191
 6,189, 88
 6, 88,187
 7,190, 88
 7, 88,189
 3,191, 88
 3, 88,190
 4,192, 89
 4, 89,183
 8,193, 89
 8, 89,192
 9,194, 89
 9, 89,193
 5,183, 89
 5, 89,194
 6,195, 90
 6, 90,189
10,196, 90
10, 90,195
11,197, 90
11, 90,196
 7,189, 90
 7, 90,197
 8,198, 91
 8, 91,193
12,199, 91
12, 91,198
13,200, 91
13, 91,199
 9,193, 91
 9, 91,200
 9,200, 92
 9, 92,203
13,201, 92
13, 92,200
14,202, 92
14, 92,201
10,203, 92
10, 92,202
10,202, 93
10, 93,196
14,204, 93
14, 93,202
15,205, 93
15, 93,204
11,196, 93
11, 93,205
16,206, 94
16, 94,209
17,207, 94
17, 94,206
21,208, 94
21, 94,207
20,209, 94
20, 94,208
17,210, 95
17, 95,207
18,211, 95
18, 95,210
22,212, 95
22, 95,211
21,207, 95
21, 95,212
18,213, 96
18, 96,211
19,214, 96
19, 96,213
23,215, 96
23, 96,214
22,211, 96
22, 96,215
20,208, 97
20, 97,218
21,216, 97
21, 97,208
25,217, 97
25, 97,216
24,218, 97
24, 97,217
22,215, 98
22, 98,221
23,219, 98
23, 98,215
27,220, 98
27, 98,219
26,221, 98
26, 98,220
24,217, 99
24, 99,224
25,222, 99
25, 99,217
29,223, 99
29, 99,222
28,224, 99
28, 99,223
25,225,100
25,100,222
26,226,100
26,100,225
30,227,100
30,100,226
29,222,100
29,100,227
26,220,101
26,101,226
27,228,101
27,101,220
31,229,101
31,101,228
30,226,101
30,101,229
 0,185,102
 0,102,232
 1,230,102
 1,102,185
33,231,102
33,102,230
32,232,102
32,102,231
 1,188,103
 1,103,230
 2,233,103
 2,103,188
34,234,103
34,103,233
33,230,103
33,103,234
 2,191,104
 2,104,233
 3,235,104
 3,104,191
35,236,104
35,104,235
34,233,104
34,104,236
32,231,105
32,105,239
33,237,105
33,105,231
45,238,105
45,105,237
44,239,105
44,105,238
34,236,106
34,106,242
35,240,106
35,106,236
47,241,106
47,106,240
46,242,106
46,106,241
44,238,107
44,107,244
45,243,107
45,107,238
17,206,107
17,107,243
16,244,107
16,107,206
45,245,108
45,108,243
46,246,108
46,108,245
18,210,108
18,108,246
17,243,108
17,108,210
46,241,109
46,109,246
47,247,109
47,109,241
19,213,109
19,109,247
18,246,109
18,109,213
 3,190,110
 3,110,235
 7,248,110
 7,110,190
36,249,110
36,110,248
35,235,110
35,110,249
 7,197,111
 7,111,248
11,250,111
11,111,197
37,251,111
37,111,250
36,248,111
36,111,251
11,205,112
11,112,250
15,252,112
15,112,205
38,253,112
38,112,252
37,250,112
37,112,253
35,249,113
35,113,240
36,254,113
36,113,249
48,255,113
48,113,254
47,240,113
47,113,255
37,253,114
37,114,258
38,256,114
38,114,253
50,257,114
50,114,256
49,258,114
49,114,257
47,255,115
47,115,247
48,259,115
48,115,255
23,214,115
23,115,259
19,247,115
19,115,214
48,260,116
48,116,259
49,261,116
49,116,260
27,219,116
27,116,261
23,259,116
23,116,219
49,257,117
49,117,261
50,262,117
50,117,257
31,228,117
31,117,262
27,261,117
27,117,228
15,204,118
15,118,252
14,263,118
14,118,204
39,264,118
39,118,263
38,252,118
38,118,264
14,201,119
14,119,263
13,265,119
13,119,201
40,266,119
40,119,265
39,263,119
39,119,266
13,199,120
13,120,265
12,267,120
12,120,199
41,268,120
41,120,267
40,265,120
40,120,268
38,264,121
38,121,256
39,269,121
39,121,264
51,270,121
51,121,269
50,256,121
50,121,270
40,268,122
40,122,273
41,271,122
41,122,268
53,272,122
53,122,271
52,273,122
52,122,272
50,270,123
50,123,262
51,274,123
51,123,270
30,229,123
30,123,274
31,262,123
31,123,229
51,275,124
51,124,274
52,276,124
52,124,275
29,227,124
29,124,276
30,274,124
30,124,227
52,272,125
52,125,276
53,277,125
53,125,272
28,223,125
28,125,277
29,276,125
29,125,223
12,198,126
12,126,267
 8,278,126
 8,126,198
42,279,126
42,126,278
41,267,126
41,126,279
 8,192,127
 8,127,278
 4,280,127
 4,127,192
43,281,127
43,127,280
42,278,127
42,127,281
 4,182,128
 4,128,280
 0,232,128
 0,128,182
32,282,128
32,128,232
43,280,128
43,128,282
41,279,129
41,129,271
42,283,129
42,129,279
54,284,129
54,129,283
53,271,129
53,129,284
43,282,130
43,130,286
32,239,130
32,130,282
44,285,130
44,130,239
55,286,130
55,130,285
53,284,131
53,131,277
54,287,131
54,131,284
24,224,131
24,131,287
28,277,131
28,131,224
54,288,132
54,132,287
55,289,132
55,132,288
20,218,132
20,132,289
24,287,132
24,132,218
55,285,133
55,133,289
44,244,133
44,133,285
16,209,133
16,133,244
20,289,133
20,133,209
 6,186,134
 6,134,292
 5,290,134
 5,134,186
56,291,134
56,134,290
57,292,134
57,134,291
 5,194,135
 5,135,290
 9,293,135
 9,135,194
58,294,135
58,135,293
56,290,135
56,135,294
 9,203,136
 9,136,293
10,295,136
10,136,203
59,296,136
59,136,295
58,293,136
58,136,296
10,195,137
10,137,295
 6,292,137
 6,137,195
57,297,137
57,137,292
59,295,137
59,137,297
21,212,138
21,138,300
22,298,138
22,138,212
61,299,138
61,138,298
60,300,138
60,138,299
25,216,139
25,139,302
21,300,139
21,139,216
60,301,139
60,139,300
62,302,139
62,139,301
22,221,140
22,140,298
26,303,140
26,140,221
63,304,140
63,140,303
61,298,140
61,140,304
26,225,141
26,141,303
25,302,141
25,141,225
62,305,141
62,141,302
63,303,141
63,141,305
33,234,142
33,142,308
34,306,142
34,142,234
65,307,142
65,142,306
64,308,142
64,142,307
45,237,143
45,143,310
33,308,143
33,143,237
64,309,143
64,143,308
72,310,143
72,143,309
34,242,144
34,144,306
46,311,144
46,144,242
73,312,144
73,144,311
65,306,144
65,144,312
46,245,145
46,145,311
45,310,145
45,145,245
72,313,145
72,145,310
73,311,145
73,145,313
36,251,146
36,146,316
37,314,146
37,146,251
67,315,146
67,146,314
66,316,146
66,146,315
48,254,147
48,147,318
36,316,147
36,147,254
66,317,147
66,147,316
74,318,147
74,147,317
37,258,148
37,148,314
49,319,148
49,148,258
75,320,148
75,148,319
67,314,148
67,148,320
49,260,149
49,149,319
48,318,149
48,149,260
74,321,149
74,149,318
75,319,149
75,149,321
39,266,150
39,150,324
40,322,150
40,150,266
69,323,150
69,150,322
68,324,150
68,150,323
51,269,151
51,151,326
39,324,151
39,151,269
68,325,151
68,151,324
76,326,151
76,151,325
40,273,152
40,152,322
52,327,152
52,152,273
77,328,152
77,152,327
69,322,152
69,152,328
52,275,153
52,153,327
51,326,153
51,153,275
76,329,153
76,153,326
77,327,153
77,153,329
42,281,154
42,154,332
43,330,154
43,154,281
71,331,154
71,154,330
70,332,154
70,154,331
54,283,155
54,155,334
42,332,155
42,155,283
70,333,155
70,155,332
78,334,155
78,155,333
43,286,156
43,156,330
55,335,156
55,156,286
79,336,156
79,156,335
71,330,156
71,156,336
55,288,157
55,157,335
54,334,157
54,157,288
78,337,157
78,157,334
79,335,157
79,157,337
56,294,158
56,158,339
58,338,158
58,158,294
80,339,158
80,158,338
58,296,159
58,159,338
59,340,159
59,159,296
80,338,159
80,159,340
59,297,160
59,160,340
57,341,160
57,160,297
80,340,160
80,160,341
57,291,161
57,161,341
56,339,161
56,161,291
80,341,161
80,161,339
60,299,162
60,162,343
61,342,162
61,162,299
81,343,162
81,162,342
61,304,163
61,163,342
63,344,163
63,163,304
81,342,163
81,163,344
63,305,164
63,164,344
62,345,164
62,164,305
81,344,164
81,164,345
62,301,165
62,165,345
60,343,165
60,165,301
81,345,165
81,165,343
64,307,166
64,166,347
65,346,166
65,166,307
82,347,166
82,166,346
65,312,167
65,167,346
73,348,167
73,167,312
82,346,167
82,167,348
73,313,168
73,168,348
72,349,168
72,168,313
82,348,168
82,168,349
72,309,169
72,169,349
64,347,169
64,169,309
82,349,169
82,169,347
66,315,170
66,170,351
67,350,170
67,170,315
83,351,170
83,170,350
67,320,171
67,171,350
75,352,171
75,171,320
83,350,171
83,171,352
75,321,172
75,172,352
74,353,172
74,172,321
83,352,172
83,172,353
74,317,173
74,173,353
66,351,173
66,173,317
83,353,173
83,173,351
68,323,174
68,174,355
69,354,174
69,174,323
84,355,174
84,174,354
69,328,175
69,175,354
77,356,175
77,175,328
84,354,175
84,175,356
77,329,176
77,176,356
76,357,176
76,176,329
84,356,176
84,176,357
76,325,177
76,177,357
68,355,177
68,177,325
84,357,177
84,177,355
70,331,178
70,178,359
71,358,178
71,178,331
85,359,178
85,178,358
71,336,179
71,179,358
79,360,179
79,179,336
85,358,179
85,179,360
79,337,180
79,180,360
78,361,180
78,180,337
85,360,180
85,180,361
78,333,181
78,181,361
70,359,181
70,181,333
85,361,181
85,181,359